#
# There is insufficient memory for the Java Runtime Environment to continue.
# Native memory allocation (mmap) failed to map 55574528 bytes for G1 virtual space
# Possible reasons:
#   The system is out of physical RAM or swap space
#   The process is running with CompressedOops enabled, and the Java Heap may be blocking the growth of the native heap
# Possible solutions:
#   Reduce memory load on the system
#   Increase physical memory or swap space
#   Check if swap backing store is full
#   Decrease Java heap size (-Xmx/-Xms)
#   Decrease number of Java threads
#   Decrease Java thread stack sizes (-Xss)
#   Set larger code cache with -XX:ReservedCodeCacheSize=
#   JVM is running with Unscaled Compressed Oops mode in which the Java heap is
#     placed in the first 4GB address space. The Java Heap base address is the
#     maximum limit for the native heap growth. Please use -XX:HeapBaseMinAddress
#     to set the Java Heap base and to place the Java Heap above 4GB virtual address.
# This output file may be truncated or incomplete.
#
#  Out of Memory Error (os_windows.cpp:3552), pid=8344, tid=23920
#
# JRE version: Java(TM) SE Runtime Environment (17.0.9+11) (build 17.0.9+11-LTS-201)
# Java VM: Java HotSpot(TM) 64-Bit Server VM (17.0.9+11-LTS-201, mixed mode, sharing, tiered, compressed oops, compressed class ptrs, g1 gc, windows-amd64)
# No core dump will be written. Minidumps are not enabled by default on client versions of Windows
#

---------------  S U M M A R Y ------------

Command Line: -Dmaven.multiModuleProjectDirectory=C:\Users\KraftWork\Desktop\GitWorkSpace\Project_D\event -Djansi.passthrough=true -Dmaven.home=C:\Users\KraftWork\.m2\wrapper\dists\apache-maven-3.9.7-bin\3k9n615lchs6mp84v355m633uo\apache-maven-3.9.7 -Dclassworlds.conf=C:\Users\KraftWork\.m2\wrapper\dists\apache-maven-3.9.7-bin\3k9n615lchs6mp84v355m633uo\apache-maven-3.9.7\bin\m2.conf -Dmaven.ext.class.path=C:\Program Files\JetBrains\IntelliJ IDEA Community Edition 2024.1.1\plugins\maven\lib\maven-event-listener.jar -javaagent:C:\Program Files\JetBrains\IntelliJ IDEA Community Edition 2024.1.1\lib\idea_rt.jar=62251:C:\Program Files\JetBrains\IntelliJ IDEA Community Edition 2024.1.1\bin -Dfile.encoding=UTF-8 org.codehaus.classworlds.Launcher -Didea.version=2024.1.1 spring-boot:run

Host: Intel(R) Core(TM) i5-8250U CPU @ 1.60GHz, 8 cores, 7G,  Windows 11 , 64 bit Build 22621 (10.0.22621.3958)
Time: Fri Aug 16 16:35:21 2024 Myanmar Standard Time elapsed time: 10.457229 seconds (0d 0h 0m 10s)

---------------  T H R E A D  ---------------

Current thread (0x000001463dd3a260):  VMThread "VM Thread" [stack: 0x0000000100c00000,0x0000000100d00000] [id=23920]

Stack: [0x0000000100c00000,0x0000000100d00000]
Native frames: (J=compiled Java code, j=interpreted, Vv=VM code, C=native code)
V  [jvm.dll+0x678a4a]
V  [jvm.dll+0x7d9cfd]
V  [jvm.dll+0x7db60e]
V  [jvm.dll+0x7dbc73]
V  [jvm.dll+0x245e1f]
V  [jvm.dll+0x6758f9]
V  [jvm.dll+0x66a2a2]
V  [jvm.dll+0x303686]
V  [jvm.dll+0x30ac06]
V  [jvm.dll+0x35a48e]
V  [jvm.dll+0x35a6bf]
V  [jvm.dll+0x2da678]
V  [jvm.dll+0x2d8a85]
V  [jvm.dll+0x2d808c]
V  [jvm.dll+0x31b97b]
V  [jvm.dll+0x7e048b]
V  [jvm.dll+0x7e11c4]
V  [jvm.dll+0x7e16dd]
V  [jvm.dll+0x7e1ab4]
V  [jvm.dll+0x7e1b80]
V  [jvm.dll+0x78998a]
V  [jvm.dll+0x677875]
C  [ucrtbase.dll+0x29333]
C  [KERNEL32.DLL+0x1257d]
C  [ntdll.dll+0x5af28]

VM_Operation (0x00000001006fc210): G1CollectForAllocation, mode: safepoint, requested by thread 0x000001461fc386b0


---------------  P R O C E S S  ---------------

Threads class SMR info:
_java_thread_list=0x0000014604920500, length=15, elements={
0x000001461fc386b0, 0x000001463dd3de60, 0x000001463dd3ece0, 0x000001463dd547a0,
0x000001463dd56680, 0x000001463dd59050, 0x000001463dd59a10, 0x000001463dd6b460,
0x000001463dd6f290, 0x000001463dd81460, 0x000001463dd26ff0, 0x000001467f190030,
0x000001467f190510, 0x000001467f68dc10, 0x00000146040d54c0
}

Java Threads: ( => current thread )
  0x000001461fc386b0 JavaThread "main" [_thread_blocked, id=31160, stack(0x0000000100600000,0x0000000100700000)]
  0x000001463dd3de60 JavaThread "Reference Handler" daemon [_thread_blocked, id=25816, stack(0x0000000100d00000,0x0000000100e00000)]
  0x000001463dd3ece0 JavaThread "Finalizer" daemon [_thread_blocked, id=26128, stack(0x0000000100e00000,0x0000000100f00000)]
  0x000001463dd547a0 JavaThread "Signal Dispatcher" daemon [_thread_blocked, id=24496, stack(0x0000000100f00000,0x0000000101000000)]
  0x000001463dd56680 JavaThread "Attach Listener" daemon [_thread_blocked, id=47912, stack(0x0000000101000000,0x0000000101100000)]
  0x000001463dd59050 JavaThread "Service Thread" daemon [_thread_blocked, id=56028, stack(0x0000000101100000,0x0000000101200000)]
  0x000001463dd59a10 JavaThread "Monitor Deflation Thread" daemon [_thread_blocked, id=19084, stack(0x0000000101200000,0x0000000101300000)]
  0x000001463dd6b460 JavaThread "C2 CompilerThread0" daemon [_thread_in_native, id=57488, stack(0x0000000101300000,0x0000000101400000)]
  0x000001463dd6f290 JavaThread "C1 CompilerThread0" daemon [_thread_blocked, id=40112, stack(0x0000000101400000,0x0000000101500000)]
  0x000001463dd81460 JavaThread "Sweeper thread" daemon [_thread_blocked, id=34588, stack(0x0000000101500000,0x0000000101600000)]
  0x000001463dd26ff0 JavaThread "Common-Cleaner" daemon [_thread_blocked, id=43460, stack(0x0000000101600000,0x0000000101700000)]
  0x000001467f190030 JavaThread "Monitor Ctrl-Break" daemon [_thread_in_native, id=11664, stack(0x0000000101700000,0x0000000101800000)]
  0x000001467f190510 JavaThread "Notification Thread" daemon [_thread_blocked, id=44564, stack(0x0000000101800000,0x0000000101900000)]
  0x000001467f68dc10 JavaThread "C2 CompilerThread1" daemon [_thread_blocked, id=33392, stack(0x0000000101a00000,0x0000000101b00000)]
  0x00000146040d54c0 JavaThread "Thread-1" daemon [_thread_blocked, id=7132, stack(0x0000000102200000,0x0000000102300000)]

Other Threads:
=>0x000001463dd3a260 VMThread "VM Thread" [stack: 0x0000000100c00000,0x0000000100d00000] [id=23920]
  0x000001461fcb95e0 WatcherThread [stack: 0x0000000101900000,0x0000000101a00000] [id=60284]
  0x000001461fc93e30 GCTaskThread "GC Thread#0" [stack: 0x0000000100700000,0x0000000100800000] [id=46072]
  0x000001460426c8e0 GCTaskThread "GC Thread#1" [stack: 0x0000000101b00000,0x0000000101c00000] [id=32804]
  0x000001460403c920 GCTaskThread "GC Thread#2" [stack: 0x0000000101c00000,0x0000000101d00000] [id=24444]
  0x000001467f6f98b0 GCTaskThread "GC Thread#3" [stack: 0x0000000101d00000,0x0000000101e00000] [id=53400]
  0x000001467f8d1a20 GCTaskThread "GC Thread#4" [stack: 0x0000000101e00000,0x0000000101f00000] [id=40520]
  0x000001467f652870 GCTaskThread "GC Thread#5" [stack: 0x0000000101f00000,0x0000000102000000] [id=31636]
  0x000001467f932ca0 GCTaskThread "GC Thread#6" [stack: 0x0000000102000000,0x0000000102100000] [id=48704]
  0x000001467f9337f0 GCTaskThread "GC Thread#7" [stack: 0x0000000102100000,0x0000000102200000] [id=27576]
  0x000001461fca49c0 ConcurrentGCThread "G1 Main Marker" [stack: 0x0000000100800000,0x0000000100900000] [id=35580]
  0x000001461fca53d0 ConcurrentGCThread "G1 Conc#0" [stack: 0x0000000100900000,0x0000000100a00000] [id=43520]
  0x00000146044ccbf0 ConcurrentGCThread "G1 Conc#1" [stack: 0x0000000102300000,0x0000000102400000] [id=53808]
  0x000001463dbf24c0 ConcurrentGCThread "G1 Refine#0" [stack: 0x0000000100a00000,0x0000000100b00000] [id=16900]
  0x0000014604603eb0 ConcurrentGCThread "G1 Refine#1" [stack: 0x0000000102400000,0x0000000102500000] [id=57004]
  0x0000014605240690 ConcurrentGCThread "G1 Refine#2" [stack: 0x0000000102500000,0x0000000102600000] [id=43220]
  0x000001463dbf2ef0 ConcurrentGCThread "G1 Service" [stack: 0x0000000100b00000,0x0000000100c00000] [id=16200]

Threads with active compile tasks:
C2 CompilerThread0    10520 6310   !   4       jdk.internal.loader.BuiltinClassLoader::loadClassOrNull (143 bytes)
C2 CompilerThread1    10520 6523       4       java.net.URLStreamHandler::parseURL (1201 bytes)

VM state: at safepoint (normal execution)

VM Mutex/Monitor currently owned by a thread:  ([mutex/lock_event])
[0x000001461fc33eb0] Threads_lock - owner thread: 0x000001463dd3a260
[0x000001461fc344e0] Heap_lock - owner thread: 0x000001461fc386b0

Heap address: 0x0000000081e00000, size: 2018 MB, Compressed Oops mode: 32-bit

CDS archive(s) mapped at: [0x000001463e000000-0x000001463ebd0000-0x000001463ebd0000), size 12386304, SharedBaseAddress: 0x000001463e000000, ArchiveRelocationMode: 1.
Compressed class space mapped at: 0x000001463f000000-0x000001467f000000, reserved size: 1073741824
Narrow klass base: 0x000001463e000000, Narrow klass shift: 0, Narrow klass range: 0x100000000

GC Precious Log:
 CPUs: 8 total, 8 available
 Memory: 8070M
 Large Page Support: Disabled
 NUMA Support: Disabled
 Compressed Oops: Enabled (32-bit)
 Heap Region Size: 1M
 Heap Min Capacity: 8M
 Heap Initial Capacity: 128M
 Heap Max Capacity: 2018M
 Pre-touch: Disabled
 Parallel Workers: 8
 Concurrent Workers: 2
 Concurrent Refinement Workers: 8
 Periodic GC: Disabled

Heap:
 garbage-first heap   total 138240K, used 49320K [0x0000000081e00000, 0x0000000100000000)
  region size 1024K, 3 young (3072K), 3 survivors (3072K)
 Metaspace       used 32858K, committed 33152K, reserved 1114112K
  class space    used 3865K, committed 4032K, reserved 1048576K

Heap Regions: E=young(eden), S=young(survivor), O=old, HS=humongous(starts), HC=humongous(continues), CS=collection set, F=free, OA=open archive, CA=closed archive, TAMS=top-at-mark-start (previous, next)
|   0|0x0000000081e00000, 0x0000000081f00000, 0x0000000081f00000|100%| O|  |TAMS 0x0000000081f00000, 0x0000000081e00000| Untracked 
|   1|0x0000000081f00000, 0x0000000082000000, 0x0000000082000000|100%| O|  |TAMS 0x0000000082000000, 0x0000000081f00000| Untracked 
|   2|0x0000000082000000, 0x0000000082100000, 0x0000000082100000|100%| O|  |TAMS 0x0000000082100000, 0x0000000082000000| Untracked 
|   3|0x0000000082100000, 0x0000000082200000, 0x0000000082200000|100%| O|  |TAMS 0x0000000082200000, 0x0000000082100000| Untracked 
|   4|0x0000000082200000, 0x0000000082300000, 0x0000000082300000|100%|HS|  |TAMS 0x0000000082300000, 0x0000000082200000| Complete 
|   5|0x0000000082300000, 0x0000000082400000, 0x0000000082400000|100%|HC|  |TAMS 0x0000000082400000, 0x0000000082300000| Complete 
|   6|0x0000000082400000, 0x0000000082500000, 0x0000000082500000|100%| O|  |TAMS 0x0000000082400000, 0x0000000082400000| Untracked 
|   7|0x0000000082500000, 0x0000000082600000, 0x0000000082600000|100%| O|  |TAMS 0x0000000082500000, 0x0000000082500000| Untracked 
|   8|0x0000000082600000, 0x0000000082700000, 0x0000000082700000|100%| O|  |TAMS 0x0000000082600000, 0x0000000082600000| Untracked 
|   9|0x0000000082700000, 0x0000000082800000, 0x0000000082800000|100%| O|  |TAMS 0x0000000082700000, 0x0000000082700000| Untracked 
|  10|0x0000000082800000, 0x0000000082900000, 0x0000000082900000|100%|HS|  |TAMS 0x0000000082800000, 0x0000000082800000| Complete 
|  11|0x0000000082900000, 0x0000000082a00000, 0x0000000082a00000|100%|HS|  |TAMS 0x0000000082900000, 0x0000000082900000| Complete 
|  12|0x0000000082a00000, 0x0000000082b00000, 0x0000000082b00000|100%| O|  |TAMS 0x0000000082a00000, 0x0000000082a00000| Untracked 
|  13|0x0000000082b00000, 0x0000000082c00000, 0x0000000082c00000|100%| O|  |TAMS 0x0000000082b00000, 0x0000000082b00000| Untracked 
|  14|0x0000000082c00000, 0x0000000082d00000, 0x0000000082d00000|100%| O|  |TAMS 0x0000000082c00000, 0x0000000082c00000| Untracked 
|  15|0x0000000082d00000, 0x0000000082e00000, 0x0000000082e00000|100%| O|  |TAMS 0x0000000082d00000, 0x0000000082d00000| Untracked 
|  16|0x0000000082e00000, 0x0000000082f00000, 0x0000000082f00000|100%| O|  |TAMS 0x0000000082e00000, 0x0000000082e00000| Untracked 
|  17|0x0000000082f00000, 0x0000000083000000, 0x0000000083000000|100%| O|  |TAMS 0x0000000082f00000, 0x0000000082f00000| Untracked 
|  18|0x0000000083000000, 0x0000000083100000, 0x0000000083100000|100%| O|  |TAMS 0x0000000083000000, 0x0000000083000000| Untracked 
|  19|0x0000000083100000, 0x0000000083180200, 0x0000000083200000| 50%| O|  |TAMS 0x0000000083100000, 0x0000000083100000| Untracked 
|  20|0x0000000083200000, 0x0000000083200000, 0x0000000083300000|  0%| F|  |TAMS 0x0000000083200000, 0x0000000083200000| Untracked 
|  21|0x0000000083300000, 0x0000000083300000, 0x0000000083400000|  0%| F|  |TAMS 0x0000000083300000, 0x0000000083300000| Untracked 
|  22|0x0000000083400000, 0x0000000083400000, 0x0000000083500000|  0%| F|  |TAMS 0x0000000083400000, 0x0000000083400000| Untracked 
|  23|0x0000000083500000, 0x0000000083500000, 0x0000000083600000|  0%| F|  |TAMS 0x0000000083500000, 0x0000000083500000| Untracked 
|  24|0x0000000083600000, 0x0000000083700000, 0x0000000083700000|100%| O|  |TAMS 0x0000000083600000, 0x0000000083600000| Untracked 
|  25|0x0000000083700000, 0x0000000083800000, 0x0000000083800000|100%| O|  |TAMS 0x0000000083700000, 0x0000000083700000| Untracked 
|  26|0x0000000083800000, 0x0000000083900000, 0x0000000083900000|100%| O|  |TAMS 0x0000000083800000, 0x0000000083800000| Untracked 
|  27|0x0000000083900000, 0x0000000083a00000, 0x0000000083a00000|100%| O|  |TAMS 0x0000000083900000, 0x0000000083900000| Untracked 
|  28|0x0000000083a00000, 0x0000000083b00000, 0x0000000083b00000|100%| O|  |TAMS 0x0000000083a00000, 0x0000000083a00000| Untracked 
|  29|0x0000000083b00000, 0x0000000083c00000, 0x0000000083c00000|100%| O|  |TAMS 0x0000000083b00000, 0x0000000083b00000| Untracked 
|  30|0x0000000083c00000, 0x0000000083d00000, 0x0000000083d00000|100%| O|  |TAMS 0x0000000083c00000, 0x0000000083c00000| Untracked 
|  31|0x0000000083d00000, 0x0000000083e00000, 0x0000000083e00000|100%| O|  |TAMS 0x0000000083d00000, 0x0000000083d00000| Untracked 
|  32|0x0000000083e00000, 0x0000000083e00000, 0x0000000083f00000|  0%| F|  |TAMS 0x0000000083e00000, 0x0000000083e00000| Untracked 
|  33|0x0000000083f00000, 0x0000000083f00000, 0x0000000084000000|  0%| F|  |TAMS 0x0000000083f00000, 0x0000000083f00000| Untracked 
|  34|0x0000000084000000, 0x0000000084000000, 0x0000000084100000|  0%| F|  |TAMS 0x0000000084000000, 0x0000000084000000| Untracked 
|  35|0x0000000084100000, 0x0000000084100000, 0x0000000084200000|  0%| F|  |TAMS 0x0000000084100000, 0x0000000084100000| Untracked 
|  36|0x0000000084200000, 0x0000000084300000, 0x0000000084300000|100%|HS|  |TAMS 0x0000000084300000, 0x0000000084200000| Complete 
|  37|0x0000000084300000, 0x0000000084400000, 0x0000000084400000|100%|HC|  |TAMS 0x0000000084400000, 0x0000000084300000| Complete 
|  38|0x0000000084400000, 0x0000000084500000, 0x0000000084500000|100%| O|  |TAMS 0x0000000084500000, 0x0000000084400000| Untracked 
|  39|0x0000000084500000, 0x0000000084600000, 0x0000000084600000|100%| O|  |TAMS 0x0000000084600000, 0x0000000084500000| Untracked 
|  40|0x0000000084600000, 0x0000000084700000, 0x0000000084700000|100%| O|  |TAMS 0x0000000084700000, 0x0000000084600000| Untracked 
|  41|0x0000000084700000, 0x0000000084800000, 0x0000000084800000|100%| O|  |TAMS 0x0000000084800000, 0x0000000084700000| Untracked 
|  42|0x0000000084800000, 0x0000000084800000, 0x0000000084900000|  0%| F|  |TAMS 0x0000000084800000, 0x0000000084800000| Untracked 
|  43|0x0000000084900000, 0x0000000084900000, 0x0000000084a00000|  0%| F|  |TAMS 0x0000000084900000, 0x0000000084900000| Untracked 
|  44|0x0000000084a00000, 0x0000000084a00000, 0x0000000084b00000|  0%| F|  |TAMS 0x0000000084a00000, 0x0000000084a00000| Untracked 
|  45|0x0000000084b00000, 0x0000000084b00000, 0x0000000084c00000|  0%| F|  |TAMS 0x0000000084b00000, 0x0000000084b00000| Untracked 
|  46|0x0000000084c00000, 0x0000000084c00000, 0x0000000084d00000|  0%| F|  |TAMS 0x0000000084c00000, 0x0000000084c00000| Untracked 
|  47|0x0000000084d00000, 0x0000000084d00000, 0x0000000084e00000|  0%| F|  |TAMS 0x0000000084d00000, 0x0000000084d00000| Untracked 
|  48|0x0000000084e00000, 0x0000000084e00000, 0x0000000084f00000|  0%| F|  |TAMS 0x0000000084e00000, 0x0000000084e00000| Untracked 
|  49|0x0000000084f00000, 0x0000000084f00000, 0x0000000085000000|  0%| F|  |TAMS 0x0000000084f00000, 0x0000000084f00000| Untracked 
|  50|0x0000000085000000, 0x00000000850a9ed0, 0x0000000085100000| 66%| S|CS|TAMS 0x0000000085000000, 0x0000000085000000| Complete 
|  51|0x0000000085100000, 0x0000000085100000, 0x0000000085200000|  0%| F|  |TAMS 0x0000000085100000, 0x0000000085100000| Untracked 
|  52|0x0000000085200000, 0x0000000085300000, 0x0000000085300000|100%| O|  |TAMS 0x0000000085300000, 0x0000000085200000| Untracked 
|  53|0x0000000085300000, 0x0000000085400000, 0x0000000085400000|100%| O|  |TAMS 0x0000000085400000, 0x0000000085300000| Untracked 
|  54|0x0000000085400000, 0x0000000085500000, 0x0000000085500000|100%| O|  |TAMS 0x0000000085500000, 0x0000000085400000| Untracked 
|  55|0x0000000085500000, 0x0000000085600000, 0x0000000085600000|100%| O|  |TAMS 0x0000000085600000, 0x0000000085500000| Untracked 
|  56|0x0000000085600000, 0x0000000085700000, 0x0000000085700000|100%| O|  |TAMS 0x00000000856ab000, 0x0000000085600000| Untracked 
|  57|0x0000000085700000, 0x0000000085700000, 0x0000000085800000|  0%| F|  |TAMS 0x0000000085700000, 0x0000000085700000| Untracked 
|  58|0x0000000085800000, 0x0000000085800000, 0x0000000085900000|  0%| F|  |TAMS 0x0000000085800000, 0x0000000085800000| Untracked 
|  59|0x0000000085900000, 0x0000000085900000, 0x0000000085a00000|  0%| F|  |TAMS 0x0000000085900000, 0x0000000085900000| Untracked 
|  60|0x0000000085a00000, 0x0000000085b00000, 0x0000000085b00000|100%| S|CS|TAMS 0x0000000085a00000, 0x0000000085a00000| Complete 
|  61|0x0000000085b00000, 0x0000000085c00000, 0x0000000085c00000|100%| S|CS|TAMS 0x0000000085b00000, 0x0000000085b00000| Complete 
|  62|0x0000000085c00000, 0x0000000085c00000, 0x0000000085d00000|  0%| F|  |TAMS 0x0000000085c00000, 0x0000000085c00000| Untracked 
|  63|0x0000000085d00000, 0x0000000085d00000, 0x0000000085e00000|  0%| F|  |TAMS 0x0000000085d00000, 0x0000000085d00000| Untracked 
|  64|0x0000000085e00000, 0x0000000085e00000, 0x0000000085f00000|  0%| F|  |TAMS 0x0000000085e00000, 0x0000000085e00000| Untracked 
|  65|0x0000000085f00000, 0x0000000085f00000, 0x0000000086000000|  0%| F|  |TAMS 0x0000000085f00000, 0x0000000085f00000| Untracked 
|  66|0x0000000086000000, 0x0000000086000000, 0x0000000086100000|  0%| F|  |TAMS 0x0000000086000000, 0x0000000086000000| Untracked 
|  67|0x0000000086100000, 0x0000000086100000, 0x0000000086200000|  0%| F|  |TAMS 0x0000000086100000, 0x0000000086100000| Untracked 
|  68|0x0000000086200000, 0x0000000086200000, 0x0000000086300000|  0%| F|  |TAMS 0x0000000086200000, 0x0000000086200000| Untracked 
|  69|0x0000000086300000, 0x0000000086300000, 0x0000000086400000|  0%| F|  |TAMS 0x0000000086300000, 0x0000000086300000| Untracked 
|  70|0x0000000086400000, 0x0000000086400000, 0x0000000086500000|  0%| F|  |TAMS 0x0000000086400000, 0x0000000086400000| Untracked 
|  71|0x0000000086500000, 0x0000000086500000, 0x0000000086600000|  0%| F|  |TAMS 0x0000000086500000, 0x0000000086500000| Untracked 
|  72|0x0000000086600000, 0x0000000086600000, 0x0000000086700000|  0%| F|  |TAMS 0x0000000086600000, 0x0000000086600000| Untracked 
|  73|0x0000000086700000, 0x0000000086700000, 0x0000000086800000|  0%| F|  |TAMS 0x0000000086700000, 0x0000000086700000| Untracked 
|  74|0x0000000086800000, 0x0000000086800000, 0x0000000086900000|  0%| F|  |TAMS 0x0000000086800000, 0x0000000086800000| Untracked 
|  75|0x0000000086900000, 0x0000000086900000, 0x0000000086a00000|  0%| F|  |TAMS 0x0000000086900000, 0x0000000086900000| Untracked 
|  76|0x0000000086a00000, 0x0000000086a00000, 0x0000000086b00000|  0%| F|  |TAMS 0x0000000086a00000, 0x0000000086a00000| Untracked 
|  77|0x0000000086b00000, 0x0000000086b00000, 0x0000000086c00000|  0%| F|  |TAMS 0x0000000086b00000, 0x0000000086b00000| Untracked 
|  78|0x0000000086c00000, 0x0000000086c00000, 0x0000000086d00000|  0%| F|  |TAMS 0x0000000086c00000, 0x0000000086c00000| Untracked 
|  79|0x0000000086d00000, 0x0000000086d00000, 0x0000000086e00000|  0%| F|  |TAMS 0x0000000086d00000, 0x0000000086d00000| Untracked 
|  80|0x0000000086e00000, 0x0000000086e00000, 0x0000000086f00000|  0%| F|  |TAMS 0x0000000086e00000, 0x0000000086e00000| Untracked 
|  81|0x0000000086f00000, 0x0000000086f00000, 0x0000000087000000|  0%| F|  |TAMS 0x0000000086f00000, 0x0000000086f00000| Untracked 
|  82|0x0000000087000000, 0x0000000087000000, 0x0000000087100000|  0%| F|  |TAMS 0x0000000087000000, 0x0000000087000000| Untracked 
|  83|0x0000000087100000, 0x0000000087100000, 0x0000000087200000|  0%| F|  |TAMS 0x0000000087100000, 0x0000000087100000| Untracked 
|  84|0x0000000087200000, 0x0000000087200000, 0x0000000087300000|  0%| F|  |TAMS 0x0000000087200000, 0x0000000087200000| Untracked 
|  85|0x0000000087300000, 0x0000000087300000, 0x0000000087400000|  0%| F|  |TAMS 0x0000000087300000, 0x0000000087300000| Untracked 
|  86|0x0000000087400000, 0x0000000087400000, 0x0000000087500000|  0%| F|  |TAMS 0x0000000087400000, 0x0000000087400000| Untracked 
|  87|0x0000000087500000, 0x0000000087500000, 0x0000000087600000|  0%| F|  |TAMS 0x0000000087500000, 0x0000000087500000| Untracked 
|  88|0x0000000087600000, 0x0000000087600000, 0x0000000087700000|  0%| F|  |TAMS 0x0000000087600000, 0x0000000087600000| Untracked 
|  89|0x0000000087700000, 0x0000000087700000, 0x0000000087800000|  0%| F|  |TAMS 0x0000000087700000, 0x0000000087700000| Untracked 
|  90|0x0000000087800000, 0x0000000087800000, 0x0000000087900000|  0%| F|  |TAMS 0x0000000087800000, 0x0000000087800000| Untracked 
|  91|0x0000000087900000, 0x0000000087900000, 0x0000000087a00000|  0%| F|  |TAMS 0x0000000087900000, 0x0000000087900000| Untracked 
|  92|0x0000000087a00000, 0x0000000087a00000, 0x0000000087b00000|  0%| F|  |TAMS 0x0000000087a00000, 0x0000000087a00000| Untracked 
|  93|0x0000000087b00000, 0x0000000087b00000, 0x0000000087c00000|  0%| F|  |TAMS 0x0000000087b00000, 0x0000000087b00000| Untracked 
|  94|0x0000000087c00000, 0x0000000087c00000, 0x0000000087d00000|  0%| F|  |TAMS 0x0000000087c00000, 0x0000000087c00000| Untracked 
|  95|0x0000000087d00000, 0x0000000087d00000, 0x0000000087e00000|  0%| F|  |TAMS 0x0000000087d00000, 0x0000000087d00000| Untracked 
|  96|0x0000000087e00000, 0x0000000087e00000, 0x0000000087f00000|  0%| F|  |TAMS 0x0000000087e00000, 0x0000000087e00000| Untracked 
|  97|0x0000000087f00000, 0x0000000087f00000, 0x0000000088000000|  0%| F|  |TAMS 0x0000000087f00000, 0x0000000087f00000| Untracked 
|  98|0x0000000088000000, 0x0000000088000000, 0x0000000088100000|  0%| F|  |TAMS 0x0000000088000000, 0x0000000088000000| Untracked 
|  99|0x0000000088100000, 0x0000000088100000, 0x0000000088200000|  0%| F|  |TAMS 0x0000000088100000, 0x0000000088100000| Untracked 
| 100|0x0000000088200000, 0x0000000088200000, 0x0000000088300000|  0%| F|  |TAMS 0x0000000088200000, 0x0000000088200000| Untracked 
| 101|0x0000000088300000, 0x0000000088300000, 0x0000000088400000|  0%| F|  |TAMS 0x0000000088300000, 0x0000000088300000| Untracked 
| 102|0x0000000088400000, 0x0000000088400000, 0x0000000088500000|  0%| F|  |TAMS 0x0000000088400000, 0x0000000088400000| Untracked 
| 103|0x0000000088500000, 0x0000000088500000, 0x0000000088600000|  0%| F|  |TAMS 0x0000000088500000, 0x0000000088500000| Untracked 
| 104|0x0000000088600000, 0x0000000088600000, 0x0000000088700000|  0%| F|  |TAMS 0x0000000088600000, 0x0000000088600000| Untracked 
| 105|0x0000000088700000, 0x0000000088700000, 0x0000000088800000|  0%| F|  |TAMS 0x0000000088700000, 0x0000000088700000| Untracked 
| 106|0x0000000088800000, 0x0000000088800000, 0x0000000088900000|  0%| F|  |TAMS 0x0000000088800000, 0x0000000088800000| Untracked 
| 107|0x0000000088900000, 0x0000000088900000, 0x0000000088a00000|  0%| F|  |TAMS 0x0000000088900000, 0x0000000088900000| Untracked 
| 108|0x0000000088a00000, 0x0000000088a00000, 0x0000000088b00000|  0%| F|  |TAMS 0x0000000088a00000, 0x0000000088a00000| Untracked 
| 109|0x0000000088b00000, 0x0000000088b00000, 0x0000000088c00000|  0%| F|  |TAMS 0x0000000088b00000, 0x0000000088b00000| Untracked 
| 110|0x0000000088c00000, 0x0000000088c00000, 0x0000000088d00000|  0%| F|  |TAMS 0x0000000088c00000, 0x0000000088c00000| Untracked 
| 111|0x0000000088d00000, 0x0000000088d00000, 0x0000000088e00000|  0%| F|  |TAMS 0x0000000088d00000, 0x0000000088d00000| Untracked 
| 112|0x0000000088e00000, 0x0000000088e00000, 0x0000000088f00000|  0%| F|  |TAMS 0x0000000088e00000, 0x0000000088e00000| Untracked 
| 113|0x0000000088f00000, 0x0000000088f00000, 0x0000000089000000|  0%| F|  |TAMS 0x0000000088f00000, 0x0000000088f00000| Untracked 
| 114|0x0000000089000000, 0x0000000089000000, 0x0000000089100000|  0%| F|  |TAMS 0x0000000089000000, 0x0000000089000000| Untracked 
| 115|0x0000000089100000, 0x0000000089100000, 0x0000000089200000|  0%| F|  |TAMS 0x0000000089100000, 0x0000000089100000| Untracked 
| 116|0x0000000089200000, 0x0000000089200000, 0x0000000089300000|  0%| F|  |TAMS 0x0000000089200000, 0x0000000089200000| Untracked 
| 117|0x0000000089300000, 0x0000000089300000, 0x0000000089400000|  0%| F|  |TAMS 0x0000000089300000, 0x0000000089300000| Untracked 
| 118|0x0000000089400000, 0x0000000089400000, 0x0000000089500000|  0%| F|  |TAMS 0x0000000089400000, 0x0000000089400000| Untracked 
| 119|0x0000000089500000, 0x0000000089500000, 0x0000000089600000|  0%| F|  |TAMS 0x0000000089500000, 0x0000000089500000| Untracked 
| 120|0x0000000089600000, 0x0000000089600000, 0x0000000089700000|  0%| F|  |TAMS 0x0000000089600000, 0x0000000089600000| Untracked 
| 121|0x0000000089700000, 0x0000000089700000, 0x0000000089800000|  0%| F|  |TAMS 0x0000000089700000, 0x0000000089700000| Untracked 
| 122|0x0000000089800000, 0x0000000089800000, 0x0000000089900000|  0%| F|  |TAMS 0x0000000089800000, 0x0000000089800000| Untracked 
| 123|0x0000000089900000, 0x0000000089900000, 0x0000000089a00000|  0%| F|  |TAMS 0x0000000089900000, 0x0000000089900000| Untracked 
| 124|0x0000000089a00000, 0x0000000089a00000, 0x0000000089b00000|  0%| F|  |TAMS 0x0000000089a00000, 0x0000000089a00000| Untracked 
| 125|0x0000000089b00000, 0x0000000089b00000, 0x0000000089c00000|  0%| F|  |TAMS 0x0000000089b00000, 0x0000000089b00000| Untracked 
| 126|0x0000000089c00000, 0x0000000089c00000, 0x0000000089d00000|  0%| F|  |TAMS 0x0000000089c00000, 0x0000000089c00000| Untracked 
| 127|0x0000000089d00000, 0x0000000089d00000, 0x0000000089e00000|  0%| F|  |TAMS 0x0000000089d00000, 0x0000000089d00000| Untracked 
|2011|0x00000000ff900000, 0x00000000ffa00000, 0x00000000ffa00000|100%| O|  |TAMS 0x00000000ff900000, 0x00000000ff900000| Untracked 
|2012|0x00000000ffa00000, 0x00000000ffb00000, 0x00000000ffb00000|100%| O|  |TAMS 0x00000000ffa00000, 0x00000000ffa00000| Untracked 
|2013|0x00000000ffb00000, 0x00000000ffc00000, 0x00000000ffc00000|100%| O|  |TAMS 0x00000000ffb00000, 0x00000000ffb00000| Untracked 
|2014|0x00000000ffc00000, 0x00000000ffd00000, 0x00000000ffd00000|100%| O|  |TAMS 0x00000000ffc00000, 0x00000000ffc00000| Untracked 
|2015|0x00000000ffd00000, 0x00000000ffe00000, 0x00000000ffe00000|100%| O|  |TAMS 0x00000000ffd00000, 0x00000000ffd00000| Untracked 
|2016|0x00000000ffe00000, 0x00000000fff00000, 0x00000000fff00000|100%| O|  |TAMS 0x00000000ffe00000, 0x00000000ffe00000| Untracked 
|2017|0x00000000fff00000, 0x0000000100000000, 0x0000000100000000|100%| O|  |TAMS 0x00000000fff00000, 0x00000000fff00000| Untracked 

Card table byte_map: [0x0000014636c00000,0x0000014637000000] _byte_map_base: 0x00000146367f1000

Marking Bits (Prev, Next): (CMBitMap*) 0x000001461fc94490, (CMBitMap*) 0x000001461fc94450
 Prev Bits: [0x0000014639390000, 0x000001463b318000)
 Next Bits: [0x0000014637400000, 0x0000014639388000)

Polling page: 0x000001461f400000

Metaspace:

Usage:
  Non-class:     28.31 MB used.
      Class:      3.78 MB used.
       Both:     32.09 MB used.

Virtual space:
  Non-class space:       64.00 MB reserved,      28.44 MB ( 44%) committed,  1 nodes.
      Class space:        1.00 GB reserved,       3.94 MB ( <1%) committed,  1 nodes.
             Both:        1.06 GB reserved,      32.38 MB (  3%) committed. 

Chunk freelists:
   Non-Class:  3.38 MB
       Class:  12.09 MB
        Both:  15.47 MB

MaxMetaspaceSize: unlimited
CompressedClassSpaceSize: 1.00 GB
Initial GC threshold: 21.00 MB
Current GC threshold: 35.56 MB
CDS: on
MetaspaceReclaimPolicy: balanced
 - commit_granule_bytes: 65536.
 - commit_granule_words: 8192.
 - virtual_space_node_default_size: 8388608.
 - enlarge_chunks_in_place: 1.
 - new_chunks_are_fully_committed: 0.
 - uncommit_free_chunks: 1.
 - use_allocation_guard: 0.
 - handle_deallocations: 1.


Internal statistics:

num_allocs_failed_limit: 3.
num_arena_births: 172.
num_arena_deaths: 0.
num_vsnodes_births: 2.
num_vsnodes_deaths: 0.
num_space_committed: 517.
num_space_uncommitted: 0.
num_chunks_returned_to_freelist: 3.
num_chunks_taken_from_freelist: 1311.
num_chunk_merges: 3.
num_chunk_splits: 957.
num_chunks_enlarged: 764.
num_inconsistent_stats: 0.

CodeHeap 'non-profiled nmethods': size=120000Kb used=2694Kb max_used=2934Kb free=117305Kb
 bounds [0x000001462efa0000, 0x000001462f2a0000, 0x00000146364d0000]
CodeHeap 'profiled nmethods': size=120000Kb used=11794Kb max_used=12976Kb free=108205Kb
 bounds [0x00000146274d0000, 0x00000146281b0000, 0x000001462ea00000]
CodeHeap 'non-nmethods': size=5760Kb used=1230Kb max_used=1352Kb free=4529Kb
 bounds [0x000001462ea00000, 0x000001462ec70000, 0x000001462efa0000]
 total_blobs=6136 nmethods=5597 adapters=451
 compilation: enabled
              stopped_count=0, restarted_count=0
 full_count=0

Compilation events (20 events):
Event: 10.390 Thread 0x000001467f68dc10 nmethod 6339 0x000001462f011e90 code [0x000001462f012000, 0x000001462f0120f8]
Event: 10.390 Thread 0x000001467f68dc10 6380       4       java.lang.reflect.Method::getParameterCount (6 bytes)
Event: 10.390 Thread 0x000001467f68dc10 nmethod 6380 0x000001462f011a90 code [0x000001462f011c00, 0x000001462f011c98]
Event: 10.390 Thread 0x000001467f68dc10 6489       4       sun.text.ComposedCharIter::decomposition (9 bytes)
Event: 10.391 Thread 0x000001467f68dc10 nmethod 6489 0x000001462f069d90 code [0x000001462f069f00, 0x000001462f069fb8]
Event: 10.391 Thread 0x000001467f68dc10 6397       4       java.util.Collections$UnmodifiableMap$UnmodifiableEntrySet$UnmodifiableEntry::<init> (16 bytes)
Event: 10.393 Thread 0x000001467f68dc10 nmethod 6397 0x000001462f069990 code [0x000001462f069b00, 0x000001462f069cd8]
Event: 10.393 Thread 0x000001467f68dc10 6399       4       java.util.Collections$UnmodifiableMap$UnmodifiableEntrySet$1::next (20 bytes)
Event: 10.406 Thread 0x000001467f68dc10 nmethod 6399 0x000001462f234910 code [0x000001462f234ac0, 0x000001462f2351e8]
Event: 10.406 Thread 0x000001467f68dc10 6520       4       jdk.internal.loader.URLClassPath$JarLoader::findResource (18 bytes)
Event: 10.407 Thread 0x000001467f68dc10 nmethod 6520 0x000001462f234310 code [0x000001462f2344a0, 0x000001462f234588]
Event: 10.407 Thread 0x000001467f68dc10 6521       4       java.lang.String::charAt (25 bytes)
Event: 10.407 Thread 0x000001463dd6f290 6522       3       jdk.internal.loader.URLClassPath$FileLoader::findResource (18 bytes)
Event: 10.408 Thread 0x000001463dd6f290 nmethod 6522 0x0000014627f8c510 code [0x0000014627f8c6c0, 0x0000014627f8c938]
Event: 10.410 Thread 0x000001467f68dc10 nmethod 6521 0x000001462f069590 code [0x000001462f069700, 0x000001462f0697f8]
Event: 10.421 Thread 0x000001467f68dc10 6523       4       java.net.URLStreamHandler::parseURL (1201 bytes)
Event: 10.430 Thread 0x000001463dd6f290 6524       3       jdk.internal.reflect.UnsafeFieldAccessorImpl::ensureObj (23 bytes)
Event: 10.430 Thread 0x000001463dd6f290 nmethod 6524 0x0000014627f77b10 code [0x0000014627f77d00, 0x0000014627f78208]
Event: 10.433 Thread 0x000001463dd6f290 6525       3       jdk.internal.module.SystemModuleFinders$SystemModuleReader::containsImageLocation (42 bytes)
Event: 10.434 Thread 0x000001463dd6f290 nmethod 6525 0x000001462813ed10 code [0x000001462813ef20, 0x000001462813f5d8]

GC Heap History (17 events):
Event: 1.192 GC heap before
{Heap before GC invocations=0 (full 0):
 garbage-first heap   total 131072K, used 22528K [0x0000000081e00000, 0x0000000100000000)
  region size 1024K, 23 young (23552K), 0 survivors (0K)
 Metaspace       used 5729K, committed 5888K, reserved 1114112K
  class space    used 670K, committed 768K, reserved 1048576K
}
Event: 1.201 GC heap after
{Heap after GC invocations=1 (full 0):
 garbage-first heap   total 131072K, used 3733K [0x0000000081e00000, 0x0000000100000000)
  region size 1024K, 3 young (3072K), 3 survivors (3072K)
 Metaspace       used 5729K, committed 5888K, reserved 1114112K
  class space    used 670K, committed 768K, reserved 1048576K
}
Event: 2.093 GC heap before
{Heap before GC invocations=1 (full 0):
 garbage-first heap   total 131072K, used 35477K [0x0000000081e00000, 0x0000000100000000)
  region size 1024K, 34 young (34816K), 3 survivors (3072K)
 Metaspace       used 9178K, committed 9408K, reserved 1114112K
  class space    used 1080K, committed 1216K, reserved 1048576K
}
Event: 2.099 GC heap after
{Heap after GC invocations=2 (full 0):
 garbage-first heap   total 131072K, used 5599K [0x0000000081e00000, 0x0000000100000000)
  region size 1024K, 2 young (2048K), 2 survivors (2048K)
 Metaspace       used 9178K, committed 9408K, reserved 1114112K
  class space    used 1080K, committed 1216K, reserved 1048576K
}
Event: 4.596 GC heap before
{Heap before GC invocations=2 (full 0):
 garbage-first heap   total 131072K, used 80351K [0x0000000081e00000, 0x0000000100000000)
  region size 1024K, 76 young (77824K), 2 survivors (2048K)
 Metaspace       used 16254K, committed 16512K, reserved 1114112K
  class space    used 1917K, committed 2048K, reserved 1048576K
}
Event: 4.620 GC heap after
{Heap after GC invocations=3 (full 0):
 garbage-first heap   total 131072K, used 13936K [0x0000000081e00000, 0x0000000100000000)
  region size 1024K, 10 young (10240K), 10 survivors (10240K)
 Metaspace       used 16254K, committed 16512K, reserved 1114112K
  class space    used 1917K, committed 2048K, reserved 1048576K
}
Event: 6.752 GC heap before
{Heap before GC invocations=3 (full 0):
 garbage-first heap   total 131072K, used 112240K [0x0000000081e00000, 0x0000000100000000)
  region size 1024K, 73 young (74752K), 10 survivors (10240K)
 Metaspace       used 20374K, committed 20672K, reserved 1114112K
  class space    used 2349K, committed 2496K, reserved 1048576K
}
Event: 6.777 GC heap after
{Heap after GC invocations=4 (full 0):
 garbage-first heap   total 131072K, used 21676K [0x0000000081e00000, 0x0000000100000000)
  region size 1024K, 7 young (7168K), 7 survivors (7168K)
 Metaspace       used 20374K, committed 20672K, reserved 1114112K
  class space    used 2349K, committed 2496K, reserved 1048576K
}
Event: 6.913 GC heap before
{Heap before GC invocations=4 (full 0):
 garbage-first heap   total 131072K, used 28844K [0x0000000081e00000, 0x0000000100000000)
  region size 1024K, 13 young (13312K), 7 survivors (7168K)
 Metaspace       used 21267K, committed 21504K, reserved 1114112K
  class space    used 2496K, committed 2624K, reserved 1048576K
}
Event: 6.925 GC heap after
{Heap after GC invocations=5 (full 0):
 garbage-first heap   total 131072K, used 24438K [0x0000000081e00000, 0x0000000100000000)
  region size 1024K, 4 young (4096K), 4 survivors (4096K)
 Metaspace       used 21267K, committed 21504K, reserved 1114112K
  class space    used 2496K, committed 2624K, reserved 1048576K
}
Event: 8.637 GC heap before
{Heap before GC invocations=6 (full 0):
 garbage-first heap   total 89088K, used 74614K [0x0000000081e00000, 0x0000000100000000)
  region size 1024K, 52 young (53248K), 4 survivors (4096K)
 Metaspace       used 26596K, committed 26880K, reserved 1114112K
  class space    used 3061K, committed 3200K, reserved 1048576K
}
Event: 8.676 GC heap after
{Heap after GC invocations=7 (full 0):
 garbage-first heap   total 96256K, used 42266K [0x0000000081e00000, 0x0000000100000000)
  region size 1024K, 7 young (7168K), 7 survivors (7168K)
 Metaspace       used 26596K, committed 26880K, reserved 1114112K
  class space    used 3061K, committed 3200K, reserved 1048576K
}
Event: 8.711 GC heap before
{Heap before GC invocations=7 (full 0):
 garbage-first heap   total 96256K, used 43290K [0x0000000081e00000, 0x0000000100000000)
  region size 1024K, 8 young (8192K), 7 survivors (7168K)
 Metaspace       used 26641K, committed 26944K, reserved 1114112K
  class space    used 3061K, committed 3200K, reserved 1048576K
}
Event: 8.727 GC heap after
{Heap after GC invocations=8 (full 0):
 garbage-first heap   total 96256K, used 43520K [0x0000000081e00000, 0x0000000100000000)
  region size 1024K, 1 young (1024K), 1 survivors (1024K)
 Metaspace       used 26641K, committed 26944K, reserved 1114112K
  class space    used 3061K, committed 3200K, reserved 1048576K
}
Event: 9.455 GC heap before
{Heap before GC invocations=8 (full 0):
 garbage-first heap   total 96256K, used 70144K [0x0000000081e00000, 0x0000000100000000)
  region size 1024K, 27 young (27648K), 1 survivors (1024K)
 Metaspace       used 28660K, committed 28992K, reserved 1114112K
  class space    used 3302K, committed 3456K, reserved 1048576K
}
Event: 9.466 GC heap after
{Heap after GC invocations=9 (full 0):
 garbage-first heap   total 96256K, used 46592K [0x0000000081e00000, 0x0000000100000000)
  region size 1024K, 4 young (4096K), 4 survivors (4096K)
 Metaspace       used 28660K, committed 28992K, reserved 1114112K
  class space    used 3302K, committed 3456K, reserved 1048576K
}
Event: 10.442 GC heap before
{Heap before GC invocations=9 (full 0):
 garbage-first heap   total 96256K, used 71168K [0x0000000081e00000, 0x0000000100000000)
  region size 1024K, 29 young (29696K), 4 survivors (4096K)
 Metaspace       used 32858K, committed 33152K, reserved 1114112K
  class space    used 3865K, committed 4032K, reserved 1048576K
}

Deoptimization events (20 events):
Event: 10.264 Thread 0x000001461fc386b0 Uncommon trap: trap_request=0xffffff45 fr.pc=0x000001462f0aaa38 relative=0x0000000000000038
Event: 10.264 Thread 0x000001461fc386b0 Uncommon trap: reason=unstable_if action=reinterpret pc=0x000001462f0aaa38 method=java.lang.Character.isHighSurrogate(C)Z @ 3 c2
Event: 10.264 Thread 0x000001461fc386b0 DEOPT PACKING pc=0x000001462f0aaa38 sp=0x00000001006fb820
Event: 10.264 Thread 0x000001461fc386b0 DEOPT UNPACKING pc=0x000001462ea523a3 sp=0x00000001006fb7b8 mode 2
Event: 10.264 Thread 0x000001461fc386b0 Uncommon trap: trap_request=0xffffff45 fr.pc=0x000001462efadd78 relative=0x0000000000000078
Event: 10.264 Thread 0x000001461fc386b0 Uncommon trap: reason=unstable_if action=reinterpret pc=0x000001462efadd78 method=java.lang.String.isLatin1()Z @ 10 c2
Event: 10.264 Thread 0x000001461fc386b0 DEOPT PACKING pc=0x000001462efadd78 sp=0x00000001006fb8a0
Event: 10.264 Thread 0x000001461fc386b0 DEOPT UNPACKING pc=0x000001462ea523a3 sp=0x00000001006fb7e0 mode 2
Event: 10.265 Thread 0x000001461fc386b0 Uncommon trap: trap_request=0xffffff45 fr.pc=0x000001462efb1c90 relative=0x0000000000000190
Event: 10.265 Thread 0x000001461fc386b0 Uncommon trap: reason=unstable_if action=reinterpret pc=0x000001462efb1c90 method=java.lang.String.equals(Ljava/lang/Object;)Z @ 33 c2
Event: 10.265 Thread 0x000001461fc386b0 DEOPT PACKING pc=0x000001462efb1c90 sp=0x00000001006fb890
Event: 10.265 Thread 0x000001461fc386b0 DEOPT UNPACKING pc=0x000001462ea523a3 sp=0x00000001006fb830 mode 2
Event: 10.412 Thread 0x000001461fc386b0 Uncommon trap: trap_request=0xffffff45 fr.pc=0x000001462f0fab48 relative=0x00000000000008c8
Event: 10.412 Thread 0x000001461fc386b0 Uncommon trap: reason=unstable_if action=reinterpret pc=0x000001462f0fab48 method=java.util.HashMap.hash(Ljava/lang/Object;)I @ 1 c2
Event: 10.412 Thread 0x000001461fc386b0 DEOPT PACKING pc=0x000001462f0fab48 sp=0x00000001006fb9a0
Event: 10.412 Thread 0x000001461fc386b0 DEOPT UNPACKING pc=0x000001462ea523a3 sp=0x00000001006fb7e8 mode 2
Event: 10.431 Thread 0x000001461fc386b0 Uncommon trap: trap_request=0xffffff45 fr.pc=0x000001462f219a08 relative=0x0000000000002ae8
Event: 10.431 Thread 0x000001461fc386b0 Uncommon trap: reason=unstable_if action=reinterpret pc=0x000001462f219a08 method=jdk.internal.jimage.ImageStringsReader.stringFromByteBufferMatches(Ljava/nio/ByteBuffer;ILjava/lang/String;I)I @ 48 c2
Event: 10.431 Thread 0x000001461fc386b0 DEOPT PACKING pc=0x000001462f219a08 sp=0x00000001006fbdf0
Event: 10.431 Thread 0x000001461fc386b0 DEOPT UNPACKING pc=0x000001462ea523a3 sp=0x00000001006fb9d8 mode 2

Classes unloaded (0 events):
No events

Classes redefined (0 events):
No events

Internal exceptions (20 events):
Event: 10.202 Thread 0x000001461fc386b0 Exception <a 'java/lang/ClassNotFoundException'{0x0000000086072b98}: org/mapstruct/ap/internal/model/NormalTypeMappingMethodBeanInfo> (0x0000000086072b98) 
thrown [s\open\src\hotspot\share\classfile\systemDictionary.cpp, line 256]
Event: 10.202 Thread 0x000001461fc386b0 Exception <a 'java/lang/ClassNotFoundException'{0x000000008607bb68}: org/mapstruct/ap/internal/model/MappingMethodBeanInfo> (0x000000008607bb68) 
thrown [s\open\src\hotspot\share\classfile\systemDictionary.cpp, line 256]
Event: 10.203 Thread 0x000001461fc386b0 Exception <a 'java/lang/ClassNotFoundException'{0x0000000086085170}: org/mapstruct/ap/internal/model/GeneratedTypeMethodBeanInfo> (0x0000000086085170) 
thrown [s\open\src\hotspot\share\classfile\systemDictionary.cpp, line 256]
Event: 10.203 Thread 0x000001461fc386b0 Exception <a 'java/lang/ClassNotFoundException'{0x000000008608e520}: org/mapstruct/ap/internal/model/GeneratedTypeMethodCustomizer> (0x000000008608e520) 
thrown [s\open\src\hotspot\share\classfile\systemDictionary.cpp, line 256]
Event: 10.204 Thread 0x000001461fc386b0 Exception <a 'java/lang/ClassNotFoundException'{0x0000000086099498}: org/mapstruct/ap/internal/model/MappingMethodCustomizer> (0x0000000086099498) 
thrown [s\open\src\hotspot\share\classfile\systemDictionary.cpp, line 256]
Event: 10.206 Thread 0x000001461fc386b0 Exception <a 'java/lang/ClassNotFoundException'{0x00000000860bc8a8}: org/mapstruct/ap/internal/model/NormalTypeMappingMethodCustomizer> (0x00000000860bc8a8) 
thrown [s\open\src\hotspot\share\classfile\systemDictionary.cpp, line 256]
Event: 10.208 Thread 0x000001461fc386b0 Exception <a 'java/lang/ClassNotFoundException'{0x00000000860d21e0}: org/mapstruct/ap/internal/model/BeanMappingMethodCustomizer> (0x00000000860d21e0) 
thrown [s\open\src\hotspot\share\classfile\systemDictionary.cpp, line 256]
Event: 10.235 Thread 0x000001461fc386b0 Exception <a 'java/lang/ClassNotFoundException'{0x0000000085f61228}: org/mapstruct/ap/internal/model/common/ParameterBeanInfo> (0x0000000085f61228) 
thrown [s\open\src\hotspot\share\classfile\systemDictionary.cpp, line 256]
Event: 10.235 Thread 0x000001461fc386b0 Exception <a 'java/lang/ClassNotFoundException'{0x0000000085f6a600}: org/mapstruct/ap/internal/model/common/ParameterCustomizer> (0x0000000085f6a600) 
thrown [s\open\src\hotspot\share\classfile\systemDictionary.cpp, line 256]
Event: 10.241 Thread 0x000001461fc386b0 Exception <a 'java/lang/ClassNotFoundException'{0x0000000085fb1700}: java/util/LinkedHashMap$LinkedValuesBeanInfo> (0x0000000085fb1700) 
thrown [s\open\src\hotspot\share\classfile\systemDictionary.cpp, line 256]
Event: 10.241 Thread 0x000001461fc386b0 Exception <a 'java/lang/ClassNotFoundException'{0x0000000085fb7668}: java/util/LinkedHashMap$LinkedValuesCustomizer> (0x0000000085fb7668) 
thrown [s\open\src\hotspot\share\classfile\systemDictionary.cpp, line 256]
Event: 10.242 Thread 0x000001461fc386b0 Exception <a 'java/lang/ClassNotFoundException'{0x0000000085fca8f0}: java/util/LinkedHashMap$LinkedValueIteratorBeanInfo> (0x0000000085fca8f0) 
thrown [s\open\src\hotspot\share\classfile\systemDictionary.cpp, line 256]
Event: 10.243 Thread 0x000001461fc386b0 Exception <a 'java/lang/ClassNotFoundException'{0x0000000085fd0928}: java/util/LinkedHashMap$LinkedHashIteratorBeanInfo> (0x0000000085fd0928) 
thrown [s\open\src\hotspot\share\classfile\systemDictionary.cpp, line 256]
Event: 10.243 Thread 0x000001461fc386b0 Exception <a 'java/lang/ClassNotFoundException'{0x0000000085fd68e0}: java/util/LinkedHashMap$LinkedHashIteratorCustomizer> (0x0000000085fd68e0) 
thrown [s\open\src\hotspot\share\classfile\systemDictionary.cpp, line 256]
Event: 10.244 Thread 0x000001461fc386b0 Exception <a 'java/lang/ClassNotFoundException'{0x0000000085fe02d0}: java/util/LinkedHashMap$LinkedValueIteratorCustomizer> (0x0000000085fe02d0) 
thrown [s\open\src\hotspot\share\classfile\systemDictionary.cpp, line 256]
Event: 10.245 Thread 0x000001461fc386b0 Exception <a 'java/lang/ClassNotFoundException'{0x0000000085feeb90}: org/mapstruct/ap/internal/model/presence/NullPresenceCheckBeanInfo> (0x0000000085feeb90) 
thrown [s\open\src\hotspot\share\classfile\systemDictionary.cpp, line 256]
Event: 10.245 Thread 0x000001461fc386b0 Exception <a 'java/lang/ClassNotFoundException'{0x0000000085ff8138}: org/mapstruct/ap/internal/model/presence/NullPresenceCheckCustomizer> (0x0000000085ff8138) 
thrown [s\open\src\hotspot\share\classfile\systemDictionary.cpp, line 256]
Event: 10.294 Thread 0x000001461fc386b0 Exception <a 'java/lang/ClassNotFoundException'{0x0000000085ecccb8}: java/util/Collections$EmptyIteratorBeanInfo> (0x0000000085ecccb8) 
thrown [s\open\src\hotspot\share\classfile\systemDictionary.cpp, line 256]
Event: 10.294 Thread 0x000001461fc386b0 Exception <a 'java/lang/ClassNotFoundException'{0x0000000085ed2c10}: java/util/Collections$EmptyIteratorCustomizer> (0x0000000085ed2c10) 
thrown [s\open\src\hotspot\share\classfile\systemDictionary.cpp, line 256]
Event: 10.412 Thread 0x000001461fc386b0 Implicit null exception at 0x000001462f0fa2ef to 0x000001462f0fab28

VM Operations (20 events):
Event: 9.128 Executing VM operation: ICBufferFull done
Event: 9.136 Executing VM operation: HandshakeAllThreads
Event: 9.136 Executing VM operation: HandshakeAllThreads done
Event: 9.161 Executing VM operation: HandshakeAllThreads
Event: 9.161 Executing VM operation: HandshakeAllThreads done
Event: 9.281 Executing VM operation: HandshakeAllThreads
Event: 9.281 Executing VM operation: HandshakeAllThreads done
Event: 9.430 Executing VM operation: HandshakeAllThreads
Event: 9.430 Executing VM operation: HandshakeAllThreads done
Event: 9.455 Executing VM operation: G1CollectForAllocation
Event: 9.466 Executing VM operation: G1CollectForAllocation done
Event: 9.554 Executing VM operation: HandshakeAllThreads
Event: 9.554 Executing VM operation: HandshakeAllThreads done
Event: 10.121 Executing VM operation: HandshakeAllThreads
Event: 10.121 Executing VM operation: HandshakeAllThreads done
Event: 10.260 Executing VM operation: HandshakeAllThreads
Event: 10.260 Executing VM operation: HandshakeAllThreads done
Event: 10.261 Executing VM operation: HandshakeAllThreads
Event: 10.261 Executing VM operation: HandshakeAllThreads done
Event: 10.441 Executing VM operation: G1CollectForAllocation

Events (20 events):
Event: 10.294 loading class java/util/Collections$EmptyIteratorCustomizer
Event: 10.294 loading class java/util/Collections$EmptyIteratorCustomizer done
Event: 10.306 loading class java/net/URLDecoder
Event: 10.307 loading class java/net/URLDecoder done
Event: 10.307 loading class java/net/URLEncoder
Event: 10.307 loading class java/net/URLEncoder done
Event: 10.309 loading class java/util/WeakHashMap$EntrySet
Event: 10.309 loading class java/util/WeakHashMap$EntrySet done
Event: 10.309 loading class java/util/WeakHashMap$EntryIterator
Event: 10.309 loading class java/util/WeakHashMap$HashIterator
Event: 10.310 loading class java/util/WeakHashMap$HashIterator done
Event: 10.310 loading class java/util/WeakHashMap$EntryIterator done
Event: 10.341 loading class jdk/internal/module/IllegalAccessLogger
Event: 10.341 loading class jdk/internal/module/IllegalAccessLogger done
Event: 10.424 loading class java/lang/LayerInstantiationException
Event: 10.424 loading class java/lang/LayerInstantiationException done
Event: 10.424 loading class jdk/internal/loader/Loader
Event: 10.425 loading class jdk/internal/loader/Loader done
Event: 10.426 loading class java/lang/Class$EnclosingMethodInfo
Event: 10.426 loading class java/lang/Class$EnclosingMethodInfo done


Dynamic libraries:
0x00007ff644630000 - 0x00007ff644640000 	C:\Users\KraftWork\Desktop\jdk-17.0.9\bin\java.exe
0x00007ffeef830000 - 0x00007ffeefa47000 	C:\WINDOWS\SYSTEM32\ntdll.dll
0x00007ffeef070000 - 0x00007ffeef134000 	C:\WINDOWS\System32\KERNEL32.DLL
0x00007ffeecb50000 - 0x00007ffeecefd000 	C:\WINDOWS\System32\KERNELBASE.dll
0x00007ffeed1e0000 - 0x00007ffeed2f1000 	C:\WINDOWS\System32\ucrtbase.dll
0x00007ffed4300000 - 0x00007ffed431b000 	C:\Users\KraftWork\Desktop\jdk-17.0.9\bin\VCRUNTIME140.dll
0x00007ffed4320000 - 0x00007ffed4339000 	C:\Users\KraftWork\Desktop\jdk-17.0.9\bin\jli.dll
0x00007ffeef490000 - 0x00007ffeef542000 	C:\WINDOWS\System32\ADVAPI32.dll
0x00007ffeedc90000 - 0x00007ffeedd37000 	C:\WINDOWS\System32\msvcrt.dll
0x00007ffeedab0000 - 0x00007ffeedb59000 	C:\WINDOWS\System32\sechost.dll
0x00007ffeecf00000 - 0x00007ffeecf28000 	C:\WINDOWS\System32\bcrypt.dll
0x00007ffeef550000 - 0x00007ffeef664000 	C:\WINDOWS\System32\RPCRT4.dll
0x00007ffeedf00000 - 0x00007ffeee0ae000 	C:\WINDOWS\System32\USER32.dll
0x00007ffeed300000 - 0x00007ffeed326000 	C:\WINDOWS\System32\win32u.dll
0x00007ffeef400000 - 0x00007ffeef429000 	C:\WINDOWS\System32\GDI32.dll
0x00007ffed61b0000 - 0x00007ffed6443000 	C:\WINDOWS\WinSxS\amd64_microsoft.windows.common-controls_6595b64144ccf1df_6.0.22621.3672_none_2713b9d173822955\COMCTL32.dll
0x00007ffeed330000 - 0x00007ffeed449000 	C:\WINDOWS\System32\gdi32full.dll
0x00007ffeed4c0000 - 0x00007ffeed55a000 	C:\WINDOWS\System32\msvcp_win.dll
0x00007ffeec690000 - 0x00007ffeec69a000 	C:\WINDOWS\SYSTEM32\VERSION.dll
0x00007ffeeda60000 - 0x00007ffeeda91000 	C:\WINDOWS\System32\IMM32.DLL
0x000000005f850000 - 0x000000005f85c000 	C:\Program Files (x86)\360\Total Security\safemon\SafeWrapper.dll
0x00007ffed42f0000 - 0x00007ffed42fc000 	C:\Users\KraftWork\Desktop\jdk-17.0.9\bin\vcruntime140_1.dll
0x00007ffeaec50000 - 0x00007ffeaecde000 	C:\Users\KraftWork\Desktop\jdk-17.0.9\bin\msvcp140.dll
0x00007ffe65a60000 - 0x00007ffe66641000 	C:\Users\KraftWork\Desktop\jdk-17.0.9\bin\server\jvm.dll
0x00007ffeedaa0000 - 0x00007ffeedaa8000 	C:\WINDOWS\System32\PSAPI.DLL
0x00007ffee8f20000 - 0x00007ffee8f29000 	C:\WINDOWS\SYSTEM32\WSOCK32.dll
0x00007ffee63f0000 - 0x00007ffee6424000 	C:\WINDOWS\SYSTEM32\WINMM.dll
0x00007ffeef770000 - 0x00007ffeef7e1000 	C:\WINDOWS\System32\WS2_32.dll
0x00007ffeebad0000 - 0x00007ffeebae8000 	C:\WINDOWS\SYSTEM32\kernel.appcore.dll
0x00007ffed42e0000 - 0x00007ffed42ea000 	C:\Users\KraftWork\Desktop\jdk-17.0.9\bin\jimage.dll
0x00007ffee0090000 - 0x00007ffee02c2000 	C:\WINDOWS\SYSTEM32\DBGHELP.DLL
0x00007ffeee0b0000 - 0x00007ffeee43d000 	C:\WINDOWS\System32\combase.dll
0x00007ffeeed20000 - 0x00007ffeeedf7000 	C:\WINDOWS\System32\OLEAUT32.dll
0x00007ffed29c0000 - 0x00007ffed29f2000 	C:\WINDOWS\SYSTEM32\dbgcore.DLL
0x00007ffeecff0000 - 0x00007ffeed06b000 	C:\WINDOWS\System32\bcryptPrimitives.dll
0x00007ffeb6d90000 - 0x00007ffeb6d9e000 	C:\Users\KraftWork\Desktop\jdk-17.0.9\bin\instrument.dll
0x00007ffeb6cf0000 - 0x00007ffeb6d15000 	C:\Users\KraftWork\Desktop\jdk-17.0.9\bin\java.dll
0x00007ffe98ae0000 - 0x00007ffe98bb7000 	C:\Users\KraftWork\Desktop\jdk-17.0.9\bin\jsvml.dll
0x00007ffeee440000 - 0x00007ffeeeca7000 	C:\WINDOWS\System32\SHELL32.dll
0x00007ffeea9e0000 - 0x00007ffeeb2de000 	C:\WINDOWS\SYSTEM32\windows.storage.dll
0x00007ffeea8a0000 - 0x00007ffeea9df000 	C:\WINDOWS\SYSTEM32\wintypes.dll
0x00007ffeef670000 - 0x00007ffeef769000 	C:\WINDOWS\System32\SHCORE.dll
0x00007ffeedb80000 - 0x00007ffeedbde000 	C:\WINDOWS\System32\shlwapi.dll
0x00007ffeeca80000 - 0x00007ffeecaa1000 	C:\WINDOWS\SYSTEM32\profapi.dll
0x00007ffeb6d70000 - 0x00007ffeb6d88000 	C:\Users\KraftWork\Desktop\jdk-17.0.9\bin\zip.dll
0x00007ffeb6d30000 - 0x00007ffeb6d49000 	C:\Users\KraftWork\Desktop\jdk-17.0.9\bin\net.dll
0x00007ffeea540000 - 0x00007ffeea676000 	C:\WINDOWS\SYSTEM32\WINHTTP.dll
0x00007ffeebf30000 - 0x00007ffeebf99000 	C:\WINDOWS\system32\mswsock.dll
0x00007ffeaec30000 - 0x00007ffeaec46000 	C:\Users\KraftWork\Desktop\jdk-17.0.9\bin\nio.dll
0x00007ffeaec10000 - 0x00007ffeaec2a000 	C:\Program Files\JetBrains\IntelliJ IDEA Community Edition 2024.1.1\bin\breakgen64.dll
0x00007ffeaea70000 - 0x00007ffeaea94000 	C:\Users\KraftWork\AppData\Local\Temp\jansi-2.4.1-ea8dcfaa5ab61452-jansi.dll
0x00007ffeafb70000 - 0x00007ffeafb80000 	C:\Users\KraftWork\Desktop\jdk-17.0.9\bin\verify.dll

dbghelp: loaded successfully - version: 4.0.5 - missing functions: none
symbol engine: initialized successfully - sym options: 0x614 - pdb path: .;C:\Users\KraftWork\Desktop\jdk-17.0.9\bin;C:\WINDOWS\SYSTEM32;C:\WINDOWS\WinSxS\amd64_microsoft.windows.common-controls_6595b64144ccf1df_6.0.22621.3672_none_2713b9d173822955;C:\Program Files (x86)\360\Total Security\safemon;C:\Users\KraftWork\Desktop\jdk-17.0.9\bin\server;C:\Program Files\JetBrains\IntelliJ IDEA Community Edition 2024.1.1\bin;C:\Users\KraftWork\AppData\Local\Temp

VM Arguments:
jvm_args: -Dmaven.multiModuleProjectDirectory=C:\Users\KraftWork\Desktop\GitWorkSpace\Project_D\event -Djansi.passthrough=true -Dmaven.home=C:\Users\KraftWork\.m2\wrapper\dists\apache-maven-3.9.7-bin\3k9n615lchs6mp84v355m633uo\apache-maven-3.9.7 -Dclassworlds.conf=C:\Users\KraftWork\.m2\wrapper\dists\apache-maven-3.9.7-bin\3k9n615lchs6mp84v355m633uo\apache-maven-3.9.7\bin\m2.conf -Dmaven.ext.class.path=C:\Program Files\JetBrains\IntelliJ IDEA Community Edition 2024.1.1\plugins\maven\lib\maven-event-listener.jar -javaagent:C:\Program Files\JetBrains\IntelliJ IDEA Community Edition 2024.1.1\lib\idea_rt.jar=62251:C:\Program Files\JetBrains\IntelliJ IDEA Community Edition 2024.1.1\bin -Dfile.encoding=UTF-8 
java_command: org.codehaus.classworlds.Launcher -Didea.version=2024.1.1 spring-boot:run
java_class_path (initial): C:\Users\KraftWork\.m2\wrapper\dists\apache-maven-3.9.7-bin\3k9n615lchs6mp84v355m633uo\apache-maven-3.9.7\boot\plexus-classworlds-2.8.0.jar;C:\Users\KraftWork\.m2\wrapper\dists\apache-maven-3.9.7-bin\3k9n615lchs6mp84v355m633uo\apache-maven-3.9.7\boot\plexus-classworlds.license
Launcher Type: SUN_STANDARD

[Global flags]
     intx CICompilerCount                          = 4                                         {product} {ergonomic}
     uint ConcGCThreads                            = 2                                         {product} {ergonomic}
     uint G1ConcRefinementThreads                  = 8                                         {product} {ergonomic}
   size_t G1HeapRegionSize                         = 1048576                                   {product} {ergonomic}
    uintx GCDrainStackTargetSize                   = 64                                        {product} {ergonomic}
   size_t InitialHeapSize                          = 134217728                                 {product} {ergonomic}
   size_t MarkStackSize                            = 4194304                                   {product} {ergonomic}
   size_t MaxHeapSize                              = 2116026368                                {product} {ergonomic}
   size_t MaxNewSize                               = 1268776960                                {product} {ergonomic}
   size_t MinHeapDeltaBytes                        = 1048576                                   {product} {ergonomic}
   size_t MinHeapSize                              = 8388608                                   {product} {ergonomic}
    uintx NonNMethodCodeHeapSize                   = 5839372                                {pd product} {ergonomic}
    uintx NonProfiledCodeHeapSize                  = 122909434                              {pd product} {ergonomic}
    uintx ProfiledCodeHeapSize                     = 122909434                              {pd product} {ergonomic}
    uintx ReservedCodeCacheSize                    = 251658240                              {pd product} {ergonomic}
     bool SegmentedCodeCache                       = true                                      {product} {ergonomic}
   size_t SoftMaxHeapSize                          = 2116026368                             {manageable} {ergonomic}
     bool UseCompressedClassPointers               = true                           {product lp64_product} {ergonomic}
     bool UseCompressedOops                        = true                           {product lp64_product} {ergonomic}
     bool UseG1GC                                  = true                                      {product} {ergonomic}
     bool UseLargePagesIndividualAllocation        = false                                  {pd product} {ergonomic}

Logging:
Log output configuration:
 #0: stdout all=warning uptime,level,tags
 #1: stderr all=off uptime,level,tags

Environment Variables:
PATH=C:\WINDOWS\system32;C:\WINDOWS;C:\WINDOWS\System32\Wbem;C:\WINDOWS\System32\WindowsPowerShell\v1.0\;C:\WINDOWS\System32\OpenSSH\;C:\Users\KraftWork\xampp;C:\Users\KraftWork\xampp\htdocs;C:\xampp;C:\xampp\php;C:\ProgramData\ComposerSetup\bin;C:\Users\KraftWork\Desktop\apache-maven-3.9.4;C:\Users\KraftWork\Desktop\jdk-17.0.9\bin;C:\Program Files\Cloudflare\Cloudflare WARP\;C:\Program Files\Microsoft SQL Server\Client SDK\ODBC\170\Tools\Binn\;C:\Program Files\dotnet\;C:\Program Files (x86)\Microsoft SQL Server\160\DTS\Binn\;C:\Users\KraftWork\Downloads\apache-maven-3.9.8-bin\apache-maven-3.9.8\lib;C:\Program Files\nodejs\;C:\Program Files\GitAdmin\cmd;C:\Users\KraftWork\Downloads\go1.22.6.windows-amd64\go\bin;C:\Users\KraftWork\Documents\ffmpeg\ffmpeg-7.0.2-essentials_build\bin;C:\Program Files\OpenSSL-Win64\bin;C:\xampp\php;C:\Users\KraftWork\AppData\Local\Microsoft\WindowsApps;C:\Users\KraftWork\AppData\Local\Programs\Microsoft VS Code\bin;C:\Users\KraftWork\xampp\phpMyAdmin\vendor\composer;C:\Users\KraftWork\Downloads\unzip-5.51-1-bin;C:\ProgramData\Microsoft\Windows\Start Menu\Programs\Node.js;C:\Users\KraftWork\AppData\Local\Programs\Git\cmd;C:\Users\KraftWork\xampp\htdocs;C:\Users\KraftWork\AppData\Local\ComposerSetup\bin;C:\Users\KraftWork\AppData\Roaming\Composer\vendor\bin;C:\Program Files\Java\bin;C:\Users\KraftWork\tools;C:\Program Files\MySQL\MySQL Server 8.0\bin;C:\Users\KraftWork\AppData\Local\GitHubDesktop\bin;C:\Users\KraftWork\.dotnet\tools;C:\Users\KraftWork\AppData\Roaming\npm
USERNAME=KraftWork
OS=Windows_NT
PROCESSOR_IDENTIFIER=Intel64 Family 6 Model 142 Stepping 10, GenuineIntel



---------------  S Y S T E M  ---------------

OS:
 Windows 11 , 64 bit Build 22621 (10.0.22621.3958)
OS uptime: 3 days 5:56 hours
Hyper-V role detected

CPU: total 8 (initial active 8) (4 cores per cpu, 2 threads per core) family 6 model 142 stepping 10 microcode 0xea, cx8, cmov, fxsr, ht, mmx, 3dnowpref, sse, sse2, sse3, ssse3, sse4.1, sse4.2, popcnt, lzcnt, tsc, tscinvbit, avx, avx2, aes, erms, clmul, bmi1, bmi2, adx, fma, vzeroupper, clflush, clflushopt, hv

Memory: 4k page, system-wide physical 8070M (398M free)
TotalPageFile size 32646M (AvailPageFile size 55M)
current process WorkingSet (physical memory assigned to process): 241M, peak: 245M
current process commit charge ("private bytes"): 317M, peak: 366M

vm_info: Java HotSpot(TM) 64-Bit Server VM (17.0.9+11-LTS-201) for windows-amd64 JRE (17.0.9+11-LTS-201), built on Oct 10 2023 23:16:06 by "mach5one" with MS VC++ 17.1 (VS2022)

END.
