#
# There is insufficient memory for the Java Runtime Environment to continue.
# Native memory allocation (malloc) failed to allocate 3456832 bytes for Chunk::new
# Possible reasons:
#   The system is out of physical RAM or swap space
#   The process is running with CompressedOops enabled, and the Java Heap may be blocking the growth of the native heap
# Possible solutions:
#   Reduce memory load on the system
#   Increase physical memory or swap space
#   Check if swap backing store is full
#   Decrease Java heap size (-Xmx/-Xms)
#   Decrease number of Java threads
#   Decrease Java thread stack sizes (-Xss)
#   Set larger code cache with -XX:ReservedCodeCacheSize=
#   JVM is running with Unscaled Compressed Oops mode in which the Java heap is
#     placed in the first 4GB address space. The Java Heap base address is the
#     maximum limit for the native heap growth. Please use -XX:HeapBaseMinAddress
#     to set the Java Heap base and to place the Java Heap above 4GB virtual address.
# This output file may be truncated or incomplete.
#
#  Out of Memory Error (arena.cpp:189), pid=22840, tid=44268
#
# JRE version: Java(TM) SE Runtime Environment (17.0.9+11) (build 17.0.9+11-LTS-201)
# Java VM: Java HotSpot(TM) 64-Bit Server VM (17.0.9+11-LTS-201, mixed mode, sharing, tiered, compressed oops, compressed class ptrs, g1 gc, windows-amd64)
# No core dump will be written. Minidumps are not enabled by default on client versions of Windows
#

---------------  S U M M A R Y ------------

Command Line: -Dmaven.multiModuleProjectDirectory=C:\Users\KraftWork\Desktop\GitWorkSpace\Project_D\event -Djansi.passthrough=true -Dmaven.home=C:\Users\KraftWork\.m2\wrapper\dists\apache-maven-3.9.7-bin\3k9n615lchs6mp84v355m633uo\apache-maven-3.9.7 -Dclassworlds.conf=C:\Users\KraftWork\.m2\wrapper\dists\apache-maven-3.9.7-bin\3k9n615lchs6mp84v355m633uo\apache-maven-3.9.7\bin\m2.conf -Dmaven.ext.class.path=C:\Program Files\JetBrains\IntelliJ IDEA Community Edition 2024.1.1\plugins\maven\lib\maven-event-listener.jar -javaagent:C:\Program Files\JetBrains\IntelliJ IDEA Community Edition 2024.1.1\lib\idea_rt.jar=62198:C:\Program Files\JetBrains\IntelliJ IDEA Community Edition 2024.1.1\bin -Dfile.encoding=UTF-8 org.codehaus.classworlds.Launcher -Didea.version=2024.1.1 spring-boot:run

Host: Intel(R) Core(TM) i5-8250U CPU @ 1.60GHz, 8 cores, 7G,  Windows 11 , 64 bit Build 22621 (10.0.22621.3958)
Time: Fri Aug 16 16:33:39 2024 Myanmar Standard Time elapsed time: 15.585480 seconds (0d 0h 0m 15s)

---------------  T H R E A D  ---------------

Current thread (0x000001ffc7825b20):  JavaThread "C2 CompilerThread1" daemon [_thread_in_native, id=44268, stack(0x000000f3f9700000,0x000000f3f9800000)]


Current CompileTask:
C2:  15585 6578   !   4       java.lang.ClassLoader::loadClass (121 bytes)

Stack: [0x000000f3f9700000,0x000000f3f9800000]
Native frames: (J=compiled Java code, j=interpreted, Vv=VM code, C=native code)
V  [jvm.dll+0x678a4a]
V  [jvm.dll+0x7d9cfd]
V  [jvm.dll+0x7db60e]
V  [jvm.dll+0x7dbc73]
V  [jvm.dll+0x245e1f]
V  [jvm.dll+0xaaafb]
V  [jvm.dll+0xab09c]
V  [jvm.dll+0x36237e]
V  [jvm.dll+0x32ca01]
V  [jvm.dll+0x32be9a]
V  [jvm.dll+0x21812f]
V  [jvm.dll+0x217561]
V  [jvm.dll+0x1a3bc0]
V  [jvm.dll+0x2272de]
V  [jvm.dll+0x22548b]
V  [jvm.dll+0x78f58c]
V  [jvm.dll+0x78998a]
V  [jvm.dll+0x677875]
C  [ucrtbase.dll+0x29333]
C  [KERNEL32.DLL+0x1257d]
C  [ntdll.dll+0x5af28]


---------------  P R O C E S S  ---------------

Threads class SMR info:
_java_thread_list=0x000001ffc70666c0, length=16, elements={
0x000001ffe38e82a0, 0x000001ffff9fd790, 0x000001ffff9fe610, 0x000001ffffa142a0,
0x000001ffffa16180, 0x000001ffffa18b50, 0x000001ffffa19510, 0x000001ffffa1a200,
0x000001ffffa1e100, 0x000001ffffa2bf80, 0x000001ffff9e6f30, 0x000001ffffce3a70,
0x000001ffffd31050, 0x000001ffc7e4e320, 0x000001ffc7825b20, 0x000001ffc78255d0
}

Java Threads: ( => current thread )
  0x000001ffe38e82a0 JavaThread "main" [_thread_in_native, id=28908, stack(0x000000f3f8300000,0x000000f3f8400000)]
  0x000001ffff9fd790 JavaThread "Reference Handler" daemon [_thread_blocked, id=9692, stack(0x000000f3f8a00000,0x000000f3f8b00000)]
  0x000001ffff9fe610 JavaThread "Finalizer" daemon [_thread_blocked, id=11128, stack(0x000000f3f8b00000,0x000000f3f8c00000)]
  0x000001ffffa142a0 JavaThread "Signal Dispatcher" daemon [_thread_blocked, id=46252, stack(0x000000f3f8c00000,0x000000f3f8d00000)]
  0x000001ffffa16180 JavaThread "Attach Listener" daemon [_thread_blocked, id=13256, stack(0x000000f3f8d00000,0x000000f3f8e00000)]
  0x000001ffffa18b50 JavaThread "Service Thread" daemon [_thread_blocked, id=11948, stack(0x000000f3f8e00000,0x000000f3f8f00000)]
  0x000001ffffa19510 JavaThread "Monitor Deflation Thread" daemon [_thread_blocked, id=19252, stack(0x000000f3f8f00000,0x000000f3f9000000)]
  0x000001ffffa1a200 JavaThread "C2 CompilerThread0" daemon [_thread_in_native, id=48812, stack(0x000000f3f9000000,0x000000f3f9100000)]
  0x000001ffffa1e100 JavaThread "C1 CompilerThread0" daemon [_thread_blocked, id=22852, stack(0x000000f3f9100000,0x000000f3f9200000)]
  0x000001ffffa2bf80 JavaThread "Sweeper thread" daemon [_thread_blocked, id=25668, stack(0x000000f3f9200000,0x000000f3f9300000)]
  0x000001ffff9e6f30 JavaThread "Common-Cleaner" daemon [_thread_blocked, id=21124, stack(0x000000f3f9300000,0x000000f3f9400000)]
  0x000001ffffce3a70 JavaThread "Monitor Ctrl-Break" daemon [_thread_in_native, id=52448, stack(0x000000f3f9400000,0x000000f3f9500000)]
  0x000001ffffd31050 JavaThread "Notification Thread" daemon [_thread_blocked, id=24508, stack(0x000000f3f9500000,0x000000f3f9600000)]
  0x000001ffc7e4e320 JavaThread "Thread-1" daemon [_thread_blocked, id=12872, stack(0x000000f3fa000000,0x000000f3fa100000)]
=>0x000001ffc7825b20 JavaThread "C2 CompilerThread1" daemon [_thread_in_native, id=44268, stack(0x000000f3f9700000,0x000000f3f9800000)]
  0x000001ffc78255d0 JavaThread "C2 CompilerThread2" daemon [_thread_in_native, id=30768, stack(0x000000f3f9800000,0x000000f3f9900000)]

Other Threads:
  0x000001ffff9fbba0 VMThread "VM Thread" [stack: 0x000000f3f8900000,0x000000f3f8a00000] [id=29328]
  0x000001ffffce1da0 WatcherThread [stack: 0x000000f3f9600000,0x000000f3f9700000] [id=35536]
  0x000001ffe3943a20 GCTaskThread "GC Thread#0" [stack: 0x000000f3f8400000,0x000000f3f8500000] [id=43920]
  0x000001ffc7862750 GCTaskThread "GC Thread#1" [stack: 0x000000f3f9900000,0x000000f3f9a00000] [id=36724]
  0x000001ffc7862a10 GCTaskThread "GC Thread#2" [stack: 0x000000f3f9a00000,0x000000f3f9b00000] [id=61156]
  0x000001ffc7861f10 GCTaskThread "GC Thread#3" [stack: 0x000000f3f9b00000,0x000000f3f9c00000] [id=23404]
  0x000001ffc78621d0 GCTaskThread "GC Thread#4" [stack: 0x000000f3f9c00000,0x000000f3f9d00000] [id=39840]
  0x000001ffc7862f90 GCTaskThread "GC Thread#5" [stack: 0x000000f3f9d00000,0x000000f3f9e00000] [id=37628]
  0x000001ffc7862490 GCTaskThread "GC Thread#6" [stack: 0x000000f3f9e00000,0x000000f3f9f00000] [id=32232]
  0x000001ffc7862cd0 GCTaskThread "GC Thread#7" [stack: 0x000000f3f9f00000,0x000000f3fa000000] [id=55720]
  0x000001ffe39545b0 ConcurrentGCThread "G1 Main Marker" [stack: 0x000000f3f8500000,0x000000f3f8600000] [id=21732]
  0x000001ffe3954fd0 ConcurrentGCThread "G1 Conc#0" [stack: 0x000000f3f8600000,0x000000f3f8700000] [id=47552]
  0x000001ffc764aed0 ConcurrentGCThread "G1 Conc#1" [stack: 0x000000f3fa100000,0x000000f3fa200000] [id=35344]
  0x000001ffff8b20c0 ConcurrentGCThread "G1 Refine#0" [stack: 0x000000f3f8700000,0x000000f3f8800000] [id=33012]
  0x000001ffc90d2cc0 ConcurrentGCThread "G1 Refine#1" [stack: 0x000000f3fa200000,0x000000f3fa300000] [id=53768]
  0x000001ffc73ff270 ConcurrentGCThread "G1 Refine#2" [stack: 0x000000f3fa300000,0x000000f3fa400000] [id=9552]
  0x000001ffc90fd670 ConcurrentGCThread "G1 Refine#3" [stack: 0x000000f3fa400000,0x000000f3fa500000] [id=42268]
  0x000001ffff8b2af0 ConcurrentGCThread "G1 Service" [stack: 0x000000f3f8800000,0x000000f3f8900000] [id=39756]

Threads with active compile tasks:
C2 CompilerThread0    15680 6598       4       jdk.internal.jimage.ImageLocation::verify (218 bytes)
C2 CompilerThread1    15681 6578   !   4       java.lang.ClassLoader::loadClass (121 bytes)
C2 CompilerThread2    15681 6593       4       jdk.internal.module.SystemModuleFinders$SystemModuleReader::containsImageLocation (42 bytes)

VM state: not at safepoint (normal execution)

VM Mutex/Monitor currently owned by a thread: None

Heap address: 0x0000000081e00000, size: 2018 MB, Compressed Oops mode: 32-bit

CDS archive(s) mapped at: [0x000001ff82000000-0x000001ff82bd0000-0x000001ff82bd0000), size 12386304, SharedBaseAddress: 0x000001ff82000000, ArchiveRelocationMode: 1.
Compressed class space mapped at: 0x000001ff83000000-0x000001ffc3000000, reserved size: 1073741824
Narrow klass base: 0x000001ff82000000, Narrow klass shift: 0, Narrow klass range: 0x100000000

GC Precious Log:
 CPUs: 8 total, 8 available
 Memory: 8070M
 Large Page Support: Disabled
 NUMA Support: Disabled
 Compressed Oops: Enabled (32-bit)
 Heap Region Size: 1M
 Heap Min Capacity: 8M
 Heap Initial Capacity: 128M
 Heap Max Capacity: 2018M
 Pre-touch: Disabled
 Parallel Workers: 8
 Concurrent Workers: 2
 Concurrent Refinement Workers: 8
 Periodic GC: Disabled

Heap:
 garbage-first heap   total 95232K, used 63314K [0x0000000081e00000, 0x0000000100000000)
  region size 1024K, 20 young (20480K), 3 survivors (3072K)
 Metaspace       used 33487K, committed 33856K, reserved 1114112K
  class space    used 3949K, committed 4096K, reserved 1048576K

Heap Regions: E=young(eden), S=young(survivor), O=old, HS=humongous(starts), HC=humongous(continues), CS=collection set, F=free, OA=open archive, CA=closed archive, TAMS=top-at-mark-start (previous, next)
|   0|0x0000000081e00000, 0x0000000081f00000, 0x0000000081f00000|100%| O|  |TAMS 0x0000000081f00000, 0x0000000081e00000| Untracked 
|   1|0x0000000081f00000, 0x0000000082000000, 0x0000000082000000|100%| O|  |TAMS 0x0000000082000000, 0x0000000081f00000| Untracked 
|   2|0x0000000082000000, 0x0000000082100000, 0x0000000082100000|100%| O|  |TAMS 0x0000000082100000, 0x0000000082000000| Untracked 
|   3|0x0000000082100000, 0x0000000082200000, 0x0000000082200000|100%| O|  |TAMS 0x0000000082200000, 0x0000000082100000| Untracked 
|   4|0x0000000082200000, 0x0000000082300000, 0x0000000082300000|100%| O|  |TAMS 0x0000000082300000, 0x0000000082200000| Untracked 
|   5|0x0000000082300000, 0x0000000082400000, 0x0000000082400000|100%| O|  |TAMS 0x0000000082400000, 0x0000000082300000| Untracked 
|   6|0x0000000082400000, 0x0000000082500000, 0x0000000082500000|100%| O|  |TAMS 0x0000000082500000, 0x0000000082400000| Untracked 
|   7|0x0000000082500000, 0x0000000082600000, 0x0000000082600000|100%| O|  |TAMS 0x0000000082600000, 0x0000000082500000| Untracked 
|   8|0x0000000082600000, 0x0000000082700000, 0x0000000082700000|100%| O|  |TAMS 0x0000000082700000, 0x0000000082600000| Untracked 
|   9|0x0000000082700000, 0x0000000082800000, 0x0000000082800000|100%| O|  |TAMS 0x0000000082800000, 0x0000000082700000| Untracked 
|  10|0x0000000082800000, 0x0000000082900000, 0x0000000082900000|100%| O|  |TAMS 0x0000000082900000, 0x0000000082800000| Untracked 
|  11|0x0000000082900000, 0x00000000829df200, 0x0000000082a00000| 87%| O|  |TAMS 0x00000000829df200, 0x0000000082900000| Untracked 
|  12|0x0000000082a00000, 0x0000000082b00000, 0x0000000082b00000|100%|HS|  |TAMS 0x0000000082a00000, 0x0000000082a00000| Complete 
|  13|0x0000000082b00000, 0x0000000082c00000, 0x0000000082c00000|100%|HS|  |TAMS 0x0000000082b00000, 0x0000000082b00000| Complete 
|  14|0x0000000082c00000, 0x0000000082d00000, 0x0000000082d00000|100%| O|  |TAMS 0x0000000082c00000, 0x0000000082c00000| Untracked 
|  15|0x0000000082d00000, 0x0000000082e00000, 0x0000000082e00000|100%| O|  |TAMS 0x0000000082d00000, 0x0000000082d00000| Untracked 
|  16|0x0000000082e00000, 0x0000000082f00000, 0x0000000082f00000|100%| O|  |TAMS 0x0000000082e00000, 0x0000000082e00000| Untracked 
|  17|0x0000000082f00000, 0x0000000083000000, 0x0000000083000000|100%| O|  |TAMS 0x0000000082f00000, 0x0000000082f00000| Untracked 
|  18|0x0000000083000000, 0x0000000083100000, 0x0000000083100000|100%| O|  |TAMS 0x0000000083000000, 0x0000000083000000| Untracked 
|  19|0x0000000083100000, 0x0000000083200000, 0x0000000083200000|100%| O|  |TAMS 0x0000000083100000, 0x0000000083100000| Untracked 
|  20|0x0000000083200000, 0x0000000083300000, 0x0000000083300000|100%| O|  |TAMS 0x0000000083200000, 0x0000000083200000| Untracked 
|  21|0x0000000083300000, 0x0000000083400000, 0x0000000083400000|100%| O|  |TAMS 0x0000000083300000, 0x0000000083300000| Untracked 
|  22|0x0000000083400000, 0x0000000083500000, 0x0000000083500000|100%| O|  |TAMS 0x0000000083400000, 0x0000000083400000| Untracked 
|  23|0x0000000083500000, 0x0000000083600000, 0x0000000083600000|100%| O|  |TAMS 0x0000000083500000, 0x0000000083500000| Untracked 
|  24|0x0000000083600000, 0x0000000083700000, 0x0000000083700000|100%| O|  |TAMS 0x0000000083600000, 0x0000000083600000| Untracked 
|  25|0x0000000083700000, 0x0000000083800000, 0x0000000083800000|100%| O|  |TAMS 0x0000000083700000, 0x0000000083700000| Untracked 
|  26|0x0000000083800000, 0x0000000083900000, 0x0000000083900000|100%| O|  |TAMS 0x0000000083800000, 0x0000000083800000| Untracked 
|  27|0x0000000083900000, 0x0000000083a00000, 0x0000000083a00000|100%| O|  |TAMS 0x0000000083900000, 0x0000000083900000| Untracked 
|  28|0x0000000083a00000, 0x0000000083a00000, 0x0000000083b00000|  0%| F|  |TAMS 0x0000000083a00000, 0x0000000083a00000| Untracked 
|  29|0x0000000083b00000, 0x0000000083b00000, 0x0000000083c00000|  0%| F|  |TAMS 0x0000000083b00000, 0x0000000083b00000| Untracked 
|  30|0x0000000083c00000, 0x0000000083c00000, 0x0000000083d00000|  0%| F|  |TAMS 0x0000000083c00000, 0x0000000083c00000| Untracked 
|  31|0x0000000083d00000, 0x0000000083e00000, 0x0000000083e00000|100%| O|  |TAMS 0x0000000083d00000, 0x0000000083d00000| Untracked 
|  32|0x0000000083e00000, 0x0000000083f00000, 0x0000000083f00000|100%| O|  |TAMS 0x0000000083e00000, 0x0000000083e00000| Untracked 
|  33|0x0000000083f00000, 0x0000000084000000, 0x0000000084000000|100%| O|  |TAMS 0x0000000083f00000, 0x0000000083f00000| Untracked 
|  34|0x0000000084000000, 0x0000000084100000, 0x0000000084100000|100%| O|  |TAMS 0x0000000084000000, 0x0000000084000000| Untracked 
|  35|0x0000000084100000, 0x0000000084200000, 0x0000000084200000|100%| O|  |TAMS 0x0000000084100000, 0x0000000084100000| Untracked 
|  36|0x0000000084200000, 0x0000000084300000, 0x0000000084300000|100%| O|  |TAMS 0x0000000084200000, 0x0000000084200000| Untracked 
|  37|0x0000000084300000, 0x0000000084400000, 0x0000000084400000|100%| O|  |TAMS 0x0000000084300000, 0x0000000084300000| Untracked 
|  38|0x0000000084400000, 0x0000000084500000, 0x0000000084500000|100%| O|  |TAMS 0x0000000084400000, 0x0000000084400000| Untracked 
|  39|0x0000000084500000, 0x0000000084500000, 0x0000000084600000|  0%| F|  |TAMS 0x0000000084500000, 0x0000000084500000| Untracked 
|  40|0x0000000084600000, 0x0000000084600000, 0x0000000084700000|  0%| F|  |TAMS 0x0000000084600000, 0x0000000084600000| Untracked 
|  41|0x0000000084700000, 0x0000000084700000, 0x0000000084800000|  0%| F|  |TAMS 0x0000000084700000, 0x0000000084700000| Untracked 
|  42|0x0000000084800000, 0x0000000084800000, 0x0000000084900000|  0%| F|  |TAMS 0x0000000084800000, 0x0000000084800000| Untracked 
|  43|0x0000000084900000, 0x0000000084900000, 0x0000000084a00000|  0%| F|  |TAMS 0x0000000084900000, 0x0000000084900000| Untracked 
|  44|0x0000000084a00000, 0x0000000084a00000, 0x0000000084b00000|  0%| F|  |TAMS 0x0000000084a00000, 0x0000000084a00000| Untracked 
|  45|0x0000000084b00000, 0x0000000084b00000, 0x0000000084c00000|  0%| F|  |TAMS 0x0000000084b00000, 0x0000000084b00000| Untracked 
|  46|0x0000000084c00000, 0x0000000084d00000, 0x0000000084d00000|100%|HS|  |TAMS 0x0000000084d00000, 0x0000000084c00000| Complete 
|  47|0x0000000084d00000, 0x0000000084e00000, 0x0000000084e00000|100%|HC|  |TAMS 0x0000000084e00000, 0x0000000084d00000| Complete 
|  48|0x0000000084e00000, 0x0000000084e00000, 0x0000000084f00000|  0%| F|  |TAMS 0x0000000084e00000, 0x0000000084e00000| Untracked 
|  49|0x0000000084f00000, 0x0000000084f00000, 0x0000000085000000|  0%| F|  |TAMS 0x0000000084f00000, 0x0000000084f00000| Untracked 
|  50|0x0000000085000000, 0x0000000085000000, 0x0000000085100000|  0%| F|  |TAMS 0x0000000085000000, 0x0000000085000000| Untracked 
|  51|0x0000000085100000, 0x0000000085100000, 0x0000000085200000|  0%| F|  |TAMS 0x0000000085100000, 0x0000000085100000| Untracked 
|  52|0x0000000085200000, 0x0000000085200000, 0x0000000085300000|  0%| F|  |TAMS 0x0000000085200000, 0x0000000085200000| Untracked 
|  53|0x0000000085300000, 0x0000000085300000, 0x0000000085400000|  0%| F|  |TAMS 0x0000000085300000, 0x0000000085300000| Untracked 
|  54|0x0000000085400000, 0x0000000085400000, 0x0000000085500000|  0%| F|  |TAMS 0x0000000085400000, 0x0000000085400000| Untracked 
|  55|0x0000000085500000, 0x0000000085500000, 0x0000000085600000|  0%| F|  |TAMS 0x0000000085500000, 0x0000000085500000| Untracked 
|  56|0x0000000085600000, 0x0000000085600000, 0x0000000085700000|  0%| F|  |TAMS 0x0000000085600000, 0x0000000085600000| Untracked 
|  57|0x0000000085700000, 0x0000000085700000, 0x0000000085800000|  0%| F|  |TAMS 0x0000000085700000, 0x0000000085700000| Untracked 
|  58|0x0000000085800000, 0x0000000085800000, 0x0000000085900000|  0%| F|  |TAMS 0x0000000085800000, 0x0000000085800000| Untracked 
|  59|0x0000000085900000, 0x00000000859f5760, 0x0000000085a00000| 95%| S|CS|TAMS 0x0000000085900000, 0x0000000085900000| Complete 
|  60|0x0000000085a00000, 0x0000000085b00000, 0x0000000085b00000|100%| S|CS|TAMS 0x0000000085a00000, 0x0000000085a00000| Complete 
|  61|0x0000000085b00000, 0x0000000085c00000, 0x0000000085c00000|100%| S|CS|TAMS 0x0000000085b00000, 0x0000000085b00000| Complete 
|  62|0x0000000085c00000, 0x0000000085c00000, 0x0000000085d00000|  0%| F|  |TAMS 0x0000000085c00000, 0x0000000085c00000| Untracked 
|  63|0x0000000085d00000, 0x0000000085d00000, 0x0000000085e00000|  0%| F|  |TAMS 0x0000000085d00000, 0x0000000085d00000| Untracked 
|  64|0x0000000085e00000, 0x0000000085e00000, 0x0000000085f00000|  0%| F|  |TAMS 0x0000000085e00000, 0x0000000085e00000| Untracked 
|  65|0x0000000085f00000, 0x0000000085f00000, 0x0000000086000000|  0%| F|  |TAMS 0x0000000085f00000, 0x0000000085f00000| Untracked 
|  66|0x0000000086000000, 0x0000000086000000, 0x0000000086100000|  0%| F|  |TAMS 0x0000000086000000, 0x0000000086000000| Untracked 
|  67|0x0000000086100000, 0x0000000086100000, 0x0000000086200000|  0%| F|  |TAMS 0x0000000086100000, 0x0000000086100000| Untracked 
|  68|0x0000000086200000, 0x0000000086200000, 0x0000000086300000|  0%| F|  |TAMS 0x0000000086200000, 0x0000000086200000| Untracked 
|  69|0x0000000086300000, 0x0000000086300000, 0x0000000086400000|  0%| F|  |TAMS 0x0000000086300000, 0x0000000086300000| Untracked 
|  70|0x0000000086400000, 0x0000000086500000, 0x0000000086500000|100%| E|  |TAMS 0x0000000086400000, 0x0000000086400000| Complete 
|  71|0x0000000086500000, 0x0000000086600000, 0x0000000086600000|100%| E|CS|TAMS 0x0000000086500000, 0x0000000086500000| Complete 
|  72|0x0000000086600000, 0x0000000086700000, 0x0000000086700000|100%| E|CS|TAMS 0x0000000086600000, 0x0000000086600000| Complete 
|  73|0x0000000086700000, 0x0000000086800000, 0x0000000086800000|100%| E|CS|TAMS 0x0000000086700000, 0x0000000086700000| Complete 
|  74|0x0000000086800000, 0x0000000086900000, 0x0000000086900000|100%| E|CS|TAMS 0x0000000086800000, 0x0000000086800000| Complete 
|  75|0x0000000086900000, 0x0000000086a00000, 0x0000000086a00000|100%| E|CS|TAMS 0x0000000086900000, 0x0000000086900000| Complete 
|  76|0x0000000086a00000, 0x0000000086b00000, 0x0000000086b00000|100%| E|  |TAMS 0x0000000086a00000, 0x0000000086a00000| Complete 
|  90|0x0000000087800000, 0x0000000087900000, 0x0000000087900000|100%| E|CS|TAMS 0x0000000087800000, 0x0000000087800000| Complete 
|  91|0x0000000087900000, 0x0000000087a00000, 0x0000000087a00000|100%| E|CS|TAMS 0x0000000087900000, 0x0000000087900000| Complete 
|  92|0x0000000087a00000, 0x0000000087b00000, 0x0000000087b00000|100%| E|CS|TAMS 0x0000000087a00000, 0x0000000087a00000| Complete 
|  93|0x0000000087b00000, 0x0000000087c00000, 0x0000000087c00000|100%| E|CS|TAMS 0x0000000087b00000, 0x0000000087b00000| Complete 
|  94|0x0000000087c00000, 0x0000000087d00000, 0x0000000087d00000|100%| E|CS|TAMS 0x0000000087c00000, 0x0000000087c00000| Complete 
|  95|0x0000000087d00000, 0x0000000087e00000, 0x0000000087e00000|100%| E|CS|TAMS 0x0000000087d00000, 0x0000000087d00000| Complete 
|  96|0x0000000087e00000, 0x0000000087f00000, 0x0000000087f00000|100%| E|CS|TAMS 0x0000000087e00000, 0x0000000087e00000| Complete 
|  97|0x0000000087f00000, 0x0000000088000000, 0x0000000088000000|100%| E|CS|TAMS 0x0000000087f00000, 0x0000000087f00000| Complete 
|  98|0x0000000088000000, 0x0000000088100000, 0x0000000088100000|100%| E|CS|TAMS 0x0000000088000000, 0x0000000088000000| Complete 
| 127|0x0000000089d00000, 0x0000000089e00000, 0x0000000089e00000|100%| E|CS|TAMS 0x0000000089d00000, 0x0000000089d00000| Complete 
|2012|0x00000000ffa00000, 0x00000000ffb00000, 0x00000000ffb00000|100%| O|  |TAMS 0x00000000ffa00000, 0x00000000ffa00000| Untracked 
|2013|0x00000000ffb00000, 0x00000000ffc00000, 0x00000000ffc00000|100%| O|  |TAMS 0x00000000ffb00000, 0x00000000ffb00000| Untracked 
|2014|0x00000000ffc00000, 0x00000000ffd00000, 0x00000000ffd00000|100%| O|  |TAMS 0x00000000ffc00000, 0x00000000ffc00000| Untracked 
|2015|0x00000000ffd00000, 0x00000000ffe00000, 0x00000000ffe00000|100%| O|  |TAMS 0x00000000ffd00000, 0x00000000ffd00000| Untracked 
|2016|0x00000000ffe00000, 0x00000000fff00000, 0x00000000fff00000|100%| O|  |TAMS 0x00000000ffe00000, 0x00000000ffe00000| Untracked 
|2017|0x00000000fff00000, 0x0000000100000000, 0x0000000100000000|100%| O|  |TAMS 0x00000000fff00000, 0x00000000fff00000| Untracked 

Card table byte_map: [0x000001fffa8c0000,0x000001fffacc0000] _byte_map_base: 0x000001fffa4b1000

Marking Bits (Prev, Next): (CMBitMap*) 0x000001ffe3944080, (CMBitMap*) 0x000001ffe3944040
 Prev Bits: [0x000001fffd050000, 0x000001fffefd8000)
 Next Bits: [0x000001fffb0c0000, 0x000001fffd048000)

Polling page: 0x000001ffe30b0000

Metaspace:

Usage:
  Non-class:     28.85 MB used.
      Class:      3.86 MB used.
       Both:     32.70 MB used.

Virtual space:
  Non-class space:       64.00 MB reserved,      29.06 MB ( 45%) committed,  1 nodes.
      Class space:        1.00 GB reserved,       4.00 MB ( <1%) committed,  1 nodes.
             Both:        1.06 GB reserved,      33.06 MB (  3%) committed. 

Chunk freelists:
   Non-Class:  2.67 MB
       Class:  12.03 MB
        Both:  14.70 MB

MaxMetaspaceSize: unlimited
CompressedClassSpaceSize: 1.00 GB
Initial GC threshold: 21.00 MB
Current GC threshold: 35.44 MB
CDS: on
MetaspaceReclaimPolicy: balanced
 - commit_granule_bytes: 65536.
 - commit_granule_words: 8192.
 - virtual_space_node_default_size: 8388608.
 - enlarge_chunks_in_place: 1.
 - new_chunks_are_fully_committed: 0.
 - uncommit_free_chunks: 1.
 - use_allocation_guard: 0.
 - handle_deallocations: 1.


Internal statistics:

num_allocs_failed_limit: 3.
num_arena_births: 172.
num_arena_deaths: 0.
num_vsnodes_births: 2.
num_vsnodes_deaths: 0.
num_space_committed: 528.
num_space_uncommitted: 0.
num_chunks_returned_to_freelist: 3.
num_chunks_taken_from_freelist: 1352.
num_chunk_merges: 3.
num_chunk_splits: 962.
num_chunks_enlarged: 769.
num_inconsistent_stats: 0.

CodeHeap 'non-profiled nmethods': size=120000Kb used=3233Kb max_used=3233Kb free=116766Kb
 bounds [0x000001fff2c50000, 0x000001fff2f90000, 0x000001fffa180000]
CodeHeap 'profiled nmethods': size=120000Kb used=12117Kb max_used=12117Kb free=107882Kb
 bounds [0x000001ffeb180000, 0x000001ffebd60000, 0x000001fff26b0000]
CodeHeap 'non-nmethods': size=5760Kb used=1232Kb max_used=1301Kb free=4527Kb
 bounds [0x000001fff26b0000, 0x000001fff2920000, 0x000001fff2c50000]
 total_blobs=6345 nmethods=5804 adapters=451
 compilation: enabled
              stopped_count=0, restarted_count=0
 full_count=0

Compilation events (20 events):
Event: 15.462 Thread 0x000001ffffa1e100 nmethod 6635 0x000001ffeb455690 code [0x000001ffeb455880, 0x000001ffeb455d48]
Event: 15.462 Thread 0x000001ffffa1e100 6629   !   3       lombok.launch.ShadowClassLoader::getResource_ (229 bytes)
Event: 15.464 Thread 0x000001ffffa1e100 nmethod 6629 0x000001ffebd45690 code [0x000001ffebd45a20, 0x000001ffebd46ea8]
Event: 15.464 Thread 0x000001ffffa1e100 6631   !   3       lombok.launch.ShadowClassLoader::getOrMakeJarListing (193 bytes)
Event: 15.465 Thread 0x000001ffffa1e100 nmethod 6631 0x000001ffebd47590 code [0x000001ffebd47880, 0x000001ffebd48b28]
Event: 15.502 Thread 0x000001ffffa1e100 6636       3       lombok.launch.ClassFileMetaData::getOffsets (62 bytes)
Event: 15.502 Thread 0x000001ffffa1e100 nmethod 6636 0x000001ffeb454f10 code [0x000001ffeb4550c0, 0x000001ffeb455428]
Event: 15.509 Thread 0x000001ffffa1e100 6639       3       sun.reflect.generics.parser.SignatureParser::parseZeroOrMoreFormalTypeParameters (19 bytes)
Event: 15.509 Thread 0x000001ffffa1e100 nmethod 6639 0x000001ffebd49290 code [0x000001ffebd49440, 0x000001ffebd496b8]
Event: 15.510 Thread 0x000001ffc78255d0 6593       4       jdk.internal.module.SystemModuleFinders$SystemModuleReader::containsImageLocation (42 bytes)
Event: 15.511 Thread 0x000001ffffa1e100 6640       3       java.net.URI::<init> (23 bytes)
Event: 15.511 Thread 0x000001ffffa1e100 nmethod 6640 0x000001ffebd49790 code [0x000001ffebd49960, 0x000001ffebd49d48]
Event: 15.518 Thread 0x000001ffffa1e100 6641       3       java.util.regex.CharPredicates$$Lambda$114/0x000001ff830fe7c0::is (5 bytes)
Event: 15.519 Thread 0x000001ffffa1e100 nmethod 6641 0x000001ffebd49e90 code [0x000001ffebd4a060, 0x000001ffebd4a478]
Event: 15.519 Thread 0x000001ffffa1e100 6642       3       java.util.regex.CharPredicates::lambda$ASCII_WORD$19 (20 bytes)
Event: 15.519 Thread 0x000001ffffa1e100 nmethod 6642 0x000001ffebd4a610 code [0x000001ffebd4a7c0, 0x000001ffebd4ab38]
Event: 15.525 Thread 0x000001ffffa1e100 6643       3       sun.reflect.generics.visitor.Reifier::reifyTypeArguments (38 bytes)
Event: 15.526 Thread 0x000001ffffa1e100 nmethod 6643 0x000001ffebd4ac90 code [0x000001ffebd4ae60, 0x000001ffebd4b368]
Event: 15.535 Thread 0x000001ffffa1e100 6644       3       sun.reflect.generics.parser.SignatureParser::parseTypeArgument (135 bytes)
Event: 15.538 Thread 0x000001ffffa1e100 nmethod 6644 0x000001ffebd4b510 code [0x000001ffebd4b840, 0x000001ffebd4d048]

GC Heap History (16 events):
Event: 1.227 GC heap before
{Heap before GC invocations=0 (full 0):
 garbage-first heap   total 131072K, used 22528K [0x0000000081e00000, 0x0000000100000000)
  region size 1024K, 23 young (23552K), 0 survivors (0K)
 Metaspace       used 5845K, committed 6016K, reserved 1114112K
  class space    used 683K, committed 768K, reserved 1048576K
}
Event: 1.238 GC heap after
{Heap after GC invocations=1 (full 0):
 garbage-first heap   total 131072K, used 4288K [0x0000000081e00000, 0x0000000100000000)
  region size 1024K, 3 young (3072K), 3 survivors (3072K)
 Metaspace       used 5845K, committed 6016K, reserved 1114112K
  class space    used 683K, committed 768K, reserved 1048576K
}
Event: 2.184 GC heap before
{Heap before GC invocations=1 (full 0):
 garbage-first heap   total 131072K, used 33984K [0x0000000081e00000, 0x0000000100000000)
  region size 1024K, 32 young (32768K), 3 survivors (3072K)
 Metaspace       used 9121K, committed 9344K, reserved 1114112K
  class space    used 1076K, committed 1216K, reserved 1048576K
}
Event: 2.193 GC heap after
{Heap after GC invocations=2 (full 0):
 garbage-first heap   total 131072K, used 6052K [0x0000000081e00000, 0x0000000100000000)
  region size 1024K, 2 young (2048K), 2 survivors (2048K)
 Metaspace       used 9121K, committed 9344K, reserved 1114112K
  class space    used 1076K, committed 1216K, reserved 1048576K
}
Event: 4.535 GC heap before
{Heap before GC invocations=2 (full 0):
 garbage-first heap   total 131072K, used 61348K [0x0000000081e00000, 0x0000000100000000)
  region size 1024K, 56 young (57344K), 2 survivors (2048K)
 Metaspace       used 15730K, committed 15936K, reserved 1114112K
  class space    used 1880K, committed 1984K, reserved 1048576K
}
Event: 4.552 GC heap after
{Heap after GC invocations=3 (full 0):
 garbage-first heap   total 131072K, used 12426K [0x0000000081e00000, 0x0000000100000000)
  region size 1024K, 7 young (7168K), 7 survivors (7168K)
 Metaspace       used 15730K, committed 15936K, reserved 1114112K
  class space    used 1880K, committed 1984K, reserved 1048576K
}
Event: 7.046 GC heap before
{Heap before GC invocations=3 (full 0):
 garbage-first heap   total 131072K, used 75914K [0x0000000081e00000, 0x0000000100000000)
  region size 1024K, 69 young (70656K), 7 survivors (7168K)
 Metaspace       used 17171K, committed 17472K, reserved 1114112K
  class space    used 1980K, committed 2112K, reserved 1048576K
}
Event: 7.071 GC heap after
{Heap after GC invocations=4 (full 0):
 garbage-first heap   total 131072K, used 17276K [0x0000000081e00000, 0x0000000100000000)
  region size 1024K, 5 young (5120K), 5 survivors (5120K)
 Metaspace       used 17171K, committed 17472K, reserved 1114112K
  class space    used 1980K, committed 2112K, reserved 1048576K
}
Event: 10.731 GC heap before
{Heap before GC invocations=4 (full 0):
 garbage-first heap   total 131072K, used 82812K [0x0000000081e00000, 0x0000000100000000)
  region size 1024K, 34 young (34816K), 5 survivors (5120K)
 Metaspace       used 21260K, committed 21504K, reserved 1114112K
  class space    used 2484K, committed 2624K, reserved 1048576K
}
Event: 10.745 GC heap after
{Heap after GC invocations=5 (full 0):
 garbage-first heap   total 131072K, used 25383K [0x0000000081e00000, 0x0000000100000000)
  region size 1024K, 9 young (9216K), 9 survivors (9216K)
 Metaspace       used 21260K, committed 21504K, reserved 1114112K
  class space    used 2484K, committed 2624K, reserved 1048576K
}
Event: 12.424 GC heap before
{Heap before GC invocations=6 (full 0):
 garbage-first heap   total 89088K, used 71463K [0x0000000081e00000, 0x0000000100000000)
  region size 1024K, 52 young (53248K), 9 survivors (9216K)
 Metaspace       used 26471K, committed 26816K, reserved 1114112K
  class space    used 3066K, committed 3264K, reserved 1048576K
}
Event: 12.459 GC heap after
{Heap after GC invocations=7 (full 0):
 garbage-first heap   total 95232K, used 39582K [0x0000000081e00000, 0x0000000100000000)
  region size 1024K, 7 young (7168K), 7 survivors (7168K)
 Metaspace       used 26471K, committed 26816K, reserved 1114112K
  class space    used 3066K, committed 3264K, reserved 1048576K
}
Event: 13.462 GC heap before
{Heap before GC invocations=7 (full 0):
 garbage-first heap   total 95232K, used 68254K [0x0000000081e00000, 0x0000000100000000)
  region size 1024K, 35 young (35840K), 7 survivors (7168K)
 Metaspace       used 28515K, committed 28864K, reserved 1114112K
  class space    used 3272K, committed 3456K, reserved 1048576K
}
Event: 13.488 GC heap after
{Heap after GC invocations=8 (full 0):
 garbage-first heap   total 95232K, used 44924K [0x0000000081e00000, 0x0000000100000000)
  region size 1024K, 5 young (5120K), 5 survivors (5120K)
 Metaspace       used 28515K, committed 28864K, reserved 1114112K
  class space    used 3272K, committed 3456K, reserved 1048576K
}
Event: 14.685 GC heap before
{Heap before GC invocations=8 (full 0):
 garbage-first heap   total 95232K, used 69500K [0x0000000081e00000, 0x0000000100000000)
  region size 1024K, 30 young (30720K), 5 survivors (5120K)
 Metaspace       used 32410K, committed 32704K, reserved 1114112K
  class space    used 3821K, committed 3968K, reserved 1048576K
}
Event: 14.703 GC heap after
{Heap after GC invocations=9 (full 0):
 garbage-first heap   total 95232K, used 47954K [0x0000000081e00000, 0x0000000100000000)
  region size 1024K, 3 young (3072K), 3 survivors (3072K)
 Metaspace       used 32410K, committed 32704K, reserved 1114112K
  class space    used 3821K, committed 3968K, reserved 1048576K
}

Deoptimization events (20 events):
Event: 14.792 Thread 0x000001ffe38e82a0 Uncommon trap: trap_request=0xffffffde fr.pc=0x000001fff2f237ec relative=0x0000000000000a8c
Event: 14.792 Thread 0x000001ffe38e82a0 Uncommon trap: reason=class_check action=maybe_recompile pc=0x000001fff2f237ec method=java.lang.ClassLoader.loadClass(Ljava/lang/String;Z)Ljava/lang/Class; @ 38 c2
Event: 14.792 Thread 0x000001ffe38e82a0 DEOPT PACKING pc=0x000001fff2f237ec sp=0x000000f3f83fa970
Event: 14.792 Thread 0x000001ffe38e82a0 DEOPT UNPACKING pc=0x000001fff27023a3 sp=0x000000f3f83fa928 mode 2
Event: 14.794 Thread 0x000001ffe38e82a0 Uncommon trap: trap_request=0xffffffde fr.pc=0x000001fff2f237ec relative=0x0000000000000a8c
Event: 14.794 Thread 0x000001ffe38e82a0 Uncommon trap: reason=class_check action=maybe_recompile pc=0x000001fff2f237ec method=java.lang.ClassLoader.loadClass(Ljava/lang/String;Z)Ljava/lang/Class; @ 38 c2
Event: 14.794 Thread 0x000001ffe38e82a0 DEOPT PACKING pc=0x000001fff2f237ec sp=0x000000f3f83f8010
Event: 14.794 Thread 0x000001ffe38e82a0 DEOPT UNPACKING pc=0x000001fff27023a3 sp=0x000000f3f83f7fc8 mode 2
Event: 14.796 Thread 0x000001ffe38e82a0 Uncommon trap: trap_request=0xffffffde fr.pc=0x000001fff2f237ec relative=0x0000000000000a8c
Event: 14.796 Thread 0x000001ffe38e82a0 Uncommon trap: reason=class_check action=maybe_recompile pc=0x000001fff2f237ec method=java.lang.ClassLoader.loadClass(Ljava/lang/String;Z)Ljava/lang/Class; @ 38 c2
Event: 14.796 Thread 0x000001ffe38e82a0 DEOPT PACKING pc=0x000001fff2f237ec sp=0x000000f3f83f80c0
Event: 14.796 Thread 0x000001ffe38e82a0 DEOPT UNPACKING pc=0x000001fff27023a3 sp=0x000000f3f83f8078 mode 2
Event: 14.797 Thread 0x000001ffe38e82a0 Uncommon trap: trap_request=0xffffffde fr.pc=0x000001fff2f237ec relative=0x0000000000000a8c
Event: 14.797 Thread 0x000001ffe38e82a0 Uncommon trap: reason=class_check action=maybe_recompile pc=0x000001fff2f237ec method=java.lang.ClassLoader.loadClass(Ljava/lang/String;Z)Ljava/lang/Class; @ 38 c2
Event: 14.797 Thread 0x000001ffe38e82a0 DEOPT PACKING pc=0x000001fff2f237ec sp=0x000000f3f83f8010
Event: 14.797 Thread 0x000001ffe38e82a0 DEOPT UNPACKING pc=0x000001fff27023a3 sp=0x000000f3f83f7fc8 mode 2
Event: 14.882 Thread 0x000001ffe38e82a0 Uncommon trap: trap_request=0xffffff45 fr.pc=0x000001fff2db21a8 relative=0x00000000000004e8
Event: 14.882 Thread 0x000001ffe38e82a0 Uncommon trap: reason=unstable_if action=reinterpret pc=0x000001fff2db21a8 method=java.util.HashMap.hash(Ljava/lang/Object;)I @ 1 c2
Event: 14.882 Thread 0x000001ffe38e82a0 DEOPT PACKING pc=0x000001fff2db21a8 sp=0x000000f3f83fb6a0
Event: 14.883 Thread 0x000001ffe38e82a0 DEOPT UNPACKING pc=0x000001fff27023a3 sp=0x000000f3f83fb4d8 mode 2

Classes unloaded (0 events):
No events

Classes redefined (0 events):
No events

Internal exceptions (20 events):
Event: 14.640 Thread 0x000001ffe38e82a0 Exception <a 'java/lang/ClassNotFoundException'{0x0000000085c11f00}: org/mapstruct/ap/internal/model/NormalTypeMappingMethodBeanInfo> (0x0000000085c11f00) 
thrown [s\open\src\hotspot\share\classfile\systemDictionary.cpp, line 256]
Event: 14.640 Thread 0x000001ffe38e82a0 Exception <a 'java/lang/ClassNotFoundException'{0x0000000085c1aed0}: org/mapstruct/ap/internal/model/MappingMethodBeanInfo> (0x0000000085c1aed0) 
thrown [s\open\src\hotspot\share\classfile\systemDictionary.cpp, line 256]
Event: 14.641 Thread 0x000001ffe38e82a0 Exception <a 'java/lang/ClassNotFoundException'{0x0000000085c24298}: org/mapstruct/ap/internal/model/GeneratedTypeMethodBeanInfo> (0x0000000085c24298) 
thrown [s\open\src\hotspot\share\classfile\systemDictionary.cpp, line 256]
Event: 14.641 Thread 0x000001ffe38e82a0 Exception <a 'java/lang/ClassNotFoundException'{0x0000000085c2d648}: org/mapstruct/ap/internal/model/GeneratedTypeMethodCustomizer> (0x0000000085c2d648) 
thrown [s\open\src\hotspot\share\classfile\systemDictionary.cpp, line 256]
Event: 14.642 Thread 0x000001ffe38e82a0 Exception <a 'java/lang/ClassNotFoundException'{0x0000000085c385c0}: org/mapstruct/ap/internal/model/MappingMethodCustomizer> (0x0000000085c385c0) 
thrown [s\open\src\hotspot\share\classfile\systemDictionary.cpp, line 256]
Event: 14.646 Thread 0x000001ffe38e82a0 Exception <a 'java/lang/ClassNotFoundException'{0x0000000085c5b9d0}: org/mapstruct/ap/internal/model/NormalTypeMappingMethodCustomizer> (0x0000000085c5b9d0) 
thrown [s\open\src\hotspot\share\classfile\systemDictionary.cpp, line 256]
Event: 14.648 Thread 0x000001ffe38e82a0 Exception <a 'java/lang/ClassNotFoundException'{0x0000000085c71308}: org/mapstruct/ap/internal/model/BeanMappingMethodCustomizer> (0x0000000085c71308) 
thrown [s\open\src\hotspot\share\classfile\systemDictionary.cpp, line 256]
Event: 14.703 Thread 0x000001ffe38e82a0 Exception <a 'java/lang/ClassNotFoundException'{0x0000000085b00018}: org/mapstruct/ap/internal/model/common/ParameterBeanInfo> (0x0000000085b00018) 
thrown [s\open\src\hotspot\share\classfile\systemDictionary.cpp, line 256]
Event: 14.704 Thread 0x000001ffe38e82a0 Exception <a 'java/lang/ClassNotFoundException'{0x0000000089d092b0}: org/mapstruct/ap/internal/model/common/ParameterCustomizer> (0x0000000089d092b0) 
thrown [s\open\src\hotspot\share\classfile\systemDictionary.cpp, line 256]
Event: 14.711 Thread 0x000001ffe38e82a0 Exception <a 'java/lang/ClassNotFoundException'{0x0000000089d50118}: java/util/LinkedHashMap$LinkedValuesBeanInfo> (0x0000000089d50118) 
thrown [s\open\src\hotspot\share\classfile\systemDictionary.cpp, line 256]
Event: 14.712 Thread 0x000001ffe38e82a0 Exception <a 'java/lang/ClassNotFoundException'{0x0000000089d56080}: java/util/LinkedHashMap$LinkedValuesCustomizer> (0x0000000089d56080) 
thrown [s\open\src\hotspot\share\classfile\systemDictionary.cpp, line 256]
Event: 14.713 Thread 0x000001ffe38e82a0 Exception <a 'java/lang/ClassNotFoundException'{0x0000000089d69418}: java/util/LinkedHashMap$LinkedValueIteratorBeanInfo> (0x0000000089d69418) 
thrown [s\open\src\hotspot\share\classfile\systemDictionary.cpp, line 256]
Event: 14.714 Thread 0x000001ffe38e82a0 Exception <a 'java/lang/ClassNotFoundException'{0x0000000089d6f450}: java/util/LinkedHashMap$LinkedHashIteratorBeanInfo> (0x0000000089d6f450) 
thrown [s\open\src\hotspot\share\classfile\systemDictionary.cpp, line 256]
Event: 14.716 Thread 0x000001ffe38e82a0 Exception <a 'java/lang/ClassNotFoundException'{0x0000000089d75408}: java/util/LinkedHashMap$LinkedHashIteratorCustomizer> (0x0000000089d75408) 
thrown [s\open\src\hotspot\share\classfile\systemDictionary.cpp, line 256]
Event: 14.718 Thread 0x000001ffe38e82a0 Exception <a 'java/lang/ClassNotFoundException'{0x0000000089d7f040}: java/util/LinkedHashMap$LinkedValueIteratorCustomizer> (0x0000000089d7f040) 
thrown [s\open\src\hotspot\share\classfile\systemDictionary.cpp, line 256]
Event: 14.721 Thread 0x000001ffe38e82a0 Exception <a 'java/lang/ClassNotFoundException'{0x0000000089d8d900}: org/mapstruct/ap/internal/model/presence/NullPresenceCheckBeanInfo> (0x0000000089d8d900) 
thrown [s\open\src\hotspot\share\classfile\systemDictionary.cpp, line 256]
Event: 14.723 Thread 0x000001ffe38e82a0 Exception <a 'java/lang/ClassNotFoundException'{0x0000000089d96ea8}: org/mapstruct/ap/internal/model/presence/NullPresenceCheckCustomizer> (0x0000000089d96ea8) 
thrown [s\open\src\hotspot\share\classfile\systemDictionary.cpp, line 256]
Event: 14.766 Thread 0x000001ffe38e82a0 Exception <a 'java/lang/ClassNotFoundException'{0x000000008806f1a0}: java/util/Collections$EmptyIteratorBeanInfo> (0x000000008806f1a0) 
thrown [s\open\src\hotspot\share\classfile\systemDictionary.cpp, line 256]
Event: 14.767 Thread 0x000001ffe38e82a0 Exception <a 'java/lang/ClassNotFoundException'{0x00000000880750f8}: java/util/Collections$EmptyIteratorCustomizer> (0x00000000880750f8) 
thrown [s\open\src\hotspot\share\classfile\systemDictionary.cpp, line 256]
Event: 14.882 Thread 0x000001ffe38e82a0 Implicit null exception at 0x000001fff2db1d2f to 0x000001fff2db218c

VM Operations (20 events):
Event: 13.066 Executing VM operation: HandshakeAllThreads
Event: 13.066 Executing VM operation: HandshakeAllThreads done
Event: 13.273 Executing VM operation: ICBufferFull
Event: 13.273 Executing VM operation: ICBufferFull done
Event: 13.462 Executing VM operation: G1CollectForAllocation
Event: 13.489 Executing VM operation: G1CollectForAllocation done
Event: 13.543 Executing VM operation: HandshakeAllThreads
Event: 13.543 Executing VM operation: HandshakeAllThreads done
Event: 13.730 Executing VM operation: HandshakeAllThreads
Event: 13.730 Executing VM operation: HandshakeAllThreads done
Event: 14.545 Executing VM operation: HandshakeAllThreads
Event: 14.545 Executing VM operation: HandshakeAllThreads done
Event: 14.545 Executing VM operation: Cleanup
Event: 14.545 Executing VM operation: Cleanup done
Event: 14.684 Executing VM operation: G1CollectForAllocation
Event: 14.703 Executing VM operation: G1CollectForAllocation done
Event: 14.741 Executing VM operation: HandshakeAllThreads
Event: 14.741 Executing VM operation: HandshakeAllThreads done
Event: 14.741 Executing VM operation: HandshakeAllThreads
Event: 14.741 Executing VM operation: HandshakeAllThreads done

Events (20 events):
Event: 14.784 loading class java/util/WeakHashMap$HashIterator
Event: 14.784 loading class java/util/WeakHashMap$HashIterator done
Event: 14.784 loading class java/util/WeakHashMap$EntryIterator done
Event: 14.817 loading class jdk/internal/module/IllegalAccessLogger
Event: 14.817 loading class jdk/internal/module/IllegalAccessLogger done
Event: 14.899 loading class java/lang/LayerInstantiationException
Event: 14.900 loading class java/lang/LayerInstantiationException done
Event: 14.900 loading class jdk/internal/loader/Loader
Event: 14.900 loading class jdk/internal/loader/Loader done
Event: 14.902 loading class java/lang/Class$EnclosingMethodInfo
Event: 14.903 loading class java/lang/Class$EnclosingMethodInfo done
Event: 15.219 loading class java/text/BreakIterator
Event: 15.219 loading class java/text/BreakIterator done
Event: 15.482 loading class java/util/regex/Pattern$LookBehindEndNode
Event: 15.483 loading class java/util/regex/Pattern$LookBehindEndNode done
Event: 15.483 loading class java/util/regex/Pattern$NotBehind
Event: 15.483 loading class java/util/regex/Pattern$NotBehind done
Event: 15.509 Thread 0x000001ffc78255d0 Thread added: 0x000001ffc78255d0
Event: 15.572 loading class java/util/Vector$1
Event: 15.572 loading class java/util/Vector$1 done


Dynamic libraries:
0x00007ff644630000 - 0x00007ff644640000 	C:\Users\KraftWork\Desktop\jdk-17.0.9\bin\java.exe
0x00007ffeef830000 - 0x00007ffeefa47000 	C:\WINDOWS\SYSTEM32\ntdll.dll
0x00007ffeef070000 - 0x00007ffeef134000 	C:\WINDOWS\System32\KERNEL32.DLL
0x00007ffeecb50000 - 0x00007ffeecefd000 	C:\WINDOWS\System32\KERNELBASE.dll
0x00007ffeed1e0000 - 0x00007ffeed2f1000 	C:\WINDOWS\System32\ucrtbase.dll
0x00007ffeb6d80000 - 0x00007ffeb6d9b000 	C:\Users\KraftWork\Desktop\jdk-17.0.9\bin\VCRUNTIME140.dll
0x00007ffeb6d30000 - 0x00007ffeb6d49000 	C:\Users\KraftWork\Desktop\jdk-17.0.9\bin\jli.dll
0x00007ffeef490000 - 0x00007ffeef542000 	C:\WINDOWS\System32\ADVAPI32.dll
0x00007ffeedc90000 - 0x00007ffeedd37000 	C:\WINDOWS\System32\msvcrt.dll
0x00007ffeedab0000 - 0x00007ffeedb59000 	C:\WINDOWS\System32\sechost.dll
0x00007ffeecf00000 - 0x00007ffeecf28000 	C:\WINDOWS\System32\bcrypt.dll
0x00007ffeef550000 - 0x00007ffeef664000 	C:\WINDOWS\System32\RPCRT4.dll
0x00007ffeedf00000 - 0x00007ffeee0ae000 	C:\WINDOWS\System32\USER32.dll
0x00007ffeed300000 - 0x00007ffeed326000 	C:\WINDOWS\System32\win32u.dll
0x00007ffeef400000 - 0x00007ffeef429000 	C:\WINDOWS\System32\GDI32.dll
0x00007ffed61b0000 - 0x00007ffed6443000 	C:\WINDOWS\WinSxS\amd64_microsoft.windows.common-controls_6595b64144ccf1df_6.0.22621.3672_none_2713b9d173822955\COMCTL32.dll
0x00007ffeed330000 - 0x00007ffeed449000 	C:\WINDOWS\System32\gdi32full.dll
0x00007ffeed4c0000 - 0x00007ffeed55a000 	C:\WINDOWS\System32\msvcp_win.dll
0x00007ffeec690000 - 0x00007ffeec69a000 	C:\WINDOWS\SYSTEM32\VERSION.dll
0x00007ffeeda60000 - 0x00007ffeeda91000 	C:\WINDOWS\System32\IMM32.DLL
0x000000005f850000 - 0x000000005f85c000 	C:\Program Files (x86)\360\Total Security\safemon\SafeWrapper.dll
0x00007ffeb6d70000 - 0x00007ffeb6d7c000 	C:\Users\KraftWork\Desktop\jdk-17.0.9\bin\vcruntime140_1.dll
0x00007ffeaec10000 - 0x00007ffeaec9e000 	C:\Users\KraftWork\Desktop\jdk-17.0.9\bin\msvcp140.dll
0x00007ffe65a60000 - 0x00007ffe66641000 	C:\Users\KraftWork\Desktop\jdk-17.0.9\bin\server\jvm.dll
0x00007ffeedaa0000 - 0x00007ffeedaa8000 	C:\WINDOWS\System32\PSAPI.DLL
0x00007ffee63f0000 - 0x00007ffee6424000 	C:\WINDOWS\SYSTEM32\WINMM.dll
0x00007ffee8f20000 - 0x00007ffee8f29000 	C:\WINDOWS\SYSTEM32\WSOCK32.dll
0x00007ffeef770000 - 0x00007ffeef7e1000 	C:\WINDOWS\System32\WS2_32.dll
0x00007ffeebad0000 - 0x00007ffeebae8000 	C:\WINDOWS\SYSTEM32\kernel.appcore.dll
0x00007ffeb6d10000 - 0x00007ffeb6d1a000 	C:\Users\KraftWork\Desktop\jdk-17.0.9\bin\jimage.dll
0x00007ffee0090000 - 0x00007ffee02c2000 	C:\WINDOWS\SYSTEM32\DBGHELP.DLL
0x00007ffeee0b0000 - 0x00007ffeee43d000 	C:\WINDOWS\System32\combase.dll
0x00007ffeeed20000 - 0x00007ffeeedf7000 	C:\WINDOWS\System32\OLEAUT32.dll
0x00007ffed29c0000 - 0x00007ffed29f2000 	C:\WINDOWS\SYSTEM32\dbgcore.DLL
0x00007ffeecff0000 - 0x00007ffeed06b000 	C:\WINDOWS\System32\bcryptPrimitives.dll
0x00007ffeb6d00000 - 0x00007ffeb6d0e000 	C:\Users\KraftWork\Desktop\jdk-17.0.9\bin\instrument.dll
0x00007ffeaea70000 - 0x00007ffeaea95000 	C:\Users\KraftWork\Desktop\jdk-17.0.9\bin\java.dll
0x00007ffe98ae0000 - 0x00007ffe98bb7000 	C:\Users\KraftWork\Desktop\jdk-17.0.9\bin\jsvml.dll
0x00007ffeee440000 - 0x00007ffeeeca7000 	C:\WINDOWS\System32\SHELL32.dll
0x00007ffeea9e0000 - 0x00007ffeeb2de000 	C:\WINDOWS\SYSTEM32\windows.storage.dll
0x00007ffeea8a0000 - 0x00007ffeea9df000 	C:\WINDOWS\SYSTEM32\wintypes.dll
0x00007ffeef670000 - 0x00007ffeef769000 	C:\WINDOWS\System32\SHCORE.dll
0x00007ffeedb80000 - 0x00007ffeedbde000 	C:\WINDOWS\System32\shlwapi.dll
0x00007ffeeca80000 - 0x00007ffeecaa1000 	C:\WINDOWS\SYSTEM32\profapi.dll
0x00007ffeaebf0000 - 0x00007ffeaec08000 	C:\Users\KraftWork\Desktop\jdk-17.0.9\bin\zip.dll
0x00007ffe9d4c0000 - 0x00007ffe9d4d9000 	C:\Users\KraftWork\Desktop\jdk-17.0.9\bin\net.dll
0x00007ffeea540000 - 0x00007ffeea676000 	C:\WINDOWS\SYSTEM32\WINHTTP.dll
0x00007ffeebf30000 - 0x00007ffeebf99000 	C:\WINDOWS\system32\mswsock.dll
0x00007ffe9d3f0000 - 0x00007ffe9d406000 	C:\Users\KraftWork\Desktop\jdk-17.0.9\bin\nio.dll
0x00007ffe9d330000 - 0x00007ffe9d34a000 	C:\Program Files\JetBrains\IntelliJ IDEA Community Edition 2024.1.1\bin\breakgen64.dll
0x00007ffe98c90000 - 0x00007ffe98cb4000 	C:\Users\KraftWork\AppData\Local\Temp\jansi-2.4.1-acc998ba0b22a627-jansi.dll
0x00007ffeb6cf0000 - 0x00007ffeb6d00000 	C:\Users\KraftWork\Desktop\jdk-17.0.9\bin\verify.dll

dbghelp: loaded successfully - version: 4.0.5 - missing functions: none
symbol engine: initialized successfully - sym options: 0x614 - pdb path: .;C:\Users\KraftWork\Desktop\jdk-17.0.9\bin;C:\WINDOWS\SYSTEM32;C:\WINDOWS\WinSxS\amd64_microsoft.windows.common-controls_6595b64144ccf1df_6.0.22621.3672_none_2713b9d173822955;C:\Program Files (x86)\360\Total Security\safemon;C:\Users\KraftWork\Desktop\jdk-17.0.9\bin\server;C:\Program Files\JetBrains\IntelliJ IDEA Community Edition 2024.1.1\bin;C:\Users\KraftWork\AppData\Local\Temp

VM Arguments:
jvm_args: -Dmaven.multiModuleProjectDirectory=C:\Users\KraftWork\Desktop\GitWorkSpace\Project_D\event -Djansi.passthrough=true -Dmaven.home=C:\Users\KraftWork\.m2\wrapper\dists\apache-maven-3.9.7-bin\3k9n615lchs6mp84v355m633uo\apache-maven-3.9.7 -Dclassworlds.conf=C:\Users\KraftWork\.m2\wrapper\dists\apache-maven-3.9.7-bin\3k9n615lchs6mp84v355m633uo\apache-maven-3.9.7\bin\m2.conf -Dmaven.ext.class.path=C:\Program Files\JetBrains\IntelliJ IDEA Community Edition 2024.1.1\plugins\maven\lib\maven-event-listener.jar -javaagent:C:\Program Files\JetBrains\IntelliJ IDEA Community Edition 2024.1.1\lib\idea_rt.jar=62198:C:\Program Files\JetBrains\IntelliJ IDEA Community Edition 2024.1.1\bin -Dfile.encoding=UTF-8 
java_command: org.codehaus.classworlds.Launcher -Didea.version=2024.1.1 spring-boot:run
java_class_path (initial): C:\Users\KraftWork\.m2\wrapper\dists\apache-maven-3.9.7-bin\3k9n615lchs6mp84v355m633uo\apache-maven-3.9.7\boot\plexus-classworlds-2.8.0.jar;C:\Users\KraftWork\.m2\wrapper\dists\apache-maven-3.9.7-bin\3k9n615lchs6mp84v355m633uo\apache-maven-3.9.7\boot\plexus-classworlds.license
Launcher Type: SUN_STANDARD

[Global flags]
     intx CICompilerCount                          = 4                                         {product} {ergonomic}
     uint ConcGCThreads                            = 2                                         {product} {ergonomic}
     uint G1ConcRefinementThreads                  = 8                                         {product} {ergonomic}
   size_t G1HeapRegionSize                         = 1048576                                   {product} {ergonomic}
    uintx GCDrainStackTargetSize                   = 64                                        {product} {ergonomic}
   size_t InitialHeapSize                          = 134217728                                 {product} {ergonomic}
   size_t MarkStackSize                            = 4194304                                   {product} {ergonomic}
   size_t MaxHeapSize                              = 2116026368                                {product} {ergonomic}
   size_t MaxNewSize                               = 1268776960                                {product} {ergonomic}
   size_t MinHeapDeltaBytes                        = 1048576                                   {product} {ergonomic}
   size_t MinHeapSize                              = 8388608                                   {product} {ergonomic}
    uintx NonNMethodCodeHeapSize                   = 5839372                                {pd product} {ergonomic}
    uintx NonProfiledCodeHeapSize                  = 122909434                              {pd product} {ergonomic}
    uintx ProfiledCodeHeapSize                     = 122909434                              {pd product} {ergonomic}
    uintx ReservedCodeCacheSize                    = 251658240                              {pd product} {ergonomic}
     bool SegmentedCodeCache                       = true                                      {product} {ergonomic}
   size_t SoftMaxHeapSize                          = 2116026368                             {manageable} {ergonomic}
     bool UseCompressedClassPointers               = true                           {product lp64_product} {ergonomic}
     bool UseCompressedOops                        = true                           {product lp64_product} {ergonomic}
     bool UseG1GC                                  = true                                      {product} {ergonomic}
     bool UseLargePagesIndividualAllocation        = false                                  {pd product} {ergonomic}

Logging:
Log output configuration:
 #0: stdout all=warning uptime,level,tags
 #1: stderr all=off uptime,level,tags

Environment Variables:
PATH=C:\WINDOWS\system32;C:\WINDOWS;C:\WINDOWS\System32\Wbem;C:\WINDOWS\System32\WindowsPowerShell\v1.0\;C:\WINDOWS\System32\OpenSSH\;C:\Users\KraftWork\xampp;C:\Users\KraftWork\xampp\htdocs;C:\xampp;C:\xampp\php;C:\ProgramData\ComposerSetup\bin;C:\Users\KraftWork\Desktop\apache-maven-3.9.4;C:\Users\KraftWork\Desktop\jdk-17.0.9\bin;C:\Program Files\Cloudflare\Cloudflare WARP\;C:\Program Files\Microsoft SQL Server\Client SDK\ODBC\170\Tools\Binn\;C:\Program Files\dotnet\;C:\Program Files (x86)\Microsoft SQL Server\160\DTS\Binn\;C:\Users\KraftWork\Downloads\apache-maven-3.9.8-bin\apache-maven-3.9.8\lib;C:\Program Files\nodejs\;C:\Program Files\GitAdmin\cmd;C:\Users\KraftWork\Downloads\go1.22.6.windows-amd64\go\bin;C:\Users\KraftWork\Documents\ffmpeg\ffmpeg-7.0.2-essentials_build\bin;C:\Program Files\OpenSSL-Win64\bin;C:\xampp\php;C:\Users\KraftWork\AppData\Local\Microsoft\WindowsApps;C:\Users\KraftWork\AppData\Local\Programs\Microsoft VS Code\bin;C:\Users\KraftWork\xampp\phpMyAdmin\vendor\composer;C:\Users\KraftWork\Downloads\unzip-5.51-1-bin;C:\ProgramData\Microsoft\Windows\Start Menu\Programs\Node.js;C:\Users\KraftWork\AppData\Local\Programs\Git\cmd;C:\Users\KraftWork\xampp\htdocs;C:\Users\KraftWork\AppData\Local\ComposerSetup\bin;C:\Users\KraftWork\AppData\Roaming\Composer\vendor\bin;C:\Program Files\Java\bin;C:\Users\KraftWork\tools;C:\Program Files\MySQL\MySQL Server 8.0\bin;C:\Users\KraftWork\AppData\Local\GitHubDesktop\bin;C:\Users\KraftWork\.dotnet\tools;C:\Users\KraftWork\AppData\Roaming\npm
USERNAME=KraftWork
OS=Windows_NT
PROCESSOR_IDENTIFIER=Intel64 Family 6 Model 142 Stepping 10, GenuineIntel



---------------  S Y S T E M  ---------------

OS:
 Windows 11 , 64 bit Build 22621 (10.0.22621.3958)
OS uptime: 3 days 5:55 hours
Hyper-V role detected

CPU: total 8 (initial active 8) (4 cores per cpu, 2 threads per core) family 6 model 142 stepping 10 microcode 0xea, cx8, cmov, fxsr, ht, mmx, 3dnowpref, sse, sse2, sse3, ssse3, sse4.1, sse4.2, popcnt, lzcnt, tsc, tscinvbit, avx, avx2, aes, erms, clmul, bmi1, bmi2, adx, fma, vzeroupper, clflush, clflushopt, hv

Memory: 4k page, system-wide physical 8070M (674M free)
TotalPageFile size 32646M (AvailPageFile size 5M)
current process WorkingSet (physical memory assigned to process): 245M, peak: 250M
current process commit charge ("private bytes"): 285M, peak: 286M

vm_info: Java HotSpot(TM) 64-Bit Server VM (17.0.9+11-LTS-201) for windows-amd64 JRE (17.0.9+11-LTS-201), built on Oct 10 2023 23:16:06 by "mach5one" with MS VC++ 17.1 (VS2022)

END.
