#
# There is insufficient memory for the Java Runtime Environment to continue.
# Native memory allocation (mmap) failed to map 134217728 bytes for G1 virtual space
# Possible reasons:
#   The system is out of physical RAM or swap space
#   The process is running with CompressedOops enabled, and the Java Heap may be blocking the growth of the native heap
# Possible solutions:
#   Reduce memory load on the system
#   Increase physical memory or swap space
#   Check if swap backing store is full
#   Decrease Java heap size (-Xmx/-Xms)
#   Decrease number of Java threads
#   Decrease Java thread stack sizes (-Xss)
#   Set larger code cache with -XX:ReservedCodeCacheSize=
#   JVM is running with Unscaled Compressed Oops mode in which the Java heap is
#     placed in the first 4GB address space. The Java Heap base address is the
#     maximum limit for the native heap growth. Please use -XX:HeapBaseMinAddress
#     to set the Java Heap base and to place the Java Heap above 4GB virtual address.
# This output file may be truncated or incomplete.
#
#  Out of Memory Error (os_windows.cpp:3552), pid=61108, tid=30892
#
# JRE version:  (17.0.9+11) (build )
# Java VM: Java HotSpot(TM) 64-Bit Server VM (17.0.9+11-LTS-201, mixed mode, sharing, tiered, compressed oops, compressed class ptrs, g1 gc, windows-amd64)
# No core dump will be written. Minidumps are not enabled by default on client versions of Windows
#

---------------  S U M M A R Y ------------

Command Line: -Dmaven.multiModuleProjectDirectory=C:\Users\KraftWork\Desktop\GitWorkSpace\Project_D\event -Djansi.passthrough=true -Dmaven.home=C:\Users\KraftWork\.m2\wrapper\dists\apache-maven-3.9.7-bin\3k9n615lchs6mp84v355m633uo\apache-maven-3.9.7 -Dclassworlds.conf=C:\Users\KraftWork\.m2\wrapper\dists\apache-maven-3.9.7-bin\3k9n615lchs6mp84v355m633uo\apache-maven-3.9.7\bin\m2.conf -Dmaven.ext.class.path=C:\Program Files\JetBrains\IntelliJ IDEA Community Edition 2024.1.1\plugins\maven\lib\maven-event-listener.jar -javaagent:C:\Program Files\JetBrains\IntelliJ IDEA Community Edition 2024.1.1\lib\idea_rt.jar=62275:C:\Program Files\JetBrains\IntelliJ IDEA Community Edition 2024.1.1\bin -Dfile.encoding=UTF-8 org.codehaus.classworlds.Launcher -Didea.version=2024.1.1 spring-boot:run

Host: Intel(R) Core(TM) i5-8250U CPU @ 1.60GHz, 8 cores, 7G,  Windows 11 , 64 bit Build 22621 (10.0.22621.3958)
Time: Fri Aug 16 16:36:23 2024 Myanmar Standard Time elapsed time: 0.040963 seconds (0d 0h 0m 0s)

---------------  T H R E A D  ---------------

Current thread (0x000001cb96089a20):  JavaThread "Unknown thread" [_thread_in_vm, id=30892, stack(0x000000074be00000,0x000000074bf00000)]

Stack: [0x000000074be00000,0x000000074bf00000]
Native frames: (J=compiled Java code, j=interpreted, Vv=VM code, C=native code)
V  [jvm.dll+0x678a4a]
V  [jvm.dll+0x7d9cfd]
V  [jvm.dll+0x7db60e]
V  [jvm.dll+0x7dbc73]
V  [jvm.dll+0x245e1f]
V  [jvm.dll+0x6758f9]
V  [jvm.dll+0x66a2a2]
V  [jvm.dll+0x303686]
V  [jvm.dll+0x30ac06]
V  [jvm.dll+0x35a48e]
V  [jvm.dll+0x35a6bf]
V  [jvm.dll+0x2da678]
V  [jvm.dll+0x2db5e4]
V  [jvm.dll+0x7ab6b1]
V  [jvm.dll+0x368041]
V  [jvm.dll+0x78a749]
V  [jvm.dll+0x3ebd4f]
V  [jvm.dll+0x3ed7d1]
C  [jli.dll+0x5297]
C  [ucrtbase.dll+0x29333]
C  [KERNEL32.DLL+0x1257d]
C  [ntdll.dll+0x5af28]


---------------  P R O C E S S  ---------------

Threads class SMR info:
_java_thread_list=0x00007ffe665189d8, length=0, elements={
}

Java Threads: ( => current thread )

Other Threads:
  0x000001cb960e3190 GCTaskThread "GC Thread#0" [stack: 0x000000074bf00000,0x000000074c000000] [id=44176]
  0x000001cb960f3d20 ConcurrentGCThread "G1 Main Marker" [stack: 0x000000074c000000,0x000000074c100000] [id=54216]
  0x000001cb960f4730 ConcurrentGCThread "G1 Conc#0" [stack: 0x000000074c100000,0x000000074c200000] [id=32084]

[error occurred during error reporting (printing all threads), id 0xc0000005, EXCEPTION_ACCESS_VIOLATION (0xc0000005) at pc=0x00007ffe65d4b2d7]

VM state: not at safepoint (not fully initialized)

VM Mutex/Monitor currently owned by a thread:  ([mutex/lock_event])
[0x000001cb96084e30] Heap_lock - owner thread: 0x000001cb96089a20

Heap address: 0x0000000081e00000, size: 2018 MB, Compressed Oops mode: 32-bit

CDS archive(s) mapped at: [0x0000000000000000-0x0000000000000000-0x0000000000000000), size 0, SharedBaseAddress: 0x0000000800000000, ArchiveRelocationMode: 1.
Narrow klass base: 0x0000000000000000, Narrow klass shift: 0, Narrow klass range: 0x0

GC Precious Log:
<Empty>

Heap:
 garbage-first heap   total 0K, used 0K [0x0000000081e00000, 0x0000000100000000)
  region size 1024K, 0 young (0K), 0 survivors (0K)

[error occurred during error reporting (printing heap information), id 0xc0000005, EXCEPTION_ACCESS_VIOLATION (0xc0000005) at pc=0x00007ffe66132229]

GC Heap History (0 events):
No events

Deoptimization events (0 events):
No events

Classes unloaded (0 events):
No events

Classes redefined (0 events):
No events

Internal exceptions (0 events):
No events

VM Operations (0 events):
No events

Events (1 events):
Event: 0.020 Loaded shared library C:\Users\KraftWork\Desktop\jdk-17.0.9\bin\java.dll


Dynamic libraries:
0x00007ff672810000 - 0x00007ff672820000 	C:\Users\KraftWork\Desktop\jdk-17.0.9\bin\java.exe
0x00007ffeef830000 - 0x00007ffeefa47000 	C:\WINDOWS\SYSTEM32\ntdll.dll
0x00007ffeef070000 - 0x00007ffeef134000 	C:\WINDOWS\System32\KERNEL32.DLL
0x00007ffeecb50000 - 0x00007ffeecefd000 	C:\WINDOWS\System32\KERNELBASE.dll
0x00007ffeed1e0000 - 0x00007ffeed2f1000 	C:\WINDOWS\System32\ucrtbase.dll
0x00007ffeb6d00000 - 0x00007ffeb6d1b000 	C:\Users\KraftWork\Desktop\jdk-17.0.9\bin\VCRUNTIME140.dll
0x00007ffe9d4c0000 - 0x00007ffe9d4d9000 	C:\Users\KraftWork\Desktop\jdk-17.0.9\bin\jli.dll
0x00007ffeef490000 - 0x00007ffeef542000 	C:\WINDOWS\System32\ADVAPI32.dll
0x00007ffeedc90000 - 0x00007ffeedd37000 	C:\WINDOWS\System32\msvcrt.dll
0x00007ffeedab0000 - 0x00007ffeedb59000 	C:\WINDOWS\System32\sechost.dll
0x00007ffeecf00000 - 0x00007ffeecf28000 	C:\WINDOWS\System32\bcrypt.dll
0x00007ffeef550000 - 0x00007ffeef664000 	C:\WINDOWS\System32\RPCRT4.dll
0x00007ffeedf00000 - 0x00007ffeee0ae000 	C:\WINDOWS\System32\USER32.dll
0x00007ffeed300000 - 0x00007ffeed326000 	C:\WINDOWS\System32\win32u.dll
0x00007ffeef400000 - 0x00007ffeef429000 	C:\WINDOWS\System32\GDI32.dll
0x00007ffed61b0000 - 0x00007ffed6443000 	C:\WINDOWS\WinSxS\amd64_microsoft.windows.common-controls_6595b64144ccf1df_6.0.22621.3672_none_2713b9d173822955\COMCTL32.dll
0x00007ffeed330000 - 0x00007ffeed449000 	C:\WINDOWS\System32\gdi32full.dll
0x00007ffeed4c0000 - 0x00007ffeed55a000 	C:\WINDOWS\System32\msvcp_win.dll
0x00007ffeec690000 - 0x00007ffeec69a000 	C:\WINDOWS\SYSTEM32\VERSION.dll
0x00007ffeeda60000 - 0x00007ffeeda91000 	C:\WINDOWS\System32\IMM32.DLL
0x000000005f850000 - 0x000000005f85c000 	C:\Program Files (x86)\360\Total Security\safemon\SafeWrapper.dll
0x00007ffeb6cf0000 - 0x00007ffeb6cfc000 	C:\Users\KraftWork\Desktop\jdk-17.0.9\bin\vcruntime140_1.dll
0x00007ffe98b30000 - 0x00007ffe98bbe000 	C:\Users\KraftWork\Desktop\jdk-17.0.9\bin\msvcp140.dll
0x00007ffe65a60000 - 0x00007ffe66641000 	C:\Users\KraftWork\Desktop\jdk-17.0.9\bin\server\jvm.dll
0x00007ffeedaa0000 - 0x00007ffeedaa8000 	C:\WINDOWS\System32\PSAPI.DLL
0x00007ffee63f0000 - 0x00007ffee6424000 	C:\WINDOWS\SYSTEM32\WINMM.dll
0x00007ffee8f20000 - 0x00007ffee8f29000 	C:\WINDOWS\SYSTEM32\WSOCK32.dll
0x00007ffeef770000 - 0x00007ffeef7e1000 	C:\WINDOWS\System32\WS2_32.dll
0x00007ffeebad0000 - 0x00007ffeebae8000 	C:\WINDOWS\SYSTEM32\kernel.appcore.dll
0x00007ffeafb70000 - 0x00007ffeafb7a000 	C:\Users\KraftWork\Desktop\jdk-17.0.9\bin\jimage.dll
0x00007ffee0090000 - 0x00007ffee02c2000 	C:\WINDOWS\SYSTEM32\DBGHELP.DLL
0x00007ffeee0b0000 - 0x00007ffeee43d000 	C:\WINDOWS\System32\combase.dll
0x00007ffeeed20000 - 0x00007ffeeedf7000 	C:\WINDOWS\System32\OLEAUT32.dll
0x00007ffed29c0000 - 0x00007ffed29f2000 	C:\WINDOWS\SYSTEM32\dbgcore.DLL
0x00007ffeecff0000 - 0x00007ffeed06b000 	C:\WINDOWS\System32\bcryptPrimitives.dll
0x00007ffeaebf0000 - 0x00007ffeaebfe000 	C:\Users\KraftWork\Desktop\jdk-17.0.9\bin\instrument.dll
0x00007ffe98b00000 - 0x00007ffe98b25000 	C:\Users\KraftWork\Desktop\jdk-17.0.9\bin\java.dll

dbghelp: loaded successfully - version: 4.0.5 - missing functions: none
symbol engine: initialized successfully - sym options: 0x614 - pdb path: .;C:\Users\KraftWork\Desktop\jdk-17.0.9\bin;C:\WINDOWS\SYSTEM32;C:\WINDOWS\WinSxS\amd64_microsoft.windows.common-controls_6595b64144ccf1df_6.0.22621.3672_none_2713b9d173822955;C:\Program Files (x86)\360\Total Security\safemon;C:\Users\KraftWork\Desktop\jdk-17.0.9\bin\server

VM Arguments:
jvm_args: -Dmaven.multiModuleProjectDirectory=C:\Users\KraftWork\Desktop\GitWorkSpace\Project_D\event -Djansi.passthrough=true -Dmaven.home=C:\Users\KraftWork\.m2\wrapper\dists\apache-maven-3.9.7-bin\3k9n615lchs6mp84v355m633uo\apache-maven-3.9.7 -Dclassworlds.conf=C:\Users\KraftWork\.m2\wrapper\dists\apache-maven-3.9.7-bin\3k9n615lchs6mp84v355m633uo\apache-maven-3.9.7\bin\m2.conf -Dmaven.ext.class.path=C:\Program Files\JetBrains\IntelliJ IDEA Community Edition 2024.1.1\plugins\maven\lib\maven-event-listener.jar -javaagent:C:\Program Files\JetBrains\IntelliJ IDEA Community Edition 2024.1.1\lib\idea_rt.jar=62275:C:\Program Files\JetBrains\IntelliJ IDEA Community Edition 2024.1.1\bin -Dfile.encoding=UTF-8 
java_command: org.codehaus.classworlds.Launcher -Didea.version=2024.1.1 spring-boot:run
java_class_path (initial): C:\Users\KraftWork\.m2\wrapper\dists\apache-maven-3.9.7-bin\3k9n615lchs6mp84v355m633uo\apache-maven-3.9.7\boot\plexus-classworlds-2.8.0.jar;C:\Users\KraftWork\.m2\wrapper\dists\apache-maven-3.9.7-bin\3k9n615lchs6mp84v355m633uo\apache-maven-3.9.7\boot\plexus-classworlds.license
Launcher Type: SUN_STANDARD

[Global flags]
     intx CICompilerCount                          = 4                                         {product} {ergonomic}
     uint ConcGCThreads                            = 2                                         {product} {ergonomic}
     uint G1ConcRefinementThreads                  = 8                                         {product} {ergonomic}
   size_t G1HeapRegionSize                         = 1048576                                   {product} {ergonomic}
    uintx GCDrainStackTargetSize                   = 64                                        {product} {ergonomic}
   size_t InitialHeapSize                          = 134217728                                 {product} {ergonomic}
   size_t MarkStackSize                            = 4194304                                   {product} {ergonomic}
   size_t MaxHeapSize                              = 2116026368                                {product} {ergonomic}
   size_t MinHeapDeltaBytes                        = 1048576                                   {product} {ergonomic}
   size_t MinHeapSize                              = 8388608                                   {product} {ergonomic}
    uintx NonNMethodCodeHeapSize                   = 5839372                                {pd product} {ergonomic}
    uintx NonProfiledCodeHeapSize                  = 122909434                              {pd product} {ergonomic}
    uintx ProfiledCodeHeapSize                     = 122909434                              {pd product} {ergonomic}
    uintx ReservedCodeCacheSize                    = 251658240                              {pd product} {ergonomic}
     bool SegmentedCodeCache                       = true                                      {product} {ergonomic}
   size_t SoftMaxHeapSize                          = 2116026368                             {manageable} {ergonomic}
     bool UseCompressedClassPointers               = true                           {product lp64_product} {ergonomic}
     bool UseCompressedOops                        = true                           {product lp64_product} {ergonomic}
     bool UseG1GC                                  = true                                      {product} {ergonomic}
     bool UseLargePagesIndividualAllocation        = false                                  {pd product} {ergonomic}

Logging:
Log output configuration:
 #0: stdout all=warning uptime,level,tags
 #1: stderr all=off uptime,level,tags

Environment Variables:
PATH=C:\WINDOWS\system32;C:\WINDOWS;C:\WINDOWS\System32\Wbem;C:\WINDOWS\System32\WindowsPowerShell\v1.0\;C:\WINDOWS\System32\OpenSSH\;C:\Users\KraftWork\xampp;C:\Users\KraftWork\xampp\htdocs;C:\xampp;C:\xampp\php;C:\ProgramData\ComposerSetup\bin;C:\Users\KraftWork\Desktop\apache-maven-3.9.4;C:\Users\KraftWork\Desktop\jdk-17.0.9\bin;C:\Program Files\Cloudflare\Cloudflare WARP\;C:\Program Files\Microsoft SQL Server\Client SDK\ODBC\170\Tools\Binn\;C:\Program Files\dotnet\;C:\Program Files (x86)\Microsoft SQL Server\160\DTS\Binn\;C:\Users\KraftWork\Downloads\apache-maven-3.9.8-bin\apache-maven-3.9.8\lib;C:\Program Files\nodejs\;C:\Program Files\GitAdmin\cmd;C:\Users\KraftWork\Downloads\go1.22.6.windows-amd64\go\bin;C:\Users\KraftWork\Documents\ffmpeg\ffmpeg-7.0.2-essentials_build\bin;C:\Program Files\OpenSSL-Win64\bin;C:\xampp\php;C:\Users\KraftWork\AppData\Local\Microsoft\WindowsApps;C:\Users\KraftWork\AppData\Local\Programs\Microsoft VS Code\bin;C:\Users\KraftWork\xampp\phpMyAdmin\vendor\composer;C:\Users\KraftWork\Downloads\unzip-5.51-1-bin;C:\ProgramData\Microsoft\Windows\Start Menu\Programs\Node.js;C:\Users\KraftWork\AppData\Local\Programs\Git\cmd;C:\Users\KraftWork\xampp\htdocs;C:\Users\KraftWork\AppData\Local\ComposerSetup\bin;C:\Users\KraftWork\AppData\Roaming\Composer\vendor\bin;C:\Program Files\Java\bin;C:\Users\KraftWork\tools;C:\Program Files\MySQL\MySQL Server 8.0\bin;C:\Users\KraftWork\AppData\Local\GitHubDesktop\bin;C:\Users\KraftWork\.dotnet\tools;C:\Users\KraftWork\AppData\Roaming\npm
USERNAME=KraftWork
OS=Windows_NT
PROCESSOR_IDENTIFIER=Intel64 Family 6 Model 142 Stepping 10, GenuineIntel



---------------  S Y S T E M  ---------------

OS:
 Windows 11 , 64 bit Build 22621 (10.0.22621.3958)
OS uptime: 3 days 5:57 hours
Hyper-V role detected

CPU: total 8 (initial active 8) (4 cores per cpu, 2 threads per core) family 6 model 142 stepping 10 microcode 0xea, cx8, cmov, fxsr, ht, mmx, 3dnowpref, sse, sse2, sse3, ssse3, sse4.1, sse4.2, popcnt, lzcnt, tsc, tscinvbit, avx, avx2, aes, erms, clmul, bmi1, bmi2, adx, fma, vzeroupper, clflush, clflushopt, hv

Memory: 4k page, system-wide physical 8070M (444M free)
TotalPageFile size 32646M (AvailPageFile size 112M)
current process WorkingSet (physical memory assigned to process): 11M, peak: 11M
current process commit charge ("private bytes"): 60M, peak: 188M

vm_info: Java HotSpot(TM) 64-Bit Server VM (17.0.9+11-LTS-201) for windows-amd64 JRE (17.0.9+11-LTS-201), built on Oct 10 2023 23:16:06 by "mach5one" with MS VC++ 17.1 (VS2022)

END.
