#
# There is insufficient memory for the Java Runtime Environment to continue.
# Native memory allocation (mmap) failed to map 100663296 bytes for G1 virtual space
# Possible reasons:
#   The system is out of physical RAM or swap space
#   The process is running with CompressedOops enabled, and the Java Heap may be blocking the growth of the native heap
# Possible solutions:
#   Reduce memory load on the system
#   Increase physical memory or swap space
#   Check if swap backing store is full
#   Decrease Java heap size (-Xmx/-Xms)
#   Decrease number of Java threads
#   Decrease Java thread stack sizes (-Xss)
#   Set larger code cache with -XX:ReservedCodeCacheSize=
#   JVM is running with Unscaled Compressed Oops mode in which the Java heap is
#     placed in the first 4GB address space. The Java Heap base address is the
#     maximum limit for the native heap growth. Please use -XX:HeapBaseMinAddress
#     to set the Java Heap base and to place the Java Heap above 4GB virtual address.
# This output file may be truncated or incomplete.
#
#  Out of Memory Error (os_windows.cpp:3552), pid=26012, tid=47140
#
# JRE version: Java(TM) SE Runtime Environment (17.0.9+11) (build 17.0.9+11-LTS-201)
# Java VM: Java HotSpot(TM) 64-Bit Server VM (17.0.9+11-LTS-201, mixed mode, sharing, tiered, compressed oops, compressed class ptrs, g1 gc, windows-amd64)
# No core dump will be written. Minidumps are not enabled by default on client versions of Windows
#

---------------  S U M M A R Y ------------

Command Line: -Dmaven.multiModuleProjectDirectory=C:\Users\KraftWork\Desktop\GitWorkSpace\Project_D\event -Djansi.passthrough=true -Dmaven.home=C:\Users\KraftWork\.m2\wrapper\dists\apache-maven-3.9.7-bin\3k9n615lchs6mp84v355m633uo\apache-maven-3.9.7 -Dclassworlds.conf=C:\Users\KraftWork\.m2\wrapper\dists\apache-maven-3.9.7-bin\3k9n615lchs6mp84v355m633uo\apache-maven-3.9.7\bin\m2.conf -Dmaven.ext.class.path=C:\Program Files\JetBrains\IntelliJ IDEA Community Edition 2024.1.1\plugins\maven\lib\maven-event-listener.jar -javaagent:C:\Program Files\JetBrains\IntelliJ IDEA Community Edition 2024.1.1\lib\idea_rt.jar=62216:C:\Program Files\JetBrains\IntelliJ IDEA Community Edition 2024.1.1\bin -Dfile.encoding=UTF-8 org.codehaus.classworlds.Launcher -Didea.version=2024.1.1 spring-boot:run

Host: Intel(R) Core(TM) i5-8250U CPU @ 1.60GHz, 8 cores, 7G,  Windows 11 , 64 bit Build 22621 (10.0.22621.3958)
Time: Fri Aug 16 16:34:05 2024 Myanmar Standard Time elapsed time: 7.973461 seconds (0d 0h 0m 7s)

---------------  T H R E A D  ---------------

Current thread (0x000001981128cfd0):  VMThread "VM Thread" [stack: 0x000000654f000000,0x000000654f100000] [id=47140]

Stack: [0x000000654f000000,0x000000654f100000]
Native frames: (J=compiled Java code, j=interpreted, Vv=VM code, C=native code)
V  [jvm.dll+0x678a4a]
V  [jvm.dll+0x7d9cfd]
V  [jvm.dll+0x7db60e]
V  [jvm.dll+0x7dbc73]
V  [jvm.dll+0x245e1f]
V  [jvm.dll+0x6758f9]
V  [jvm.dll+0x66a2a2]
V  [jvm.dll+0x303686]
V  [jvm.dll+0x30ac06]
V  [jvm.dll+0x35a48e]
V  [jvm.dll+0x35a6bf]
V  [jvm.dll+0x2da678]
V  [jvm.dll+0x2d8a85]
V  [jvm.dll+0x2d808c]
V  [jvm.dll+0x31b97b]
V  [jvm.dll+0x7e048b]
V  [jvm.dll+0x7e11c4]
V  [jvm.dll+0x7e16dd]
V  [jvm.dll+0x7e1ab4]
V  [jvm.dll+0x7e1b80]
V  [jvm.dll+0x78998a]
V  [jvm.dll+0x677875]
C  [ucrtbase.dll+0x29333]
C  [KERNEL32.DLL+0x1257d]
C  [ntdll.dll+0x5af28]

VM_Operation (0x000000654eaf9790): G1CollectForAllocation, mode: safepoint, requested by thread 0x000001987316e560


---------------  P R O C E S S  ---------------

Threads class SMR info:
_java_thread_list=0x000001985842ef80, length=15, elements={
0x000001987316e560, 0x000001981128ebc0, 0x000001981128f650, 0x00000198112a5150,
0x00000198112a6840, 0x00000198112a9220, 0x00000198112aa410, 0x00000198112aed20,
0x00000198112af3e0, 0x00000198112b1a00, 0x0000019811278130, 0x0000019811611b90,
0x0000019811612070, 0x00000198574e89c0, 0x000001985821eaa0
}

Java Threads: ( => current thread )
  0x000001987316e560 JavaThread "main" [_thread_blocked, id=5164, stack(0x000000654ea00000,0x000000654eb00000)]
  0x000001981128ebc0 JavaThread "Reference Handler" daemon [_thread_blocked, id=57504, stack(0x000000654f100000,0x000000654f200000)]
  0x000001981128f650 JavaThread "Finalizer" daemon [_thread_blocked, id=11976, stack(0x000000654f200000,0x000000654f300000)]
  0x00000198112a5150 JavaThread "Signal Dispatcher" daemon [_thread_blocked, id=54312, stack(0x000000654f300000,0x000000654f400000)]
  0x00000198112a6840 JavaThread "Attach Listener" daemon [_thread_blocked, id=15708, stack(0x000000654f400000,0x000000654f500000)]
  0x00000198112a9220 JavaThread "Service Thread" daemon [_thread_blocked, id=38160, stack(0x000000654f500000,0x000000654f600000)]
  0x00000198112aa410 JavaThread "Monitor Deflation Thread" daemon [_thread_blocked, id=15424, stack(0x000000654f600000,0x000000654f700000)]
  0x00000198112aed20 JavaThread "C2 CompilerThread0" daemon [_thread_blocked, id=54848, stack(0x000000654f700000,0x000000654f800000)]
  0x00000198112af3e0 JavaThread "C1 CompilerThread0" daemon [_thread_blocked, id=46984, stack(0x000000654f800000,0x000000654f900000)]
  0x00000198112b1a00 JavaThread "Sweeper thread" daemon [_thread_blocked, id=25180, stack(0x000000654f900000,0x000000654fa00000)]
  0x0000019811278130 JavaThread "Common-Cleaner" daemon [_thread_blocked, id=31612, stack(0x000000654fa00000,0x000000654fb00000)]
  0x0000019811611b90 JavaThread "Monitor Ctrl-Break" daemon [_thread_in_native, id=3196, stack(0x000000654fb00000,0x000000654fc00000)]
  0x0000019811612070 JavaThread "Notification Thread" daemon [_thread_blocked, id=14340, stack(0x000000654fc00000,0x000000654fd00000)]
  0x00000198574e89c0 JavaThread "C2 CompilerThread1" daemon [_thread_in_native, id=37832, stack(0x000000654fe00000,0x000000654ff00000)]
  0x000001985821eaa0 JavaThread "Thread-1" daemon [_thread_blocked, id=9256, stack(0x0000006550700000,0x0000006550800000)]

Other Threads:
=>0x000001981128cfd0 VMThread "VM Thread" [stack: 0x000000654f000000,0x000000654f100000] [id=47140]
  0x00000198731f07f0 WatcherThread [stack: 0x000000654fd00000,0x000000654fe00000] [id=29740]
  0x00000198731c96c0 GCTaskThread "GC Thread#0" [stack: 0x000000654eb00000,0x000000654ec00000] [id=26520]
  0x0000019857861030 GCTaskThread "GC Thread#1" [stack: 0x000000654ff00000,0x0000006550000000] [id=34836]
  0x00000198116b6990 GCTaskThread "GC Thread#2" [stack: 0x0000006550000000,0x0000006550100000] [id=42840]
  0x000001985720d6f0 GCTaskThread "GC Thread#3" [stack: 0x0000006550100000,0x0000006550200000] [id=61028]
  0x0000019857736180 GCTaskThread "GC Thread#4" [stack: 0x0000006550200000,0x0000006550300000] [id=34132]
  0x000001985781b7c0 GCTaskThread "GC Thread#5" [stack: 0x0000006550300000,0x0000006550400000] [id=60076]
  0x000001985781c4a0 GCTaskThread "GC Thread#6" [stack: 0x0000006550400000,0x0000006550500000] [id=25340]
  0x000001985781db80 GCTaskThread "GC Thread#7" [stack: 0x0000006550500000,0x0000006550600000] [id=35372]
  0x00000198731d6330 ConcurrentGCThread "G1 Main Marker" [stack: 0x000000654ec00000,0x000000654ed00000] [id=40568]
  0x00000198731d6d40 ConcurrentGCThread "G1 Conc#0" [stack: 0x000000654ed00000,0x000000654ee00000] [id=55568]
  0x000001985781d340 ConcurrentGCThread "G1 Conc#1" [stack: 0x0000006550800000,0x0000006550900000] [id=21184]
  0x000001987322e9c0 ConcurrentGCThread "G1 Refine#0" [stack: 0x000000654ee00000,0x000000654ef00000] [id=33036]
  0x0000019811144630 ConcurrentGCThread "G1 Service" [stack: 0x000000654ef00000,0x000000654f000000] [id=30732]

Threads with active compile tasks:
C2 CompilerThread0     8034 6042       4       com.sun.tools.javac.jvm.ClassReader::sigToType (893 bytes)
C2 CompilerThread1     8034 5740   !   4       com.sun.tools.javac.jvm.ClassReader::classSigToType (497 bytes)

VM state: at safepoint (normal execution)

VM Mutex/Monitor currently owned by a thread:  ([mutex/lock_event])
[0x000001987316a420] Threads_lock - owner thread: 0x000001981128cfd0
[0x000001987316ae40] Heap_lock - owner thread: 0x000001987316e560

Heap address: 0x0000000081e00000, size: 2018 MB, Compressed Oops mode: 32-bit

CDS archive(s) mapped at: [0x0000019812000000-0x0000019812bd0000-0x0000019812bd0000), size 12386304, SharedBaseAddress: 0x0000019812000000, ArchiveRelocationMode: 1.
Compressed class space mapped at: 0x0000019813000000-0x0000019853000000, reserved size: 1073741824
Narrow klass base: 0x0000019812000000, Narrow klass shift: 0, Narrow klass range: 0x100000000

GC Precious Log:
 CPUs: 8 total, 8 available
 Memory: 8070M
 Large Page Support: Disabled
 NUMA Support: Disabled
 Compressed Oops: Enabled (32-bit)
 Heap Region Size: 1M
 Heap Min Capacity: 8M
 Heap Initial Capacity: 128M
 Heap Max Capacity: 2018M
 Pre-touch: Disabled
 Parallel Workers: 8
 Concurrent Workers: 2
 Concurrent Refinement Workers: 8
 Periodic GC: Disabled

Heap:
 garbage-first heap   total 131072K, used 46230K [0x0000000081e00000, 0x0000000100000000)
  region size 1024K, 3 young (3072K), 3 survivors (3072K)
 Metaspace       used 28472K, committed 28864K, reserved 1114112K
  class space    used 3277K, committed 3456K, reserved 1048576K

Heap Regions: E=young(eden), S=young(survivor), O=old, HS=humongous(starts), HC=humongous(continues), CS=collection set, F=free, OA=open archive, CA=closed archive, TAMS=top-at-mark-start (previous, next)
|   0|0x0000000081e00000, 0x0000000081f00000, 0x0000000081f00000|100%| O|  |TAMS 0x0000000081f00000, 0x0000000081f00000| Untracked 
|   1|0x0000000081f00000, 0x0000000082000000, 0x0000000082000000|100%| O|  |TAMS 0x0000000082000000, 0x0000000082000000| Untracked 
|   2|0x0000000082000000, 0x0000000082100000, 0x0000000082100000|100%| O|  |TAMS 0x0000000082100000, 0x0000000082100000| Untracked 
|   3|0x0000000082100000, 0x0000000082200000, 0x0000000082200000|100%| O|  |TAMS 0x0000000082200000, 0x0000000082200000| Untracked 
|   4|0x0000000082200000, 0x0000000082300000, 0x0000000082300000|100%|HS|  |TAMS 0x0000000082300000, 0x0000000082300000| Complete 
|   5|0x0000000082300000, 0x0000000082400000, 0x0000000082400000|100%|HC|  |TAMS 0x0000000082400000, 0x0000000082400000| Complete 
|   6|0x0000000082400000, 0x0000000082500000, 0x0000000082500000|100%| O|  |TAMS 0x0000000082400000, 0x0000000082500000| Untracked 
|   7|0x0000000082500000, 0x0000000082600000, 0x0000000082600000|100%| O|  |TAMS 0x0000000082500000, 0x0000000082600000| Untracked 
|   8|0x0000000082600000, 0x0000000082700000, 0x0000000082700000|100%| O|  |TAMS 0x0000000082600000, 0x0000000082700000| Untracked 
|   9|0x0000000082700000, 0x0000000082800000, 0x0000000082800000|100%| O|  |TAMS 0x0000000082700000, 0x0000000082710200| Untracked 
|  10|0x0000000082800000, 0x0000000082900000, 0x0000000082900000|100%|HS|  |TAMS 0x0000000082800000, 0x0000000082900000| Complete 
|  11|0x0000000082900000, 0x0000000082a00000, 0x0000000082a00000|100%|HS|  |TAMS 0x0000000082900000, 0x0000000082a00000| Complete 
|  12|0x0000000082a00000, 0x0000000082b00000, 0x0000000082b00000|100%| O|  |TAMS 0x0000000082a00000, 0x0000000082b00000| Untracked 
|  13|0x0000000082b00000, 0x0000000082c00000, 0x0000000082c00000|100%| O|  |TAMS 0x0000000082b00000, 0x0000000082c00000| Untracked 
|  14|0x0000000082c00000, 0x0000000082d00000, 0x0000000082d00000|100%| O|  |TAMS 0x0000000082c00000, 0x0000000082d00000| Untracked 
|  15|0x0000000082d00000, 0x0000000082e00000, 0x0000000082e00000|100%| O|  |TAMS 0x0000000082d00000, 0x0000000082e00000| Untracked 
|  16|0x0000000082e00000, 0x0000000082f00000, 0x0000000082f00000|100%| O|  |TAMS 0x0000000082e00000, 0x0000000082f00000| Untracked 
|  17|0x0000000082f00000, 0x0000000083000000, 0x0000000083000000|100%| O|  |TAMS 0x0000000082f00000, 0x0000000083000000| Untracked 
|  18|0x0000000083000000, 0x0000000083100000, 0x0000000083100000|100%| O|  |TAMS 0x0000000083000000, 0x0000000083100000| Untracked 
|  19|0x0000000083100000, 0x0000000083200000, 0x0000000083200000|100%| O|  |TAMS 0x0000000083100000, 0x0000000083200000| Untracked 
|  20|0x0000000083200000, 0x0000000083300000, 0x0000000083300000|100%| O|  |TAMS 0x0000000083200000, 0x0000000083300000| Untracked 
|  21|0x0000000083300000, 0x0000000083400000, 0x0000000083400000|100%| O|  |TAMS 0x0000000083300000, 0x0000000083400000| Untracked 
|  22|0x0000000083400000, 0x0000000083500000, 0x0000000083500000|100%| O|  |TAMS 0x0000000083400000, 0x0000000083500000| Untracked 
|  23|0x0000000083500000, 0x0000000083600000, 0x0000000083600000|100%| O|  |TAMS 0x0000000083500000, 0x0000000083600000| Untracked 
|  24|0x0000000083600000, 0x0000000083700000, 0x0000000083700000|100%| O|  |TAMS 0x0000000083600000, 0x0000000083700000| Untracked 
|  25|0x0000000083700000, 0x0000000083800000, 0x0000000083800000|100%| O|  |TAMS 0x0000000083700000, 0x0000000083800000| Untracked 
|  26|0x0000000083800000, 0x0000000083900000, 0x0000000083900000|100%| O|  |TAMS 0x0000000083800000, 0x0000000083900000| Untracked 
|  27|0x0000000083900000, 0x0000000083a00000, 0x0000000083a00000|100%| O|  |TAMS 0x0000000083900000, 0x0000000083a00000| Untracked 
|  28|0x0000000083a00000, 0x0000000083b00000, 0x0000000083b00000|100%| O|  |TAMS 0x0000000083a00000, 0x0000000083b00000| Untracked 
|  29|0x0000000083b00000, 0x0000000083c00000, 0x0000000083c00000|100%| O|  |TAMS 0x0000000083b00000, 0x0000000083b00000| Untracked 
|  30|0x0000000083c00000, 0x0000000083d00000, 0x0000000083d00000|100%| O|  |TAMS 0x0000000083c00000, 0x0000000083c00000| Untracked 
|  31|0x0000000083d00000, 0x0000000083d25a00, 0x0000000083e00000| 14%| O|  |TAMS 0x0000000083d00000, 0x0000000083d00000| Untracked 
|  32|0x0000000083e00000, 0x0000000083e00000, 0x0000000083f00000|  0%| F|  |TAMS 0x0000000083e00000, 0x0000000083e00000| Untracked 
|  33|0x0000000083f00000, 0x0000000083f00000, 0x0000000084000000|  0%| F|  |TAMS 0x0000000083f00000, 0x0000000083f00000| Untracked 
|  34|0x0000000084000000, 0x0000000084000000, 0x0000000084100000|  0%| F|  |TAMS 0x0000000084000000, 0x0000000084000000| Untracked 
|  35|0x0000000084100000, 0x0000000084100000, 0x0000000084200000|  0%| F|  |TAMS 0x0000000084100000, 0x0000000084100000| Untracked 
|  36|0x0000000084200000, 0x0000000084300000, 0x0000000084300000|100%|HS|  |TAMS 0x0000000084300000, 0x0000000084300000| Complete 
|  37|0x0000000084300000, 0x0000000084400000, 0x0000000084400000|100%|HC|  |TAMS 0x0000000084400000, 0x0000000084400000| Complete 
|  38|0x0000000084400000, 0x0000000084500000, 0x0000000084500000|100%| O|  |TAMS 0x0000000084500000, 0x0000000084500000| Untracked 
|  39|0x0000000084500000, 0x0000000084600000, 0x0000000084600000|100%| O|  |TAMS 0x0000000084600000, 0x0000000084600000| Untracked 
|  40|0x0000000084600000, 0x0000000084700000, 0x0000000084700000|100%| O|  |TAMS 0x0000000084700000, 0x0000000084700000| Untracked 
|  41|0x0000000084700000, 0x0000000084800000, 0x0000000084800000|100%| O|  |TAMS 0x0000000084800000, 0x0000000084800000| Untracked 
|  42|0x0000000084800000, 0x0000000084800000, 0x0000000084900000|  0%| F|  |TAMS 0x0000000084800000, 0x0000000084800000| Untracked 
|  43|0x0000000084900000, 0x0000000084900000, 0x0000000084a00000|  0%| F|  |TAMS 0x0000000084900000, 0x0000000084900000| Untracked 
|  44|0x0000000084a00000, 0x0000000084a00000, 0x0000000084b00000|  0%| F|  |TAMS 0x0000000084a00000, 0x0000000084a00000| Untracked 
|  45|0x0000000084b00000, 0x0000000084b00000, 0x0000000084c00000|  0%| F|  |TAMS 0x0000000084b00000, 0x0000000084b00000| Untracked 
|  46|0x0000000084c00000, 0x0000000084c00000, 0x0000000084d00000|  0%| F|  |TAMS 0x0000000084c00000, 0x0000000084c00000| Untracked 
|  47|0x0000000084d00000, 0x0000000084d00000, 0x0000000084e00000|  0%| F|  |TAMS 0x0000000084d00000, 0x0000000084d00000| Untracked 
|  48|0x0000000084e00000, 0x0000000084e00000, 0x0000000084f00000|  0%| F|  |TAMS 0x0000000084e00000, 0x0000000084e00000| Untracked 
|  49|0x0000000084f00000, 0x0000000084f00000, 0x0000000085000000|  0%| F|  |TAMS 0x0000000084f00000, 0x0000000084f00000| Untracked 
|  50|0x0000000085000000, 0x0000000085000000, 0x0000000085100000|  0%| F|  |TAMS 0x0000000085000000, 0x0000000085000000| Untracked 
|  51|0x0000000085100000, 0x0000000085100000, 0x0000000085200000|  0%| F|  |TAMS 0x0000000085100000, 0x0000000085100000| Untracked 
|  52|0x0000000085200000, 0x0000000085300000, 0x0000000085300000|100%| O|  |TAMS 0x0000000085300000, 0x0000000085300000| Untracked 
|  53|0x0000000085300000, 0x0000000085400000, 0x0000000085400000|100%| O|  |TAMS 0x0000000085400000, 0x0000000085400000| Untracked 
|  54|0x0000000085400000, 0x0000000085500000, 0x0000000085500000|100%| O|  |TAMS 0x0000000085500000, 0x0000000085500000| Untracked 
|  55|0x0000000085500000, 0x0000000085600000, 0x0000000085600000|100%| O|  |TAMS 0x0000000085600000, 0x0000000085600000| Untracked 
|  56|0x0000000085600000, 0x0000000085700000, 0x0000000085700000|100%| O|  |TAMS 0x0000000085694200, 0x0000000085700000| Untracked 
|  57|0x0000000085700000, 0x0000000085700000, 0x0000000085800000|  0%| F|  |TAMS 0x0000000085700000, 0x0000000085700000| Untracked 
|  58|0x0000000085800000, 0x0000000085800000, 0x0000000085900000|  0%| F|  |TAMS 0x0000000085800000, 0x0000000085800000| Untracked 
|  59|0x0000000085900000, 0x0000000085900000, 0x0000000085a00000|  0%| F|  |TAMS 0x0000000085900000, 0x0000000085900000| Untracked 
|  60|0x0000000085a00000, 0x0000000085a00000, 0x0000000085b00000|  0%| F|  |TAMS 0x0000000085a00000, 0x0000000085a00000| Untracked 
|  61|0x0000000085b00000, 0x0000000085b00000, 0x0000000085c00000|  0%| F|  |TAMS 0x0000000085b00000, 0x0000000085b00000| Untracked 
|  62|0x0000000085c00000, 0x0000000085c00000, 0x0000000085d00000|  0%| F|  |TAMS 0x0000000085c00000, 0x0000000085c00000| Untracked 
|  63|0x0000000085d00000, 0x0000000085e00000, 0x0000000085e00000|100%| S|CS|TAMS 0x0000000085d00000, 0x0000000085d00000| Complete 
|  64|0x0000000085e00000, 0x0000000085f00000, 0x0000000085f00000|100%| S|CS|TAMS 0x0000000085e00000, 0x0000000085e00000| Complete 
|  65|0x0000000085f00000, 0x0000000085f00000, 0x0000000086000000|  0%| F|  |TAMS 0x0000000085f00000, 0x0000000085f00000| Untracked 
|  66|0x0000000086000000, 0x0000000086000000, 0x0000000086100000|  0%| F|  |TAMS 0x0000000086000000, 0x0000000086000000| Untracked 
|  67|0x0000000086100000, 0x0000000086100000, 0x0000000086200000|  0%| F|  |TAMS 0x0000000086100000, 0x0000000086100000| Untracked 
|  68|0x0000000086200000, 0x0000000086300000, 0x0000000086300000|100%| S|CS|TAMS 0x0000000086200000, 0x0000000086200000| Complete 
|  69|0x0000000086300000, 0x0000000086300000, 0x0000000086400000|  0%| F|  |TAMS 0x0000000086300000, 0x0000000086300000| Untracked 
|  70|0x0000000086400000, 0x0000000086400000, 0x0000000086500000|  0%| F|  |TAMS 0x0000000086400000, 0x0000000086400000| Untracked 
|  71|0x0000000086500000, 0x0000000086500000, 0x0000000086600000|  0%| F|  |TAMS 0x0000000086500000, 0x0000000086500000| Untracked 
|  72|0x0000000086600000, 0x0000000086600000, 0x0000000086700000|  0%| F|  |TAMS 0x0000000086600000, 0x0000000086600000| Untracked 
|  73|0x0000000086700000, 0x0000000086700000, 0x0000000086800000|  0%| F|  |TAMS 0x0000000086700000, 0x0000000086700000| Untracked 
|  74|0x0000000086800000, 0x0000000086800000, 0x0000000086900000|  0%| F|  |TAMS 0x0000000086800000, 0x0000000086800000| Untracked 
|  75|0x0000000086900000, 0x0000000086900000, 0x0000000086a00000|  0%| F|  |TAMS 0x0000000086900000, 0x0000000086900000| Untracked 
|  76|0x0000000086a00000, 0x0000000086a00000, 0x0000000086b00000|  0%| F|  |TAMS 0x0000000086a00000, 0x0000000086a00000| Untracked 
|  77|0x0000000086b00000, 0x0000000086b00000, 0x0000000086c00000|  0%| F|  |TAMS 0x0000000086b00000, 0x0000000086b00000| Untracked 
|  78|0x0000000086c00000, 0x0000000086c00000, 0x0000000086d00000|  0%| F|  |TAMS 0x0000000086c00000, 0x0000000086c00000| Untracked 
|  79|0x0000000086d00000, 0x0000000086d00000, 0x0000000086e00000|  0%| F|  |TAMS 0x0000000086d00000, 0x0000000086d00000| Untracked 
|  80|0x0000000086e00000, 0x0000000086e00000, 0x0000000086f00000|  0%| F|  |TAMS 0x0000000086e00000, 0x0000000086e00000| Untracked 
|  81|0x0000000086f00000, 0x0000000086f00000, 0x0000000087000000|  0%| F|  |TAMS 0x0000000086f00000, 0x0000000086f00000| Untracked 
|  82|0x0000000087000000, 0x0000000087000000, 0x0000000087100000|  0%| F|  |TAMS 0x0000000087000000, 0x0000000087000000| Untracked 
|  83|0x0000000087100000, 0x0000000087100000, 0x0000000087200000|  0%| F|  |TAMS 0x0000000087100000, 0x0000000087100000| Untracked 
|  84|0x0000000087200000, 0x0000000087200000, 0x0000000087300000|  0%| F|  |TAMS 0x0000000087200000, 0x0000000087200000| Untracked 
|  85|0x0000000087300000, 0x0000000087300000, 0x0000000087400000|  0%| F|  |TAMS 0x0000000087300000, 0x0000000087300000| Untracked 
|  86|0x0000000087400000, 0x0000000087400000, 0x0000000087500000|  0%| F|  |TAMS 0x0000000087400000, 0x0000000087400000| Untracked 
|  87|0x0000000087500000, 0x0000000087500000, 0x0000000087600000|  0%| F|  |TAMS 0x0000000087500000, 0x0000000087500000| Untracked 
|  88|0x0000000087600000, 0x0000000087600000, 0x0000000087700000|  0%| F|  |TAMS 0x0000000087600000, 0x0000000087600000| Untracked 
|  89|0x0000000087700000, 0x0000000087700000, 0x0000000087800000|  0%| F|  |TAMS 0x0000000087700000, 0x0000000087700000| Untracked 
|  90|0x0000000087800000, 0x0000000087800000, 0x0000000087900000|  0%| F|  |TAMS 0x0000000087800000, 0x0000000087800000| Untracked 
|  91|0x0000000087900000, 0x0000000087900000, 0x0000000087a00000|  0%| F|  |TAMS 0x0000000087900000, 0x0000000087900000| Untracked 
|  92|0x0000000087a00000, 0x0000000087a00000, 0x0000000087b00000|  0%| F|  |TAMS 0x0000000087a00000, 0x0000000087a00000| Untracked 
|  93|0x0000000087b00000, 0x0000000087b00000, 0x0000000087c00000|  0%| F|  |TAMS 0x0000000087b00000, 0x0000000087b00000| Untracked 
|  94|0x0000000087c00000, 0x0000000087c00000, 0x0000000087d00000|  0%| F|  |TAMS 0x0000000087c00000, 0x0000000087c00000| Untracked 
|  95|0x0000000087d00000, 0x0000000087d00000, 0x0000000087e00000|  0%| F|  |TAMS 0x0000000087d00000, 0x0000000087d00000| Untracked 
|  96|0x0000000087e00000, 0x0000000087e00000, 0x0000000087f00000|  0%| F|  |TAMS 0x0000000087e00000, 0x0000000087e00000| Untracked 
|  97|0x0000000087f00000, 0x0000000087f00000, 0x0000000088000000|  0%| F|  |TAMS 0x0000000087f00000, 0x0000000087f00000| Untracked 
|  98|0x0000000088000000, 0x0000000088000000, 0x0000000088100000|  0%| F|  |TAMS 0x0000000088000000, 0x0000000088000000| Untracked 
|  99|0x0000000088100000, 0x0000000088100000, 0x0000000088200000|  0%| F|  |TAMS 0x0000000088100000, 0x0000000088100000| Untracked 
| 100|0x0000000088200000, 0x0000000088200000, 0x0000000088300000|  0%| F|  |TAMS 0x0000000088200000, 0x0000000088200000| Untracked 
| 101|0x0000000088300000, 0x0000000088300000, 0x0000000088400000|  0%| F|  |TAMS 0x0000000088300000, 0x0000000088300000| Untracked 
| 102|0x0000000088400000, 0x0000000088400000, 0x0000000088500000|  0%| F|  |TAMS 0x0000000088400000, 0x0000000088400000| Untracked 
| 103|0x0000000088500000, 0x0000000088500000, 0x0000000088600000|  0%| F|  |TAMS 0x0000000088500000, 0x0000000088500000| Untracked 
| 104|0x0000000088600000, 0x0000000088600000, 0x0000000088700000|  0%| F|  |TAMS 0x0000000088600000, 0x0000000088600000| Untracked 
| 105|0x0000000088700000, 0x0000000088700000, 0x0000000088800000|  0%| F|  |TAMS 0x0000000088700000, 0x0000000088700000| Untracked 
| 106|0x0000000088800000, 0x0000000088800000, 0x0000000088900000|  0%| F|  |TAMS 0x0000000088800000, 0x0000000088800000| Untracked 
| 107|0x0000000088900000, 0x0000000088900000, 0x0000000088a00000|  0%| F|  |TAMS 0x0000000088900000, 0x0000000088900000| Untracked 
| 108|0x0000000088a00000, 0x0000000088a00000, 0x0000000088b00000|  0%| F|  |TAMS 0x0000000088a00000, 0x0000000088a00000| Untracked 
| 109|0x0000000088b00000, 0x0000000088b00000, 0x0000000088c00000|  0%| F|  |TAMS 0x0000000088b00000, 0x0000000088b00000| Untracked 
| 110|0x0000000088c00000, 0x0000000088c00000, 0x0000000088d00000|  0%| F|  |TAMS 0x0000000088c00000, 0x0000000088c00000| Untracked 
| 111|0x0000000088d00000, 0x0000000088d00000, 0x0000000088e00000|  0%| F|  |TAMS 0x0000000088d00000, 0x0000000088d00000| Untracked 
| 112|0x0000000088e00000, 0x0000000088e00000, 0x0000000088f00000|  0%| F|  |TAMS 0x0000000088e00000, 0x0000000088e00000| Untracked 
| 113|0x0000000088f00000, 0x0000000088f00000, 0x0000000089000000|  0%| F|  |TAMS 0x0000000088f00000, 0x0000000088f00000| Untracked 
| 114|0x0000000089000000, 0x0000000089000000, 0x0000000089100000|  0%| F|  |TAMS 0x0000000089000000, 0x0000000089000000| Untracked 
| 115|0x0000000089100000, 0x0000000089100000, 0x0000000089200000|  0%| F|  |TAMS 0x0000000089100000, 0x0000000089100000| Untracked 
| 116|0x0000000089200000, 0x0000000089200000, 0x0000000089300000|  0%| F|  |TAMS 0x0000000089200000, 0x0000000089200000| Untracked 
| 117|0x0000000089300000, 0x0000000089300000, 0x0000000089400000|  0%| F|  |TAMS 0x0000000089300000, 0x0000000089300000| Untracked 
| 118|0x0000000089400000, 0x0000000089400000, 0x0000000089500000|  0%| F|  |TAMS 0x0000000089400000, 0x0000000089400000| Untracked 
| 119|0x0000000089500000, 0x0000000089500000, 0x0000000089600000|  0%| F|  |TAMS 0x0000000089500000, 0x0000000089500000| Untracked 
| 120|0x0000000089600000, 0x0000000089600000, 0x0000000089700000|  0%| F|  |TAMS 0x0000000089600000, 0x0000000089600000| Untracked 
| 121|0x0000000089700000, 0x0000000089700000, 0x0000000089800000|  0%| F|  |TAMS 0x0000000089700000, 0x0000000089700000| Untracked 
| 122|0x0000000089800000, 0x0000000089800000, 0x0000000089900000|  0%| F|  |TAMS 0x0000000089800000, 0x0000000089800000| Untracked 
| 123|0x0000000089900000, 0x0000000089900000, 0x0000000089a00000|  0%| F|  |TAMS 0x0000000089900000, 0x0000000089900000| Untracked 
| 124|0x0000000089a00000, 0x0000000089a00000, 0x0000000089b00000|  0%| F|  |TAMS 0x0000000089a00000, 0x0000000089a00000| Untracked 
| 125|0x0000000089b00000, 0x0000000089b00000, 0x0000000089c00000|  0%| F|  |TAMS 0x0000000089b00000, 0x0000000089b00000| Untracked 
| 126|0x0000000089c00000, 0x0000000089c00000, 0x0000000089d00000|  0%| F|  |TAMS 0x0000000089c00000, 0x0000000089c00000| Untracked 
| 127|0x0000000089d00000, 0x0000000089d00000, 0x0000000089e00000|  0%| F|  |TAMS 0x0000000089d00000, 0x0000000089d00000| Untracked 

Card table byte_map: [0x000001987b130000,0x000001987b530000] _byte_map_base: 0x000001987ad21000

Marking Bits (Prev, Next): (CMBitMap*) 0x00000198731c9d20, (CMBitMap*) 0x00000198731c9ce0
 Prev Bits: [0x000001987d8c0000, 0x000001987f848000)
 Next Bits: [0x000001987b930000, 0x000001987d8b8000)

Polling page: 0x00000198712d0000

Metaspace:

Usage:
  Non-class:     24.60 MB used.
      Class:      3.20 MB used.
       Both:     27.81 MB used.

Virtual space:
  Non-class space:       64.00 MB reserved,      24.81 MB ( 39%) committed,  1 nodes.
      Class space:        1.00 GB reserved,       3.38 MB ( <1%) committed,  1 nodes.
             Both:        1.06 GB reserved,      28.19 MB (  3%) committed. 

Chunk freelists:
   Non-Class:  6.36 MB
       Class:  12.61 MB
        Both:  18.97 MB

MaxMetaspaceSize: unlimited
CompressedClassSpaceSize: 1.00 GB
Initial GC threshold: 21.00 MB
Current GC threshold: 35.56 MB
CDS: on
MetaspaceReclaimPolicy: balanced
 - commit_granule_bytes: 65536.
 - commit_granule_words: 8192.
 - virtual_space_node_default_size: 8388608.
 - enlarge_chunks_in_place: 1.
 - new_chunks_are_fully_committed: 0.
 - uncommit_free_chunks: 1.
 - use_allocation_guard: 0.
 - handle_deallocations: 1.


Internal statistics:

num_allocs_failed_limit: 3.
num_arena_births: 168.
num_arena_deaths: 0.
num_vsnodes_births: 2.
num_vsnodes_deaths: 0.
num_space_committed: 451.
num_space_uncommitted: 0.
num_chunks_returned_to_freelist: 3.
num_chunks_taken_from_freelist: 1203.
num_chunk_merges: 3.
num_chunk_splits: 840.
num_chunks_enlarged: 648.
num_inconsistent_stats: 0.

CodeHeap 'non-profiled nmethods': size=120000Kb used=2608Kb max_used=3128Kb free=117391Kb
 bounds [0x0000019807ad0000, 0x0000019807de0000, 0x000001980f000000]
CodeHeap 'profiled nmethods': size=120000Kb used=10313Kb max_used=12512Kb free=109686Kb
 bounds [0x0000019800000000, 0x0000019800c40000, 0x0000019807530000]
CodeHeap 'non-nmethods': size=5760Kb used=1208Kb max_used=1285Kb free=4551Kb
 bounds [0x0000019807530000, 0x00000198077a0000, 0x0000019807ad0000]
 total_blobs=5701 nmethods=5193 adapters=420
 compilation: enabled
              stopped_count=0, restarted_count=0
 full_count=0

Compilation events (20 events):
Event: 7.919 Thread 0x00000198112af3e0 6129       3       org.mapstruct.ap.internal.conversion.Conversions$Key::<init> (7 bytes)
Event: 7.919 Thread 0x00000198112af3e0 nmethod 6129 0x0000019800225510 code [0x00000198002256c0, 0x0000019800225938]
Event: 7.920 Thread 0x00000198112af3e0 6131       3       com.sun.tools.javac.jvm.PoolReader::readPool (239 bytes)
Event: 7.922 Thread 0x00000198112af3e0 nmethod 6131 0x0000019800079110 code [0x0000019800079380, 0x000001980007a428]
Event: 7.922 Thread 0x00000198112af3e0 6130       3       org.mapstruct.ap.internal.conversion.Conversions$Key::<init> (15 bytes)
Event: 7.923 Thread 0x00000198112af3e0 nmethod 6130 0x00000198003f4b90 code [0x00000198003f4d40, 0x00000198003f4f58]
Event: 7.926 Thread 0x00000198112af3e0 6132       3       com.sun.tools.javac.code.Type$ClassType::getTypeArguments (5 bytes)
Event: 7.926 Thread 0x00000198112af3e0 nmethod 6132 0x0000019800082310 code [0x00000198000824c0, 0x0000019800082688]
Event: 7.926 Thread 0x00000198112af3e0 6133       3       com.sun.tools.javac.code.Symbol$ClassSymbol::getNestingKind (56 bytes)
Event: 7.928 Thread 0x00000198112af3e0 nmethod 6133 0x00000198002e2e90 code [0x00000198002e30a0, 0x00000198002e3758]
Event: 7.929 Thread 0x00000198112af3e0 6134       3       com.sun.tools.javac.code.DeferredCompletionFailureHandler$FlipSymbolDescription::<init> (36 bytes)
Event: 7.929 Thread 0x00000198112af3e0 nmethod 6134 0x00000198000b5490 code [0x00000198000b5640, 0x00000198000b5958]
Event: 7.931 Thread 0x00000198112af3e0 6135       3       com.sun.tools.javac.jvm.ClassReader::readField (61 bytes)
Event: 7.932 Thread 0x00000198112af3e0 nmethod 6135 0x00000198004d9f90 code [0x00000198004da2a0, 0x00000198004db728]
Event: 7.932 Thread 0x00000198112af3e0 6136       3       com.sun.tools.javac.jvm.ClassReader$3::read (281 bytes)
Event: 7.935 Thread 0x00000198112af3e0 nmethod 6136 0x0000019800385410 code [0x00000198003857e0, 0x0000019800387718]
Event: 7.935 Thread 0x00000198112af3e0 6138       3       jdk.internal.jimage.ImageReader$SharedImageReader::visitLocation (73 bytes)
Event: 7.936 Thread 0x00000198112af3e0 nmethod 6138 0x0000019800352110 code [0x00000198003523a0, 0x0000019800353158]
Event: 7.946 Thread 0x00000198112af3e0 6139       3       com.sun.tools.javac.code.Type$JCVoidType::getTag (4 bytes)
Event: 7.946 Thread 0x00000198112af3e0 nmethod 6139 0x000001980015c510 code [0x000001980015c6a0, 0x000001980015c7b8]

GC Heap History (17 events):
Event: 0.855 GC heap before
{Heap before GC invocations=0 (full 0):
 garbage-first heap   total 131072K, used 22528K [0x0000000081e00000, 0x0000000100000000)
  region size 1024K, 23 young (23552K), 0 survivors (0K)
 Metaspace       used 5714K, committed 5888K, reserved 1114112K
  class space    used 669K, committed 768K, reserved 1048576K
}
Event: 0.861 GC heap after
{Heap after GC invocations=1 (full 0):
 garbage-first heap   total 131072K, used 3656K [0x0000000081e00000, 0x0000000100000000)
  region size 1024K, 3 young (3072K), 3 survivors (3072K)
 Metaspace       used 5714K, committed 5888K, reserved 1114112K
  class space    used 669K, committed 768K, reserved 1048576K
}
Event: 1.601 GC heap before
{Heap before GC invocations=1 (full 0):
 garbage-first heap   total 131072K, used 35400K [0x0000000081e00000, 0x0000000100000000)
  region size 1024K, 34 young (34816K), 3 survivors (3072K)
 Metaspace       used 9140K, committed 9280K, reserved 1114112K
  class space    used 1075K, committed 1152K, reserved 1048576K
}
Event: 1.608 GC heap after
{Heap after GC invocations=2 (full 0):
 garbage-first heap   total 131072K, used 5195K [0x0000000081e00000, 0x0000000100000000)
  region size 1024K, 2 young (2048K), 2 survivors (2048K)
 Metaspace       used 9140K, committed 9280K, reserved 1114112K
  class space    used 1075K, committed 1152K, reserved 1048576K
}
Event: 3.876 GC heap before
{Heap before GC invocations=2 (full 0):
 garbage-first heap   total 131072K, used 80971K [0x0000000081e00000, 0x0000000100000000)
  region size 1024K, 76 young (77824K), 2 survivors (2048K)
 Metaspace       used 16237K, committed 16448K, reserved 1114112K
  class space    used 1918K, committed 1984K, reserved 1048576K
}
Event: 3.896 GC heap after
{Heap after GC invocations=3 (full 0):
 garbage-first heap   total 131072K, used 13883K [0x0000000081e00000, 0x0000000100000000)
  region size 1024K, 10 young (10240K), 10 survivors (10240K)
 Metaspace       used 16237K, committed 16448K, reserved 1114112K
  class space    used 1918K, committed 1984K, reserved 1048576K
}
Event: 6.030 GC heap before
{Heap before GC invocations=3 (full 0):
 garbage-first heap   total 131072K, used 113211K [0x0000000081e00000, 0x0000000100000000)
  region size 1024K, 74 young (75776K), 10 survivors (10240K)
 Metaspace       used 20390K, committed 20608K, reserved 1114112K
  class space    used 2351K, committed 2432K, reserved 1048576K
}
Event: 6.052 GC heap after
{Heap after GC invocations=4 (full 0):
 garbage-first heap   total 131072K, used 22096K [0x0000000081e00000, 0x0000000100000000)
  region size 1024K, 7 young (7168K), 7 survivors (7168K)
 Metaspace       used 20390K, committed 20608K, reserved 1114112K
  class space    used 2351K, committed 2432K, reserved 1048576K
}
Event: 6.175 GC heap before
{Heap before GC invocations=4 (full 0):
 garbage-first heap   total 131072K, used 28240K [0x0000000081e00000, 0x0000000100000000)
  region size 1024K, 12 young (12288K), 7 survivors (7168K)
 Metaspace       used 21269K, committed 21504K, reserved 1114112K
  class space    used 2495K, committed 2624K, reserved 1048576K
}
Event: 6.185 GC heap after
{Heap after GC invocations=5 (full 0):
 garbage-first heap   total 131072K, used 24456K [0x0000000081e00000, 0x0000000100000000)
  region size 1024K, 4 young (4096K), 4 survivors (4096K)
 Metaspace       used 21269K, committed 21504K, reserved 1114112K
  class space    used 2495K, committed 2624K, reserved 1048576K
}
Event: 7.185 GC heap before
{Heap before GC invocations=6 (full 0):
 garbage-first heap   total 89088K, used 62344K [0x0000000081e00000, 0x0000000100000000)
  region size 1024K, 40 young (40960K), 4 survivors (4096K)
 Metaspace       used 26095K, committed 26432K, reserved 1114112K
  class space    used 3027K, committed 3200K, reserved 1048576K
}
Event: 7.207 GC heap after
{Heap after GC invocations=7 (full 0):
 garbage-first heap   total 89088K, used 39794K [0x0000000081e00000, 0x0000000100000000)
  region size 1024K, 6 young (6144K), 6 survivors (6144K)
 Metaspace       used 26095K, committed 26432K, reserved 1114112K
  class space    used 3027K, committed 3200K, reserved 1048576K
}
Event: 7.211 GC heap before
{Heap before GC invocations=7 (full 0):
 garbage-first heap   total 89088K, used 40818K [0x0000000081e00000, 0x0000000100000000)
  region size 1024K, 7 young (7168K), 6 survivors (6144K)
 Metaspace       used 26095K, committed 26432K, reserved 1114112K
  class space    used 3027K, committed 3200K, reserved 1048576K
}
Event: 7.224 GC heap after
{Heap after GC invocations=8 (full 0):
 garbage-first heap   total 89088K, used 40801K [0x0000000081e00000, 0x0000000100000000)
  region size 1024K, 1 young (1024K), 1 survivors (1024K)
 Metaspace       used 26095K, committed 26432K, reserved 1114112K
  class space    used 3027K, committed 3200K, reserved 1048576K
}
Event: 7.600 GC heap before
{Heap before GC invocations=8 (full 0):
 garbage-first heap   total 89088K, used 59233K [0x0000000081e00000, 0x0000000100000000)
  region size 1024K, 19 young (19456K), 1 survivors (1024K)
 Metaspace       used 27191K, committed 27456K, reserved 1114112K
  class space    used 3128K, committed 3264K, reserved 1048576K
}
Event: 7.610 GC heap after
{Heap after GC invocations=9 (full 0):
 garbage-first heap   total 89088K, used 43072K [0x0000000081e00000, 0x0000000100000000)
  region size 1024K, 3 young (3072K), 3 survivors (3072K)
 Metaspace       used 27191K, committed 27456K, reserved 1114112K
  class space    used 3128K, committed 3264K, reserved 1048576K
}
Event: 7.954 GC heap before
{Heap before GC invocations=9 (full 0):
 garbage-first heap   total 89088K, used 61504K [0x0000000081e00000, 0x0000000100000000)
  region size 1024K, 21 young (21504K), 3 survivors (3072K)
 Metaspace       used 28472K, committed 28864K, reserved 1114112K
  class space    used 3277K, committed 3456K, reserved 1048576K
}

Deoptimization events (20 events):
Event: 7.566 Thread 0x000001987316e560 DEOPT PACKING pc=0x0000019807dc3a58 sp=0x000000654eafb180
Event: 7.566 Thread 0x000001987316e560 DEOPT UNPACKING pc=0x00000198075823a3 sp=0x000000654eafb108 mode 2
Event: 7.637 Thread 0x000001987316e560 DEOPT PACKING pc=0x0000019800889f10 sp=0x000000654eafa320
Event: 7.637 Thread 0x000001987316e560 DEOPT UNPACKING pc=0x0000019807582b43 sp=0x000000654eaf9838 mode 0
Event: 7.666 Thread 0x000001987316e560 DEOPT PACKING pc=0x0000019800ba3bdc sp=0x000000654eafc210
Event: 7.666 Thread 0x000001987316e560 DEOPT UNPACKING pc=0x0000019807582b43 sp=0x000000654eafb5d0 mode 0
Event: 7.746 Thread 0x000001987316e560 Uncommon trap: trap_request=0xffffffbe fr.pc=0x0000019807bd7fd0 relative=0x0000000000001f70
Event: 7.746 Thread 0x000001987316e560 Uncommon trap: reason=profile_predicate action=maybe_recompile pc=0x0000019807bd7fd0 method=java.util.TimSort.binarySort([Ljava/lang/Object;IIILjava/util/Comparator;)V @ 34 c2
Event: 7.746 Thread 0x000001987316e560 DEOPT PACKING pc=0x0000019807bd7fd0 sp=0x000000654eafc970
Event: 7.746 Thread 0x000001987316e560 DEOPT UNPACKING pc=0x00000198075823a3 sp=0x000000654eafc950 mode 2
Event: 7.776 Thread 0x000001987316e560 DEOPT PACKING pc=0x0000019800889f10 sp=0x000000654eafb980
Event: 7.776 Thread 0x000001987316e560 DEOPT UNPACKING pc=0x0000019807582b43 sp=0x000000654eafae98 mode 0
Event: 7.842 Thread 0x000001987316e560 Uncommon trap: trap_request=0xffffff45 fr.pc=0x0000019807dd484c relative=0x00000000000008ac
Event: 7.842 Thread 0x000001987316e560 Uncommon trap: reason=unstable_if action=reinterpret pc=0x0000019807dd484c method=java.util.regex.Pattern.atom()Ljava/util/regex/Pattern$Node; @ 14 c2
Event: 7.842 Thread 0x000001987316e560 DEOPT PACKING pc=0x0000019807dd484c sp=0x000000654eafb990
Event: 7.842 Thread 0x000001987316e560 DEOPT UNPACKING pc=0x00000198075823a3 sp=0x000000654eafb948 mode 2
Event: 7.874 Thread 0x000001987316e560 DEOPT PACKING pc=0x0000019800889f10 sp=0x000000654eafbb70
Event: 7.874 Thread 0x000001987316e560 DEOPT UNPACKING pc=0x0000019807582b43 sp=0x000000654eafb088 mode 0
Event: 7.919 Thread 0x000001987316e560 DEOPT PACKING pc=0x0000019800b8c530 sp=0x000000654eafb990
Event: 7.919 Thread 0x000001987316e560 DEOPT UNPACKING pc=0x0000019807582b43 sp=0x000000654eafae70 mode 0

Classes unloaded (0 events):
No events

Classes redefined (0 events):
No events

Internal exceptions (20 events):
Event: 7.611 Thread 0x000001987316e560 Exception <a 'sun/nio/fs/WindowsException'{0x0000000089d05aa8}> (0x0000000089d05aa8) 
thrown [s\open\src\hotspot\share\prims\jni.cpp, line 516]
Event: 7.611 Thread 0x000001987316e560 Exception <a 'sun/nio/fs/WindowsException'{0x0000000089d05e08}> (0x0000000089d05e08) 
thrown [s\open\src\hotspot\share\prims\jni.cpp, line 516]
Event: 7.612 Thread 0x000001987316e560 Exception <a 'sun/nio/fs/WindowsException'{0x0000000089d07328}> (0x0000000089d07328) 
thrown [s\open\src\hotspot\share\prims\jni.cpp, line 516]
Event: 7.612 Thread 0x000001987316e560 Exception <a 'sun/nio/fs/WindowsException'{0x0000000089d07718}> (0x0000000089d07718) 
thrown [s\open\src\hotspot\share\prims\jni.cpp, line 516]
Event: 7.895 Thread 0x000001987316e560 Exception <a 'sun/nio/fs/WindowsException'{0x00000000867b3438}> (0x00000000867b3438) 
thrown [s\open\src\hotspot\share\prims\jni.cpp, line 516]
Event: 7.895 Thread 0x000001987316e560 Exception <a 'sun/nio/fs/WindowsException'{0x00000000867b3748}> (0x00000000867b3748) 
thrown [s\open\src\hotspot\share\prims\jni.cpp, line 516]
Event: 7.895 Thread 0x000001987316e560 Exception <a 'sun/nio/fs/WindowsException'{0x00000000867b5078}> (0x00000000867b5078) 
thrown [s\open\src\hotspot\share\prims\jni.cpp, line 516]
Event: 7.895 Thread 0x000001987316e560 Exception <a 'sun/nio/fs/WindowsException'{0x00000000867b5338}> (0x00000000867b5338) 
thrown [s\open\src\hotspot\share\prims\jni.cpp, line 516]
Event: 7.895 Thread 0x000001987316e560 Exception <a 'sun/nio/fs/WindowsException'{0x00000000867b70f8}> (0x00000000867b70f8) 
thrown [s\open\src\hotspot\share\prims\jni.cpp, line 516]
Event: 7.895 Thread 0x000001987316e560 Exception <a 'sun/nio/fs/WindowsException'{0x00000000867b73f8}> (0x00000000867b73f8) 
thrown [s\open\src\hotspot\share\prims\jni.cpp, line 516]
Event: 7.895 Thread 0x000001987316e560 Exception <a 'sun/nio/fs/WindowsException'{0x00000000867b8e08}> (0x00000000867b8e08) 
thrown [s\open\src\hotspot\share\prims\jni.cpp, line 516]
Event: 7.895 Thread 0x000001987316e560 Exception <a 'sun/nio/fs/WindowsException'{0x00000000867b9198}> (0x00000000867b9198) 
thrown [s\open\src\hotspot\share\prims\jni.cpp, line 516]
Event: 7.896 Thread 0x000001987316e560 Exception <a 'sun/nio/fs/WindowsException'{0x00000000867bb748}> (0x00000000867bb748) 
thrown [s\open\src\hotspot\share\prims\jni.cpp, line 516]
Event: 7.896 Thread 0x000001987316e560 Exception <a 'sun/nio/fs/WindowsException'{0x00000000867bba78}> (0x00000000867bba78) 
thrown [s\open\src\hotspot\share\prims\jni.cpp, line 516]
Event: 7.896 Thread 0x000001987316e560 Exception <a 'sun/nio/fs/WindowsException'{0x00000000867bce68}> (0x00000000867bce68) 
thrown [s\open\src\hotspot\share\prims\jni.cpp, line 516]
Event: 7.896 Thread 0x000001987316e560 Exception <a 'sun/nio/fs/WindowsException'{0x00000000867bd148}> (0x00000000867bd148) 
thrown [s\open\src\hotspot\share\prims\jni.cpp, line 516]
Event: 7.896 Thread 0x000001987316e560 Exception <a 'sun/nio/fs/WindowsException'{0x00000000867be758}> (0x00000000867be758) 
thrown [s\open\src\hotspot\share\prims\jni.cpp, line 516]
Event: 7.896 Thread 0x000001987316e560 Exception <a 'sun/nio/fs/WindowsException'{0x00000000867bea80}> (0x00000000867bea80) 
thrown [s\open\src\hotspot\share\prims\jni.cpp, line 516]
Event: 7.896 Thread 0x000001987316e560 Exception <a 'sun/nio/fs/WindowsException'{0x00000000867bff58}> (0x00000000867bff58) 
thrown [s\open\src\hotspot\share\prims\jni.cpp, line 516]
Event: 7.896 Thread 0x000001987316e560 Exception <a 'sun/nio/fs/WindowsException'{0x00000000867c0308}> (0x00000000867c0308) 
thrown [s\open\src\hotspot\share\prims\jni.cpp, line 516]

VM Operations (20 events):
Event: 7.224 Executing VM operation: G1CollectForAllocation done
Event: 7.244 Executing VM operation: HandshakeAllThreads
Event: 7.244 Executing VM operation: HandshakeAllThreads done
Event: 7.472 Executing VM operation: ICBufferFull
Event: 7.473 Executing VM operation: ICBufferFull done
Event: 7.491 Executing VM operation: HandshakeAllThreads
Event: 7.491 Executing VM operation: HandshakeAllThreads done
Event: 7.600 Executing VM operation: G1CollectForAllocation
Event: 7.610 Executing VM operation: G1CollectForAllocation done
Event: 7.666 Executing VM operation: HandshakeAllThreads
Event: 7.666 Executing VM operation: HandshakeAllThreads done
Event: 7.768 Executing VM operation: HandshakeAllThreads
Event: 7.768 Executing VM operation: HandshakeAllThreads done
Event: 7.793 Executing VM operation: HandshakeAllThreads
Event: 7.793 Executing VM operation: HandshakeAllThreads done
Event: 7.810 Executing VM operation: HandshakeAllThreads
Event: 7.810 Executing VM operation: HandshakeAllThreads done
Event: 7.880 Executing VM operation: ICBufferFull
Event: 7.880 Executing VM operation: ICBufferFull done
Event: 7.953 Executing VM operation: G1CollectForAllocation

Events (20 events):
Event: 7.824 Thread 0x00000198112b1a00 flushing nmethod 0x0000019800b7ab10
Event: 7.824 Thread 0x00000198112b1a00 flushing nmethod 0x0000019800b7b490
Event: 7.824 Thread 0x00000198112b1a00 flushing nmethod 0x0000019800b7c910
Event: 7.824 Thread 0x00000198112b1a00 flushing nmethod 0x0000019800b7ee90
Event: 7.824 Thread 0x00000198112b1a00 flushing nmethod 0x0000019800b8a510
Event: 7.824 Thread 0x00000198112b1a00 flushing nmethod 0x0000019800b8ac10
Event: 7.824 Thread 0x00000198112b1a00 flushing nmethod 0x0000019800ba2790
Event: 7.824 Thread 0x00000198112b1a00 flushing nmethod 0x0000019800ba3710
Event: 7.824 Thread 0x00000198112b1a00 flushing nmethod 0x0000019800ba4b90
Event: 7.824 Thread 0x00000198112b1a00 flushing nmethod 0x0000019800bb4590
Event: 7.824 Thread 0x00000198112b1a00 flushing nmethod 0x0000019800bb7d10
Event: 7.825 Thread 0x00000198112b1a00 flushing nmethod 0x0000019800be5f10
Event: 7.896 loading class java/time/ZonedDateTime
Event: 7.897 loading class java/time/chrono/ChronoZonedDateTime
Event: 7.897 loading class java/time/chrono/ChronoZonedDateTime done
Event: 7.897 loading class java/time/ZonedDateTime done
Event: 7.929 loading class java/util/Currency
Event: 7.929 loading class java/util/Currency done
Event: 7.931 loading class java/util/UUID
Event: 7.931 loading class java/util/UUID done


Dynamic libraries:
0x00007ff644630000 - 0x00007ff644640000 	C:\Users\KraftWork\Desktop\jdk-17.0.9\bin\java.exe
0x00007ffeef830000 - 0x00007ffeefa47000 	C:\WINDOWS\SYSTEM32\ntdll.dll
0x00007ffeef070000 - 0x00007ffeef134000 	C:\WINDOWS\System32\KERNEL32.DLL
0x00007ffeecb50000 - 0x00007ffeecefd000 	C:\WINDOWS\System32\KERNELBASE.dll
0x00007ffeed1e0000 - 0x00007ffeed2f1000 	C:\WINDOWS\System32\ucrtbase.dll
0x00007ffeb6d80000 - 0x00007ffeb6d99000 	C:\Users\KraftWork\Desktop\jdk-17.0.9\bin\jli.dll
0x00007ffeb6d30000 - 0x00007ffeb6d4b000 	C:\Users\KraftWork\Desktop\jdk-17.0.9\bin\VCRUNTIME140.dll
0x00007ffeef490000 - 0x00007ffeef542000 	C:\WINDOWS\System32\ADVAPI32.dll
0x00007ffeedc90000 - 0x00007ffeedd37000 	C:\WINDOWS\System32\msvcrt.dll
0x00007ffeedab0000 - 0x00007ffeedb59000 	C:\WINDOWS\System32\sechost.dll
0x00007ffeecf00000 - 0x00007ffeecf28000 	C:\WINDOWS\System32\bcrypt.dll
0x00007ffeef550000 - 0x00007ffeef664000 	C:\WINDOWS\System32\RPCRT4.dll
0x00007ffeedf00000 - 0x00007ffeee0ae000 	C:\WINDOWS\System32\USER32.dll
0x00007ffeed300000 - 0x00007ffeed326000 	C:\WINDOWS\System32\win32u.dll
0x00007ffeef400000 - 0x00007ffeef429000 	C:\WINDOWS\System32\GDI32.dll
0x00007ffed61b0000 - 0x00007ffed6443000 	C:\WINDOWS\WinSxS\amd64_microsoft.windows.common-controls_6595b64144ccf1df_6.0.22621.3672_none_2713b9d173822955\COMCTL32.dll
0x00007ffeed330000 - 0x00007ffeed449000 	C:\WINDOWS\System32\gdi32full.dll
0x00007ffeed4c0000 - 0x00007ffeed55a000 	C:\WINDOWS\System32\msvcp_win.dll
0x00007ffeec690000 - 0x00007ffeec69a000 	C:\WINDOWS\SYSTEM32\VERSION.dll
0x00007ffeeda60000 - 0x00007ffeeda91000 	C:\WINDOWS\System32\IMM32.DLL
0x000000005f850000 - 0x000000005f85c000 	C:\Program Files (x86)\360\Total Security\safemon\SafeWrapper.dll
0x00007ffeb6d70000 - 0x00007ffeb6d7c000 	C:\Users\KraftWork\Desktop\jdk-17.0.9\bin\vcruntime140_1.dll
0x00007ffeaec10000 - 0x00007ffeaec9e000 	C:\Users\KraftWork\Desktop\jdk-17.0.9\bin\msvcp140.dll
0x00007ffe65a60000 - 0x00007ffe66641000 	C:\Users\KraftWork\Desktop\jdk-17.0.9\bin\server\jvm.dll
0x00007ffeedaa0000 - 0x00007ffeedaa8000 	C:\WINDOWS\System32\PSAPI.DLL
0x00007ffee8f20000 - 0x00007ffee8f29000 	C:\WINDOWS\SYSTEM32\WSOCK32.dll
0x00007ffee63f0000 - 0x00007ffee6424000 	C:\WINDOWS\SYSTEM32\WINMM.dll
0x00007ffeef770000 - 0x00007ffeef7e1000 	C:\WINDOWS\System32\WS2_32.dll
0x00007ffeebad0000 - 0x00007ffeebae8000 	C:\WINDOWS\SYSTEM32\kernel.appcore.dll
0x00007ffeb6d10000 - 0x00007ffeb6d1a000 	C:\Users\KraftWork\Desktop\jdk-17.0.9\bin\jimage.dll
0x00007ffee0090000 - 0x00007ffee02c2000 	C:\WINDOWS\SYSTEM32\DBGHELP.DLL
0x00007ffeee0b0000 - 0x00007ffeee43d000 	C:\WINDOWS\System32\combase.dll
0x00007ffeeed20000 - 0x00007ffeeedf7000 	C:\WINDOWS\System32\OLEAUT32.dll
0x00007ffed29c0000 - 0x00007ffed29f2000 	C:\WINDOWS\SYSTEM32\dbgcore.DLL
0x00007ffeecff0000 - 0x00007ffeed06b000 	C:\WINDOWS\System32\bcryptPrimitives.dll
0x00007ffeb6d00000 - 0x00007ffeb6d0e000 	C:\Users\KraftWork\Desktop\jdk-17.0.9\bin\instrument.dll
0x00007ffeaea70000 - 0x00007ffeaea95000 	C:\Users\KraftWork\Desktop\jdk-17.0.9\bin\java.dll
0x00007ffe98ae0000 - 0x00007ffe98bb7000 	C:\Users\KraftWork\Desktop\jdk-17.0.9\bin\jsvml.dll
0x00007ffeee440000 - 0x00007ffeeeca7000 	C:\WINDOWS\System32\SHELL32.dll
0x00007ffeea9e0000 - 0x00007ffeeb2de000 	C:\WINDOWS\SYSTEM32\windows.storage.dll
0x00007ffeea8a0000 - 0x00007ffeea9df000 	C:\WINDOWS\SYSTEM32\wintypes.dll
0x00007ffeef670000 - 0x00007ffeef769000 	C:\WINDOWS\System32\SHCORE.dll
0x00007ffeedb80000 - 0x00007ffeedbde000 	C:\WINDOWS\System32\shlwapi.dll
0x00007ffeeca80000 - 0x00007ffeecaa1000 	C:\WINDOWS\SYSTEM32\profapi.dll
0x00007ffeaebf0000 - 0x00007ffeaec08000 	C:\Users\KraftWork\Desktop\jdk-17.0.9\bin\zip.dll
0x00007ffe9d4c0000 - 0x00007ffe9d4d9000 	C:\Users\KraftWork\Desktop\jdk-17.0.9\bin\net.dll
0x00007ffeea540000 - 0x00007ffeea676000 	C:\WINDOWS\SYSTEM32\WINHTTP.dll
0x00007ffeebf30000 - 0x00007ffeebf99000 	C:\WINDOWS\system32\mswsock.dll
0x00007ffe9d3f0000 - 0x00007ffe9d406000 	C:\Users\KraftWork\Desktop\jdk-17.0.9\bin\nio.dll
0x00007ffe9d330000 - 0x00007ffe9d34a000 	C:\Program Files\JetBrains\IntelliJ IDEA Community Edition 2024.1.1\bin\breakgen64.dll
0x00007ffe98c90000 - 0x00007ffe98cb4000 	C:\Users\KraftWork\AppData\Local\Temp\jansi-2.4.1-c4065f1242c2a0bd-jansi.dll
0x00007ffeb6cf0000 - 0x00007ffeb6d00000 	C:\Users\KraftWork\Desktop\jdk-17.0.9\bin\verify.dll

dbghelp: loaded successfully - version: 4.0.5 - missing functions: none
symbol engine: initialized successfully - sym options: 0x614 - pdb path: .;C:\Users\KraftWork\Desktop\jdk-17.0.9\bin;C:\WINDOWS\SYSTEM32;C:\WINDOWS\WinSxS\amd64_microsoft.windows.common-controls_6595b64144ccf1df_6.0.22621.3672_none_2713b9d173822955;C:\Program Files (x86)\360\Total Security\safemon;C:\Users\KraftWork\Desktop\jdk-17.0.9\bin\server;C:\Program Files\JetBrains\IntelliJ IDEA Community Edition 2024.1.1\bin;C:\Users\KraftWork\AppData\Local\Temp

VM Arguments:
jvm_args: -Dmaven.multiModuleProjectDirectory=C:\Users\KraftWork\Desktop\GitWorkSpace\Project_D\event -Djansi.passthrough=true -Dmaven.home=C:\Users\KraftWork\.m2\wrapper\dists\apache-maven-3.9.7-bin\3k9n615lchs6mp84v355m633uo\apache-maven-3.9.7 -Dclassworlds.conf=C:\Users\KraftWork\.m2\wrapper\dists\apache-maven-3.9.7-bin\3k9n615lchs6mp84v355m633uo\apache-maven-3.9.7\bin\m2.conf -Dmaven.ext.class.path=C:\Program Files\JetBrains\IntelliJ IDEA Community Edition 2024.1.1\plugins\maven\lib\maven-event-listener.jar -javaagent:C:\Program Files\JetBrains\IntelliJ IDEA Community Edition 2024.1.1\lib\idea_rt.jar=62216:C:\Program Files\JetBrains\IntelliJ IDEA Community Edition 2024.1.1\bin -Dfile.encoding=UTF-8 
java_command: org.codehaus.classworlds.Launcher -Didea.version=2024.1.1 spring-boot:run
java_class_path (initial): C:\Users\KraftWork\.m2\wrapper\dists\apache-maven-3.9.7-bin\3k9n615lchs6mp84v355m633uo\apache-maven-3.9.7\boot\plexus-classworlds-2.8.0.jar;C:\Users\KraftWork\.m2\wrapper\dists\apache-maven-3.9.7-bin\3k9n615lchs6mp84v355m633uo\apache-maven-3.9.7\boot\plexus-classworlds.license
Launcher Type: SUN_STANDARD

[Global flags]
     intx CICompilerCount                          = 4                                         {product} {ergonomic}
     uint ConcGCThreads                            = 2                                         {product} {ergonomic}
     uint G1ConcRefinementThreads                  = 8                                         {product} {ergonomic}
   size_t G1HeapRegionSize                         = 1048576                                   {product} {ergonomic}
    uintx GCDrainStackTargetSize                   = 64                                        {product} {ergonomic}
   size_t InitialHeapSize                          = 134217728                                 {product} {ergonomic}
   size_t MarkStackSize                            = 4194304                                   {product} {ergonomic}
   size_t MaxHeapSize                              = 2116026368                                {product} {ergonomic}
   size_t MaxNewSize                               = 1268776960                                {product} {ergonomic}
   size_t MinHeapDeltaBytes                        = 1048576                                   {product} {ergonomic}
   size_t MinHeapSize                              = 8388608                                   {product} {ergonomic}
    uintx NonNMethodCodeHeapSize                   = 5839372                                {pd product} {ergonomic}
    uintx NonProfiledCodeHeapSize                  = 122909434                              {pd product} {ergonomic}
    uintx ProfiledCodeHeapSize                     = 122909434                              {pd product} {ergonomic}
    uintx ReservedCodeCacheSize                    = 251658240                              {pd product} {ergonomic}
     bool SegmentedCodeCache                       = true                                      {product} {ergonomic}
   size_t SoftMaxHeapSize                          = 2116026368                             {manageable} {ergonomic}
     bool UseCompressedClassPointers               = true                           {product lp64_product} {ergonomic}
     bool UseCompressedOops                        = true                           {product lp64_product} {ergonomic}
     bool UseG1GC                                  = true                                      {product} {ergonomic}
     bool UseLargePagesIndividualAllocation        = false                                  {pd product} {ergonomic}

Logging:
Log output configuration:
 #0: stdout all=warning uptime,level,tags
 #1: stderr all=off uptime,level,tags

Environment Variables:
PATH=C:\WINDOWS\system32;C:\WINDOWS;C:\WINDOWS\System32\Wbem;C:\WINDOWS\System32\WindowsPowerShell\v1.0\;C:\WINDOWS\System32\OpenSSH\;C:\Users\KraftWork\xampp;C:\Users\KraftWork\xampp\htdocs;C:\xampp;C:\xampp\php;C:\ProgramData\ComposerSetup\bin;C:\Users\KraftWork\Desktop\apache-maven-3.9.4;C:\Users\KraftWork\Desktop\jdk-17.0.9\bin;C:\Program Files\Cloudflare\Cloudflare WARP\;C:\Program Files\Microsoft SQL Server\Client SDK\ODBC\170\Tools\Binn\;C:\Program Files\dotnet\;C:\Program Files (x86)\Microsoft SQL Server\160\DTS\Binn\;C:\Users\KraftWork\Downloads\apache-maven-3.9.8-bin\apache-maven-3.9.8\lib;C:\Program Files\nodejs\;C:\Program Files\GitAdmin\cmd;C:\Users\KraftWork\Downloads\go1.22.6.windows-amd64\go\bin;C:\Users\KraftWork\Documents\ffmpeg\ffmpeg-7.0.2-essentials_build\bin;C:\Program Files\OpenSSL-Win64\bin;C:\xampp\php;C:\Users\KraftWork\AppData\Local\Microsoft\WindowsApps;C:\Users\KraftWork\AppData\Local\Programs\Microsoft VS Code\bin;C:\Users\KraftWork\xampp\phpMyAdmin\vendor\composer;C:\Users\KraftWork\Downloads\unzip-5.51-1-bin;C:\ProgramData\Microsoft\Windows\Start Menu\Programs\Node.js;C:\Users\KraftWork\AppData\Local\Programs\Git\cmd;C:\Users\KraftWork\xampp\htdocs;C:\Users\KraftWork\AppData\Local\ComposerSetup\bin;C:\Users\KraftWork\AppData\Roaming\Composer\vendor\bin;C:\Program Files\Java\bin;C:\Users\KraftWork\tools;C:\Program Files\MySQL\MySQL Server 8.0\bin;C:\Users\KraftWork\AppData\Local\GitHubDesktop\bin;C:\Users\KraftWork\.dotnet\tools;C:\Users\KraftWork\AppData\Roaming\npm
USERNAME=KraftWork
OS=Windows_NT
PROCESSOR_IDENTIFIER=Intel64 Family 6 Model 142 Stepping 10, GenuineIntel



---------------  S Y S T E M  ---------------

OS:
 Windows 11 , 64 bit Build 22621 (10.0.22621.3958)
OS uptime: 3 days 5:55 hours
Hyper-V role detected

CPU: total 8 (initial active 8) (4 cores per cpu, 2 threads per core) family 6 model 142 stepping 10 microcode 0xea, cx8, cmov, fxsr, ht, mmx, 3dnowpref, sse, sse2, sse3, ssse3, sse4.1, sse4.2, popcnt, lzcnt, tsc, tscinvbit, avx, avx2, aes, erms, clmul, bmi1, bmi2, adx, fma, vzeroupper, clflush, clflushopt, hv

Memory: 4k page, system-wide physical 8070M (561M free)
TotalPageFile size 32646M (AvailPageFile size 74M)
current process WorkingSet (physical memory assigned to process): 226M, peak: 237M
current process commit charge ("private bytes"): 301M, peak: 401M

vm_info: Java HotSpot(TM) 64-Bit Server VM (17.0.9+11-LTS-201) for windows-amd64 JRE (17.0.9+11-LTS-201), built on Oct 10 2023 23:16:06 by "mach5one" with MS VC++ 17.1 (VS2022)

END.
